L 01/22/2016 - 14:08:34: SourceMod error session started
L 01/22/2016 - 14:08:34: Info (map "ctf_2fort") (file "errors_20160122.log")
L 01/22/2016 - 14:08:34: [admin-flatfile.smx] Error(s) detected parsing addons/sourcemod/configs/admins.cfg
L 01/22/2016 - 14:08:34: [admin-flatfile.smx]  (line 63) Unknown group ""
L 01/22/2016 - 14:23:18: Error log file session closed.
L 01/22/2016 - 14:23:26: SourceMod error session started
L 01/22/2016 - 14:23:26: Info (map "ctf_2fort") (file "errors_20160122.log")
L 01/22/2016 - 14:23:26: [admin-flatfile.smx] Error(s) detected parsing addons/sourcemod/configs/admins.cfg
L 01/22/2016 - 14:23:26: [admin-flatfile.smx]  (line 63) Unknown group ""
L 01/22/2016 - 14:23:33: [backpack-tf.smx] No API key set. Fill in your API key and reload the plugin.
L 01/22/2016 - 14:24:50: Error log file session closed.
L 01/22/2016 - 14:24:58: SourceMod error session started
L 01/22/2016 - 14:24:58: Info (map "ctf_2fort") (file "errors_20160122.log")
L 01/22/2016 - 14:24:58: [admin-flatfile.smx] Error(s) detected parsing addons/sourcemod/configs/admins.cfg
L 01/22/2016 - 14:24:58: [admin-flatfile.smx]  (line 63) Unknown group ""
L 01/22/2016 - 14:28:42: Error log file session closed.
L 01/22/2016 - 14:28:50: SourceMod error session started
L 01/22/2016 - 14:28:50: Info (map "ctf_2fort") (file "errors_20160122.log")
L 01/22/2016 - 14:28:50: [admin-flatfile.smx] Error(s) detected parsing addons/sourcemod/configs/admins.cfg
L 01/22/2016 - 14:28:50: [admin-flatfile.smx]  (line 63) Unknown group ""
L 01/22/2016 - 14:39:44: Error log file session closed.
L 01/22/2016 - 14:39:45: SourceMod error session started
L 01/22/2016 - 14:39:45: Info (map "pl_upward") (file "errors_20160122.log")
L 01/22/2016 - 14:39:45: [admin-flatfile.smx] Error(s) detected parsing addons/sourcemod/configs/admins.cfg
L 01/22/2016 - 14:39:45: [admin-flatfile.smx]  (line 63) Unknown group ""
L 01/22/2016 - 14:53:09: Error log file session closed.
L 01/22/2016 - 14:53:09: SourceMod error session started
L 01/22/2016 - 14:53:09: Info (map "cp_badlands") (file "errors_20160122.log")
L 01/22/2016 - 14:53:09: [admin-flatfile.smx] Error(s) detected parsing addons/sourcemod/configs/admins.cfg
L 01/22/2016 - 14:53:09: [admin-flatfile.smx]  (line 63) Unknown group ""
L 01/22/2016 - 15:56:48: Error log file session closed.
L 01/22/2016 - 15:56:48: SourceMod error session started
L 01/22/2016 - 15:56:48: Info (map "koth_viaduct") (file "errors_20160122.log")
L 01/22/2016 - 15:56:48: [admin-flatfile.smx] Error(s) detected parsing addons/sourcemod/configs/admins.cfg
L 01/22/2016 - 15:56:48: [admin-flatfile.smx]  (line 63) Unknown group ""
L 01/22/2016 - 16:21:09: Error log file session closed.
L 01/22/2016 - 16:21:17: SourceMod error session started
L 01/22/2016 - 16:21:17: Info (map "ctf_2fort") (file "errors_20160122.log")
L 01/22/2016 - 16:21:17: [admin-flatfile.smx] Error(s) detected parsing addons/sourcemod/configs/admins.cfg
L 01/22/2016 - 16:21:17: [admin-flatfile.smx]  (line 63) Unknown group ""
L 01/22/2016 - 16:38:02: Error log file session closed.
L 01/22/2016 - 16:57:24: SourceMod error session started
L 01/22/2016 - 16:57:24: Info (map "ctf_2fort") (file "errors_20160122.log")
L 01/22/2016 - 16:57:24: [admin-flatfile.smx] Error(s) detected parsing addons/sourcemod/configs/admins.cfg
L 01/22/2016 - 16:57:24: [admin-flatfile.smx]  (line 63) Unknown group ""
L 01/22/2016 - 16:57:52: [backpack-tf.smx] backpack.tf API failed: Unable to connect to server or server returned no data
L 01/22/2016 - 17:03:24: Error log file session closed.
L 01/22/2016 - 17:03:32: SourceMod error session started
L 01/22/2016 - 17:03:32: Info (map "ctf_2fort") (file "errors_20160122.log")
L 01/22/2016 - 17:03:32: [admin-flatfile.smx] Error(s) detected parsing addons/sourcemod/configs/admins.cfg
L 01/22/2016 - 17:03:32: [admin-flatfile.smx]  (line 63) Unknown group ""
L 01/22/2016 - 17:13:40: Error log file session closed.
L 01/22/2016 - 17:13:40: SourceMod error session started
L 01/22/2016 - 17:13:40: Info (map "ctf_well") (file "errors_20160122.log")
L 01/22/2016 - 17:13:40: [admin-flatfile.smx] Error(s) detected parsing addons/sourcemod/configs/admins.cfg
L 01/22/2016 - 17:13:40: [admin-flatfile.smx]  (line 63) Unknown group ""
L 01/22/2016 - 18:10:27: Error log file session closed.
L 01/22/2016 - 18:10:27: SourceMod error session started
L 01/22/2016 - 18:10:27: Info (map "koth_suijin") (file "errors_20160122.log")
L 01/22/2016 - 18:10:27: [admin-flatfile.smx] Error(s) detected parsing addons/sourcemod/configs/admins.cfg
L 01/22/2016 - 18:10:27: [admin-flatfile.smx]  (line 63) Unknown group ""
L 01/22/2016 - 18:13:39: [admin-flatfile.smx] Error(s) detected parsing addons/sourcemod/configs/admins.cfg
L 01/22/2016 - 18:13:39: [admin-flatfile.smx]  (line 63) Unknown group ""
L 01/22/2016 - 18:18:51: [admin-flatfile.smx] Error(s) detected parsing addons/sourcemod/configs/admins.cfg
L 01/22/2016 - 18:18:51: [admin-flatfile.smx]  (line 63) Unknown group ""
L 01/22/2016 - 18:22:56: [admin-flatfile.smx] Error(s) detected parsing addons/sourcemod/configs/admins.cfg
L 01/22/2016 - 18:22:56: [admin-flatfile.smx]  (line 63) Unknown group ""
L 01/22/2016 - 18:41:58: [admin-flatfile.smx] Error(s) detected parsing addons/sourcemod/configs/admins.cfg
L 01/22/2016 - 18:41:58: [admin-flatfile.smx]  (line 63) Unknown group ""
L 01/22/2016 - 19:10:58: [admin-flatfile.smx] Error(s) detected parsing addons/sourcemod/configs/admins.cfg
L 01/22/2016 - 19:10:58: [admin-flatfile.smx]  (line 63) Unknown group ""
L 01/22/2016 - 19:36:47: [admin-flatfile.smx] Error(s) detected parsing addons/sourcemod/configs/admins.cfg
L 01/22/2016 - 19:36:47: [admin-flatfile.smx]  (line 63) Unknown group ""
L 01/22/2016 - 19:38:03: [admin-flatfile.smx] Error(s) detected parsing addons/sourcemod/configs/admins.cfg
L 01/22/2016 - 19:38:03: [admin-flatfile.smx]  (line 63) Unknown group ""
L 01/22/2016 - 19:50:16: [admin-flatfile.smx] Error(s) detected parsing addons/sourcemod/configs/admins.cfg
L 01/22/2016 - 19:50:16: [admin-flatfile.smx]  (line 63) Unknown group ""
L 01/22/2016 - 19:51:21: [admin-flatfile.smx] Error(s) detected parsing addons/sourcemod/configs/admins.cfg
L 01/22/2016 - 19:51:21: [admin-flatfile.smx]  (line 63) Unknown group ""
L 01/22/2016 - 19:53:04: [admin-flatfile.smx] Error(s) detected parsing addons/sourcemod/configs/admins.cfg
L 01/22/2016 - 19:53:04: [admin-flatfile.smx]  (line 63) Unknown group ""
L 01/22/2016 - 19:55:22: [admin-flatfile.smx] Error(s) detected parsing addons/sourcemod/configs/admins.cfg
L 01/22/2016 - 19:55:22: [admin-flatfile.smx]  (line 63) Unknown group ""
L 01/22/2016 - 19:55:57: [admin-flatfile.smx] Error(s) detected parsing addons/sourcemod/configs/admins.cfg
L 01/22/2016 - 19:55:57: [admin-flatfile.smx]  (line 63) Unknown group ""
L 01/22/2016 - 19:56:06: Error log file session closed.
L 01/22/2016 - 19:56:06: SourceMod error session started
L 01/22/2016 - 19:56:06: Info (map "pl_borneo") (file "errors_20160122.log")
L 01/22/2016 - 19:56:06: [admin-flatfile.smx] Error(s) detected parsing addons/sourcemod/configs/admins.cfg
L 01/22/2016 - 19:56:06: [admin-flatfile.smx]  (line 63) Unknown group ""
L 01/22/2016 - 19:59:21: [admin-flatfile.smx] Error(s) detected parsing addons/sourcemod/configs/admins.cfg
L 01/22/2016 - 19:59:21: [admin-flatfile.smx]  (line 63) Unknown group ""
L 01/22/2016 - 20:11:25: [admin-flatfile.smx] Error(s) detected parsing addons/sourcemod/configs/admins.cfg
L 01/22/2016 - 20:11:25: [admin-flatfile.smx]  (line 63) Unknown group ""
L 01/22/2016 - 20:18:15: Error log file session closed.
L 01/22/2016 - 20:18:15: SourceMod error session started
L 01/22/2016 - 20:18:15: Info (map "plr_hightower") (file "errors_20160122.log")
L 01/22/2016 - 20:18:15: [admin-flatfile.smx] Error(s) detected parsing addons/sourcemod/configs/admins.cfg
L 01/22/2016 - 20:18:15: [admin-flatfile.smx]  (line 63) Unknown group ""
L 01/22/2016 - 20:19:22: [admin-flatfile.smx] Error(s) detected parsing addons/sourcemod/configs/admins.cfg
L 01/22/2016 - 20:19:22: [admin-flatfile.smx]  (line 63) Unknown group ""
L 01/22/2016 - 20:33:48: [SM] Plugin encountered error 25: Call was aborted
L 01/22/2016 - 20:33:48: [SM] Native "ThrowError" reported: Entity index 57 is not an object
L 01/22/2016 - 20:33:48: [SM] Displaying call stack trace for plugin "buildinghats.smx":
L 01/22/2016 - 20:33:48: [SM]   [0]  Line 540, /groups/sourcemod/compiler-1.6/include/tf2_stocks.inc::TF2_GetObjectType()
L 01/22/2016 - 20:33:48: [SM]   [1]  Line 496, /home/forums/content/files/1/8/1/7/3/0/148425.attach::Timer_ReHat()
L 01/22/2016 - 21:04:54: Error log file session closed.
L 01/22/2016 - 21:04:54: SourceMod error session started
L 01/22/2016 - 21:04:54: Info (map "cp_cloak") (file "errors_20160122.log")
L 01/22/2016 - 21:04:54: [admin-flatfile.smx] Error(s) detected parsing addons/sourcemod/configs/admins.cfg
L 01/22/2016 - 21:04:54: [admin-flatfile.smx]  (line 63) Unknown group ""
L 01/22/2016 - 21:07:07: Error log file session closed.
L 01/22/2016 - 21:07:07: SourceMod error session started
L 01/22/2016 - 21:07:07: Info (map "itemtest") (file "errors_20160122.log")
L 01/22/2016 - 21:07:07: [admin-flatfile.smx] Error(s) detected parsing addons/sourcemod/configs/admins.cfg
L 01/22/2016 - 21:07:07: [admin-flatfile.smx]  (line 63) Unknown group ""
L 01/22/2016 - 21:09:45: Error log file session closed.
L 01/22/2016 - 21:09:45: SourceMod error session started
L 01/22/2016 - 21:09:45: Info (map "cp_degrootkeep") (file "errors_20160122.log")
L 01/22/2016 - 21:09:45: [admin-flatfile.smx] Error(s) detected parsing addons/sourcemod/configs/admins.cfg
L 01/22/2016 - 21:09:45: [admin-flatfile.smx]  (line 63) Unknown group ""
L 01/22/2016 - 21:21:52: [SM] Plugin encountered error 25: Call was aborted
L 01/22/2016 - 21:21:52: [SM] Native "SetFailState" reported: no such table: tf2idb_item
L 01/22/2016 - 21:21:52: [SM] Displaying call stack trace for plugin "tf2idb.smx":
L 01/22/2016 - 21:21:52: [SM]   [0]  Line 66, tf2idb.sp::OnPluginStart()
L 01/22/2016 - 21:22:08: [SM] Native "TF2IDB_GetItemSlot" reported: Plugin owning this native is currently paused.
L 01/22/2016 - 21:22:08: [SM] Displaying call stack trace for plugin "unusual.smx":
L 01/22/2016 - 21:22:08: [SM]   [0]  Line 520, C:\Servers\Steam\steamapps\common\Team Fortress 2 Dedicated Server\tf\addons\sourcemod\scripting\unusual.sp::TF2Items_OnGiveNamedItem()
L 01/22/2016 - 21:22:16: [SM] Native "TF2IDB_GetItemName" reported: Plugin owning this native is currently paused.
L 01/22/2016 - 21:22:16: [SM] Displaying call stack trace for plugin "unusual.smx":
L 01/22/2016 - 21:22:16: [SM]   [0]  Line 1011, C:\Servers\Steam\steamapps\common\Team Fortress 2 Dedicated Server\tf\addons\sourcemod\scripting\unusual.sp::QualityMenu()
L 01/22/2016 - 21:22:16: [SM]   [1]  Line 814, C:\Servers\Steam\steamapps\common\Team Fortress 2 Dedicated Server\tf\addons\sourcemod\scripting\unusual.sp::Menu1_1()
L 01/22/2016 - 21:22:45: Error log file session closed.
L 01/22/2016 - 21:22:45: SourceMod error session started
L 01/22/2016 - 21:22:45: Info (map "pl_upward") (file "errors_20160122.log")
L 01/22/2016 - 21:22:45: [SM] Plugin encountered error 25: Call was aborted
L 01/22/2016 - 21:22:45: [SM] Native "SetFailState" reported: no such table: tf2idb_item
L 01/22/2016 - 21:22:45: [SM] Displaying call stack trace for plugin "tf2idb.smx":
L 01/22/2016 - 21:22:45: [SM]   [0]  Line 66, tf2idb.sp::OnPluginStart()
L 01/22/2016 - 21:22:45: [admin-flatfile.smx] Error(s) detected parsing addons/sourcemod/configs/admins.cfg
L 01/22/2016 - 21:22:45: [admin-flatfile.smx]  (line 63) Unknown group ""
L 01/22/2016 - 21:24:31: Error log file session closed.
L 01/22/2016 - 21:24:40: SourceMod error session started
L 01/22/2016 - 21:24:40: Info (map "ctf_2fort") (file "errors_20160122.log")
L 01/22/2016 - 21:24:40: [SM] Plugin encountered error 25: Call was aborted
L 01/22/2016 - 21:24:40: [SM] Native "SetFailState" reported: no such table: tf2idb_item
L 01/22/2016 - 21:24:40: [SM] Displaying call stack trace for plugin "tf2idb.smx":
L 01/22/2016 - 21:24:40: [SM]   [0]  Line 66, tf2idb.sp::OnPluginStart()
L 01/22/2016 - 21:24:40: [admin-flatfile.smx] Error(s) detected parsing addons/sourcemod/configs/admins.cfg
L 01/22/2016 - 21:24:40: [admin-flatfile.smx]  (line 63) Unknown group ""
L 01/22/2016 - 21:25:00: [SM] Native "TF2IDB_GetItemSlot" reported: Plugin owning this native is currently paused.
L 01/22/2016 - 21:25:00: [SM] Displaying call stack trace for plugin "unusual.smx":
L 01/22/2016 - 21:25:00: [SM]   [0]  Line 520, C:\Servers\Steam\steamapps\common\Team Fortress 2 Dedicated Server\tf\addons\sourcemod\scripting\unusual.sp::TF2Items_OnGiveNamedItem()
L 01/22/2016 - 21:25:00: [SM] Native "TF2IDB_GetItemSlot" reported: Plugin owning this native is currently paused.
L 01/22/2016 - 21:25:00: [SM] Displaying call stack trace for plugin "unusual.smx":
L 01/22/2016 - 21:25:00: [SM]   [0]  Line 520, C:\Servers\Steam\steamapps\common\Team Fortress 2 Dedicated Server\tf\addons\sourcemod\scripting\unusual.sp::TF2Items_OnGiveNamedItem()
L 01/22/2016 - 21:25:00: [SM] Native "TF2IDB_GetItemSlot" reported: Plugin owning this native is currently paused.
L 01/22/2016 - 21:25:00: [SM] Displaying call stack trace for plugin "unusual.smx":
L 01/22/2016 - 21:25:00: [SM]   [0]  Line 520, C:\Servers\Steam\steamapps\common\Team Fortress 2 Dedicated Server\tf\addons\sourcemod\scripting\unusual.sp::TF2Items_OnGiveNamedItem()
L 01/22/2016 - 21:25:04: [SM] Native "TF2IDB_GetItemName" reported: Plugin owning this native is currently paused.
L 01/22/2016 - 21:25:04: [SM] Displaying call stack trace for plugin "unusual.smx":
L 01/22/2016 - 21:25:04: [SM]   [0]  Line 1011, C:\Servers\Steam\steamapps\common\Team Fortress 2 Dedicated Server\tf\addons\sourcemod\scripting\unusual.sp::QualityMenu()
L 01/22/2016 - 21:25:04: [SM]   [1]  Line 814, C:\Servers\Steam\steamapps\common\Team Fortress 2 Dedicated Server\tf\addons\sourcemod\scripting\unusual.sp::Menu1_1()
L 01/22/2016 - 21:25:24: [SM] Native "TF2IDB_GetItemName" reported: Plugin owning this native is currently paused.
L 01/22/2016 - 21:25:24: [SM] Displaying call stack trace for plugin "unusual.smx":
L 01/22/2016 - 21:25:24: [SM]   [0]  Line 1011, C:\Servers\Steam\steamapps\common\Team Fortress 2 Dedicated Server\tf\addons\sourcemod\scripting\unusual.sp::QualityMenu()
L 01/22/2016 - 21:25:24: [SM]   [1]  Line 814, C:\Servers\Steam\steamapps\common\Team Fortress 2 Dedicated Server\tf\addons\sourcemod\scripting\unusual.sp::Menu1_1()
L 01/22/2016 - 21:26:39: [SM] Native "TF2IDB_GetItemName" reported: Plugin owning this native is currently paused.
L 01/22/2016 - 21:26:39: [SM] Displaying call stack trace for plugin "unusual.smx":
L 01/22/2016 - 21:26:39: [SM]   [0]  Line 1011, C:\Servers\Steam\steamapps\common\Team Fortress 2 Dedicated Server\tf\addons\sourcemod\scripting\unusual.sp::QualityMenu()
L 01/22/2016 - 21:26:39: [SM]   [1]  Line 814, C:\Servers\Steam\steamapps\common\Team Fortress 2 Dedicated Server\tf\addons\sourcemod\scripting\unusual.sp::Menu1_1()
L 01/22/2016 - 21:28:42: [SM] Native "TF2IDB_GetItemSlot" reported: Plugin owning this native is currently paused.
L 01/22/2016 - 21:28:42: [SM] Displaying call stack trace for plugin "unusual.smx":
L 01/22/2016 - 21:28:42: [SM]   [0]  Line 520, C:\Servers\Steam\steamapps\common\Team Fortress 2 Dedicated Server\tf\addons\sourcemod\scripting\unusual.sp::TF2Items_OnGiveNamedItem()
L 01/22/2016 - 21:28:42: [SM] Native "TF2IDB_GetItemSlot" reported: Plugin owning this native is currently paused.
L 01/22/2016 - 21:28:42: [SM] Displaying call stack trace for plugin "unusual.smx":
L 01/22/2016 - 21:28:42: [SM]   [0]  Line 520, C:\Servers\Steam\steamapps\common\Team Fortress 2 Dedicated Server\tf\addons\sourcemod\scripting\unusual.sp::TF2Items_OnGiveNamedItem()
L 01/22/2016 - 21:28:42: [SM] Native "TF2IDB_GetItemSlot" reported: Plugin owning this native is currently paused.
L 01/22/2016 - 21:28:42: [SM] Displaying call stack trace for plugin "unusual.smx":
L 01/22/2016 - 21:28:42: [SM]   [0]  Line 520, C:\Servers\Steam\steamapps\common\Team Fortress 2 Dedicated Server\tf\addons\sourcemod\scripting\unusual.sp::TF2Items_OnGiveNamedItem()
L 01/22/2016 - 21:28:42: [SM] Native "TF2IDB_GetItemSlot" reported: Plugin owning this native is currently paused.
L 01/22/2016 - 21:28:42: [SM] Displaying call stack trace for plugin "unusual.smx":
L 01/22/2016 - 21:28:42: [SM]   [0]  Line 520, C:\Servers\Steam\steamapps\common\Team Fortress 2 Dedicated Server\tf\addons\sourcemod\scripting\unusual.sp::TF2Items_OnGiveNamedItem()
L 01/22/2016 - 21:28:42: [SM] Native "TF2IDB_GetItemSlot" reported: Plugin owning this native is currently paused.
L 01/22/2016 - 21:28:42: [SM] Displaying call stack trace for plugin "unusual.smx":
L 01/22/2016 - 21:28:42: [SM]   [0]  Line 520, C:\Servers\Steam\steamapps\common\Team Fortress 2 Dedicated Server\tf\addons\sourcemod\scripting\unusual.sp::TF2Items_OnGiveNamedItem()
L 01/22/2016 - 21:28:42: [SM] Native "TF2IDB_GetItemSlot" reported: Plugin owning this native is currently paused.
L 01/22/2016 - 21:28:42: [SM] Displaying call stack trace for plugin "unusual.smx":
L 01/22/2016 - 21:28:42: [SM]   [0]  Line 520, C:\Servers\Steam\steamapps\common\Team Fortress 2 Dedicated Server\tf\addons\sourcemod\scripting\unusual.sp::TF2Items_OnGiveNamedItem()
L 01/22/2016 - 21:28:52: Error log file session closed.
L 01/22/2016 - 21:28:52: SourceMod error session started
L 01/22/2016 - 21:28:52: Info (map "koth_king") (file "errors_20160122.log")
L 01/22/2016 - 21:28:52: [SM] Plugin encountered error 25: Call was aborted
L 01/22/2016 - 21:28:52: [SM] Native "SetFailState" reported: no such table: tf2idb_item
L 01/22/2016 - 21:28:52: [SM] Displaying call stack trace for plugin "tf2idb.smx":
L 01/22/2016 - 21:28:52: [SM]   [0]  Line 66, tf2idb.sp::OnPluginStart()
L 01/22/2016 - 21:28:52: [admin-flatfile.smx] Error(s) detected parsing addons/sourcemod/configs/admins.cfg
L 01/22/2016 - 21:28:52: [admin-flatfile.smx]  (line 63) Unknown group ""
L 01/22/2016 - 21:29:34: [SM] Plugin encountered error 25: Call was aborted
L 01/22/2016 - 21:29:34: [SM] Native "SetFailState" reported: no such table: tf2idb_item
L 01/22/2016 - 21:29:34: [SM] Displaying call stack trace for plugin "tf2idb.smx":
L 01/22/2016 - 21:29:34: [SM]   [0]  Line 66, tf2idb.sp::OnPluginStart()
L 01/22/2016 - 21:29:37: [SM] Native "TF2IDB_GetItemSlot" reported: Plugin owning this native is currently paused.
L 01/22/2016 - 21:29:37: [SM] Displaying call stack trace for plugin "unusual.smx":
L 01/22/2016 - 21:29:37: [SM]   [0]  Line 520, C:\Servers\Steam\steamapps\common\Team Fortress 2 Dedicated Server\tf\addons\sourcemod\scripting\unusual.sp::TF2Items_OnGiveNamedItem()
L 01/22/2016 - 21:29:37: [SM] Native "TF2IDB_GetItemSlot" reported: Plugin owning this native is currently paused.
L 01/22/2016 - 21:29:37: [SM] Displaying call stack trace for plugin "unusual.smx":
L 01/22/2016 - 21:29:37: [SM]   [0]  Line 520, C:\Servers\Steam\steamapps\common\Team Fortress 2 Dedicated Server\tf\addons\sourcemod\scripting\unusual.sp::TF2Items_OnGiveNamedItem()
L 01/22/2016 - 21:29:37: [SM] Native "TF2IDB_GetItemSlot" reported: Plugin owning this native is currently paused.
L 01/22/2016 - 21:29:37: [SM] Displaying call stack trace for plugin "unusual.smx":
L 01/22/2016 - 21:29:37: [SM]   [0]  Line 520, C:\Servers\Steam\steamapps\common\Team Fortress 2 Dedicated Server\tf\addons\sourcemod\scripting\unusual.sp::TF2Items_OnGiveNamedItem()
L 01/22/2016 - 21:29:37: [SM] Native "TF2IDB_GetItemSlot" reported: Plugin owning this native is currently paused.
L 01/22/2016 - 21:29:37: [SM] Displaying call stack trace for plugin "unusual.smx":
L 01/22/2016 - 21:29:37: [SM]   [0]  Line 520, C:\Servers\Steam\steamapps\common\Team Fortress 2 Dedicated Server\tf\addons\sourcemod\scripting\unusual.sp::TF2Items_OnGiveNamedItem()
L 01/22/2016 - 21:29:37: [SM] Native "TF2IDB_GetItemSlot" reported: Plugin owning this native is currently paused.
L 01/22/2016 - 21:29:37: [SM] Displaying call stack trace for plugin "unusual.smx":
L 01/22/2016 - 21:29:37: [SM]   [0]  Line 520, C:\Servers\Steam\steamapps\common\Team Fortress 2 Dedicated Server\tf\addons\sourcemod\scripting\unusual.sp::TF2Items_OnGiveNamedItem()
L 01/22/2016 - 21:29:37: [SM] Native "TF2IDB_GetItemSlot" reported: Plugin owning this native is currently paused.
L 01/22/2016 - 21:29:37: [SM] Displaying call stack trace for plugin "unusual.smx":
L 01/22/2016 - 21:29:37: [SM]   [0]  Line 520, C:\Servers\Steam\steamapps\common\Team Fortress 2 Dedicated Server\tf\addons\sourcemod\scripting\unusual.sp::TF2Items_OnGiveNamedItem()
L 01/22/2016 - 21:29:42: [SM] Native "TF2IDB_GetItemName" reported: Plugin owning this native is currently paused.
L 01/22/2016 - 21:29:42: [SM] Displaying call stack trace for plugin "unusual.smx":
L 01/22/2016 - 21:29:42: [SM]   [0]  Line 1011, C:\Servers\Steam\steamapps\common\Team Fortress 2 Dedicated Server\tf\addons\sourcemod\scripting\unusual.sp::QualityMenu()
L 01/22/2016 - 21:29:42: [SM]   [1]  Line 814, C:\Servers\Steam\steamapps\common\Team Fortress 2 Dedicated Server\tf\addons\sourcemod\scripting\unusual.sp::Menu1_1()
L 01/22/2016 - 21:29:45: [SM] Native "TF2IDB_GetItemSlot" reported: Plugin owning this native is currently paused.
L 01/22/2016 - 21:29:45: [SM] Displaying call stack trace for plugin "unusual.smx":
L 01/22/2016 - 21:29:45: [SM]   [0]  Line 520, C:\Servers\Steam\steamapps\common\Team Fortress 2 Dedicated Server\tf\addons\sourcemod\scripting\unusual.sp::TF2Items_OnGiveNamedItem()
L 01/22/2016 - 21:29:45: [SM] Native "TF2IDB_GetItemSlot" reported: Plugin owning this native is currently paused.
L 01/22/2016 - 21:29:45: [SM] Displaying call stack trace for plugin "unusual.smx":
L 01/22/2016 - 21:29:45: [SM]   [0]  Line 520, C:\Servers\Steam\steamapps\common\Team Fortress 2 Dedicated Server\tf\addons\sourcemod\scripting\unusual.sp::TF2Items_OnGiveNamedItem()
L 01/22/2016 - 21:29:45: [SM] Native "TF2IDB_GetItemSlot" reported: Plugin owning this native is currently paused.
L 01/22/2016 - 21:29:45: [SM] Displaying call stack trace for plugin "unusual.smx":
L 01/22/2016 - 21:29:45: [SM]   [0]  Line 520, C:\Servers\Steam\steamapps\common\Team Fortress 2 Dedicated Server\tf\addons\sourcemod\scripting\unusual.sp::TF2Items_OnGiveNamedItem()
L 01/22/2016 - 21:30:10: [SM] Native "TF2IDB_GetItemName" reported: Plugin owning this native is currently paused.
L 01/22/2016 - 21:30:10: [SM] Displaying call stack trace for plugin "unusual.smx":
L 01/22/2016 - 21:30:10: [SM]   [0]  Line 1011, C:\Servers\Steam\steamapps\common\Team Fortress 2 Dedicated Server\tf\addons\sourcemod\scripting\unusual.sp::QualityMenu()
L 01/22/2016 - 21:30:10: [SM]   [1]  Line 814, C:\Servers\Steam\steamapps\common\Team Fortress 2 Dedicated Server\tf\addons\sourcemod\scripting\unusual.sp::Menu1_1()
L 01/22/2016 - 21:30:13: [SM] Native "TF2IDB_GetItemSlot" reported: Plugin owning this native is currently paused.
L 01/22/2016 - 21:30:13: [SM] Displaying call stack trace for plugin "unusual.smx":
L 01/22/2016 - 21:30:13: [SM]   [0]  Line 520, C:\Servers\Steam\steamapps\common\Team Fortress 2 Dedicated Server\tf\addons\sourcemod\scripting\unusual.sp::TF2Items_OnGiveNamedItem()
L 01/22/2016 - 21:30:13: [SM] Native "TF2IDB_GetItemSlot" reported: Plugin owning this native is currently paused.
L 01/22/2016 - 21:30:13: [SM] Displaying call stack trace for plugin "unusual.smx":
L 01/22/2016 - 21:30:13: [SM]   [0]  Line 520, C:\Servers\Steam\steamapps\common\Team Fortress 2 Dedicated Server\tf\addons\sourcemod\scripting\unusual.sp::TF2Items_OnGiveNamedItem()
L 01/22/2016 - 21:30:13: [SM] Native "TF2IDB_GetItemSlot" reported: Plugin owning this native is currently paused.
L 01/22/2016 - 21:30:13: [SM] Displaying call stack trace for plugin "unusual.smx":
L 01/22/2016 - 21:30:13: [SM]   [0]  Line 520, C:\Servers\Steam\steamapps\common\Team Fortress 2 Dedicated Server\tf\addons\sourcemod\scripting\unusual.sp::TF2Items_OnGiveNamedItem()
L 01/22/2016 - 21:30:52: [SM] Plugin encountered error 21: Native is not bound
L 01/22/2016 - 21:30:52: [SM] Native "ClientHasFeature" reported: 
L 01/22/2016 - 21:30:52: [SM] Displaying call stack trace for plugin "PlayerTrails.smx":
L 01/22/2016 - 21:30:52: [SM]   [0]  Line 330, PlayerTrails.sp::Menu_PlayerTrails()
L 01/22/2016 - 21:30:52: [SM]   [1]  Line 296, PlayerTrails.sp::Command_Trails()
L 01/22/2016 - 21:31:52: [SM] Plugin encountered error 25: Call was aborted
L 01/22/2016 - 21:31:52: [SM] Native "SetFailState" reported: no such table: tf2idb_item
L 01/22/2016 - 21:31:52: [SM] Displaying call stack trace for plugin "tf2idb.smx":
L 01/22/2016 - 21:31:52: [SM]   [0]  Line 66, tf2idb.sp::OnPluginStart()
L 01/22/2016 - 21:31:55: [admin-flatfile.smx] Error(s) detected parsing addons/sourcemod/configs/admins.cfg
L 01/22/2016 - 21:31:55: [admin-flatfile.smx]  (line 63) Unknown group ""
L 01/22/2016 - 21:32:05: [SM] Plugin encountered error 21: Native is not bound
L 01/22/2016 - 21:32:05: [SM] Native "ClientHasFeature" reported: 
L 01/22/2016 - 21:32:05: [SM] Displaying call stack trace for plugin "PlayerTrails.smx":
L 01/22/2016 - 21:32:05: [SM]   [0]  Line 330, PlayerTrails.sp::Menu_PlayerTrails()
L 01/22/2016 - 21:32:05: [SM]   [1]  Line 296, PlayerTrails.sp::Command_Trails()
L 01/22/2016 - 21:32:40: [admin-flatfile.smx] Error(s) detected parsing addons/sourcemod/configs/admins.cfg
L 01/22/2016 - 21:32:40: [admin-flatfile.smx]  (line 63) Unknown group ""
L 01/22/2016 - 21:35:08: [admin-flatfile.smx] Error(s) detected parsing addons/sourcemod/configs/admins.cfg
L 01/22/2016 - 21:35:08: [admin-flatfile.smx]  (line 9) Invalid flag detected: 0
L 01/22/2016 - 21:35:08: [admin-flatfile.smx]  (line 63) Unknown group ""
L 01/22/2016 - 21:42:00: [SM] Plugin encountered error 25: Call was aborted
L 01/22/2016 - 21:42:00: [SM] Native "SetFailState" reported: no such table: tf2idb_item
L 01/22/2016 - 21:42:00: [SM] Displaying call stack trace for plugin "tf2idb.smx":
L 01/22/2016 - 21:42:00: [SM]   [0]  Line 66, tf2idb.sp::OnPluginStart()
L 01/22/2016 - 21:42:51: [SM] Native "TF2IDB_GetItemSlot" reported: Plugin owning this native is currently paused.
L 01/22/2016 - 21:42:51: [SM] Displaying call stack trace for plugin "unusual.smx":
L 01/22/2016 - 21:42:51: [SM]   [0]  Line 520, C:\Servers\Steam\steamapps\common\Team Fortress 2 Dedicated Server\tf\addons\sourcemod\scripting\unusual.sp::TF2Items_OnGiveNamedItem()
L 01/22/2016 - 21:42:51: [SM] Native "TF2IDB_GetItemSlot" reported: Plugin owning this native is currently paused.
L 01/22/2016 - 21:42:51: [SM] Displaying call stack trace for plugin "unusual.smx":
L 01/22/2016 - 21:42:51: [SM]   [0]  Line 520, C:\Servers\Steam\steamapps\common\Team Fortress 2 Dedicated Server\tf\addons\sourcemod\scripting\unusual.sp::TF2Items_OnGiveNamedItem()
L 01/22/2016 - 21:42:51: [SM] Native "TF2IDB_GetItemSlot" reported: Plugin owning this native is currently paused.
L 01/22/2016 - 21:42:51: [SM] Displaying call stack trace for plugin "unusual.smx":
L 01/22/2016 - 21:42:51: [SM]   [0]  Line 520, C:\Servers\Steam\steamapps\common\Team Fortress 2 Dedicated Server\tf\addons\sourcemod\scripting\unusual.sp::TF2Items_OnGiveNamedItem()
L 01/22/2016 - 21:42:51: [SM] Native "TF2IDB_GetItemSlot" reported: Plugin owning this native is currently paused.
L 01/22/2016 - 21:42:51: [SM] Displaying call stack trace for plugin "unusual.smx":
L 01/22/2016 - 21:42:51: [SM]   [0]  Line 520, C:\Servers\Steam\steamapps\common\Team Fortress 2 Dedicated Server\tf\addons\sourcemod\scripting\unusual.sp::TF2Items_OnGiveNamedItem()
L 01/22/2016 - 21:42:57: [SM] Native "TF2IDB_GetItemSlot" reported: Plugin owning this native is currently paused.
L 01/22/2016 - 21:42:57: [SM] Displaying call stack trace for plugin "unusual.smx":
L 01/22/2016 - 21:42:57: [SM]   [0]  Line 520, C:\Servers\Steam\steamapps\common\Team Fortress 2 Dedicated Server\tf\addons\sourcemod\scripting\unusual.sp::TF2Items_OnGiveNamedItem()
L 01/22/2016 - 21:44:03: [SM] Native "TF2IDB_GetItemSlot" reported: Plugin owning this native is currently paused.
L 01/22/2016 - 21:44:03: [SM] Displaying call stack trace for plugin "unusual.smx":
L 01/22/2016 - 21:44:03: [SM]   [0]  Line 520, C:\Servers\Steam\steamapps\common\Team Fortress 2 Dedicated Server\tf\addons\sourcemod\scripting\unusual.sp::TF2Items_OnGiveNamedItem()
L 01/22/2016 - 21:44:03: [SM] Native "TF2IDB_GetItemSlot" reported: Plugin owning this native is currently paused.
L 01/22/2016 - 21:44:03: [SM] Displaying call stack trace for plugin "unusual.smx":
L 01/22/2016 - 21:44:03: [SM]   [0]  Line 520, C:\Servers\Steam\steamapps\common\Team Fortress 2 Dedicated Server\tf\addons\sourcemod\scripting\unusual.sp::TF2Items_OnGiveNamedItem()
L 01/22/2016 - 21:44:10: [admin-flatfile.smx] Error(s) detected parsing addons/sourcemod/configs/admins.cfg
L 01/22/2016 - 21:44:10: [admin-flatfile.smx]  (line 9) Invalid flag detected: 0
L 01/22/2016 - 21:44:10: [admin-flatfile.smx]  (line 63) Unknown group ""
L 01/22/2016 - 21:45:05: [SM] Native "TF2IDB_GetItemSlot" reported: Plugin owning this native is currently paused.
L 01/22/2016 - 21:45:05: [SM] Displaying call stack trace for plugin "unusual.smx":
L 01/22/2016 - 21:45:05: [SM]   [0]  Line 520, C:\Servers\Steam\steamapps\common\Team Fortress 2 Dedicated Server\tf\addons\sourcemod\scripting\unusual.sp::TF2Items_OnGiveNamedItem()
L 01/22/2016 - 21:45:05: [SM] Native "TF2IDB_GetItemSlot" reported: Plugin owning this native is currently paused.
L 01/22/2016 - 21:45:05: [SM] Displaying call stack trace for plugin "unusual.smx":
L 01/22/2016 - 21:45:05: [SM]   [0]  Line 520, C:\Servers\Steam\steamapps\common\Team Fortress 2 Dedicated Server\tf\addons\sourcemod\scripting\unusual.sp::TF2Items_OnGiveNamedItem()
L 01/22/2016 - 21:45:05: [SM] Native "TF2IDB_GetItemSlot" reported: Plugin owning this native is currently paused.
L 01/22/2016 - 21:45:05: [SM] Displaying call stack trace for plugin "unusual.smx":
L 01/22/2016 - 21:45:05: [SM]   [0]  Line 520, C:\Servers\Steam\steamapps\common\Team Fortress 2 Dedicated Server\tf\addons\sourcemod\scripting\unusual.sp::TF2Items_OnGiveNamedItem()
L 01/22/2016 - 21:45:05: [SM] Native "TF2IDB_GetItemSlot" reported: Plugin owning this native is currently paused.
L 01/22/2016 - 21:45:05: [SM] Displaying call stack trace for plugin "unusual.smx":
L 01/22/2016 - 21:45:05: [SM]   [0]  Line 520, C:\Servers\Steam\steamapps\common\Team Fortress 2 Dedicated Server\tf\addons\sourcemod\scripting\unusual.sp::TF2Items_OnGiveNamedItem()
L 01/22/2016 - 21:45:05: [SM] Native "TF2IDB_GetItemSlot" reported: Plugin owning this native is currently paused.
L 01/22/2016 - 21:45:05: [SM] Displaying call stack trace for plugin "unusual.smx":
L 01/22/2016 - 21:45:05: [SM]   [0]  Line 520, C:\Servers\Steam\steamapps\common\Team Fortress 2 Dedicated Server\tf\addons\sourcemod\scripting\unusual.sp::TF2Items_OnGiveNamedItem()
L 01/22/2016 - 21:45:05: [SM] Native "TF2IDB_GetItemSlot" reported: Plugin owning this native is currently paused.
L 01/22/2016 - 21:45:05: [SM] Displaying call stack trace for plugin "unusual.smx":
L 01/22/2016 - 21:45:05: [SM]   [0]  Line 520, C:\Servers\Steam\steamapps\common\Team Fortress 2 Dedicated Server\tf\addons\sourcemod\scripting\unusual.sp::TF2Items_OnGiveNamedItem()
L 01/22/2016 - 21:45:05: [SM] Native "TF2IDB_GetItemSlot" reported: Plugin owning this native is currently paused.
L 01/22/2016 - 21:45:05: [SM] Displaying call stack trace for plugin "unusual.smx":
L 01/22/2016 - 21:45:05: [SM]   [0]  Line 520, C:\Servers\Steam\steamapps\common\Team Fortress 2 Dedicated Server\tf\addons\sourcemod\scripting\unusual.sp::TF2Items_OnGiveNamedItem()
L 01/22/2016 - 21:45:05: [SM] Native "TF2IDB_GetItemSlot" reported: Plugin owning this native is currently paused.
L 01/22/2016 - 21:45:05: [SM] Displaying call stack trace for plugin "unusual.smx":
L 01/22/2016 - 21:45:05: [SM]   [0]  Line 520, C:\Servers\Steam\steamapps\common\Team Fortress 2 Dedicated Server\tf\addons\sourcemod\scripting\unusual.sp::TF2Items_OnGiveNamedItem()
L 01/22/2016 - 21:45:05: [SM] Native "TF2IDB_GetItemSlot" reported: Plugin owning this native is currently paused.
L 01/22/2016 - 21:45:05: [SM] Displaying call stack trace for plugin "unusual.smx":
L 01/22/2016 - 21:45:05: [SM]   [0]  Line 520, C:\Servers\Steam\steamapps\common\Team Fortress 2 Dedicated Server\tf\addons\sourcemod\scripting\unusual.sp::TF2Items_OnGiveNamedItem()
L 01/22/2016 - 21:45:05: [SM] Native "TF2IDB_GetItemSlot" reported: Plugin owning this native is currently paused.
L 01/22/2016 - 21:45:05: [SM] Displaying call stack trace for plugin "unusual.smx":
L 01/22/2016 - 21:45:05: [SM]   [0]  Line 520, C:\Servers\Steam\steamapps\common\Team Fortress 2 Dedicated Server\tf\addons\sourcemod\scripting\unusual.sp::TF2Items_OnGiveNamedItem()
L 01/22/2016 - 21:45:05: [SM] Native "TF2IDB_GetItemSlot" reported: Plugin owning this native is currently paused.
L 01/22/2016 - 21:45:05: [SM] Displaying call stack trace for plugin "unusual.smx":
L 01/22/2016 - 21:45:05: [SM]   [0]  Line 520, C:\Servers\Steam\steamapps\common\Team Fortress 2 Dedicated Server\tf\addons\sourcemod\scripting\unusual.sp::TF2Items_OnGiveNamedItem()
L 01/22/2016 - 21:45:09: [SM] Native "TF2IDB_GetItemSlot" reported: Plugin owning this native is currently paused.
L 01/22/2016 - 21:45:09: [SM] Displaying call stack trace for plugin "unusual.smx":
L 01/22/2016 - 21:45:09: [SM]   [0]  Line 520, C:\Servers\Steam\steamapps\common\Team Fortress 2 Dedicated Server\tf\addons\sourcemod\scripting\unusual.sp::TF2Items_OnGiveNamedItem()
L 01/22/2016 - 21:45:10: [SM] Native "TF2IDB_GetItemSlot" reported: Plugin owning this native is currently paused.
L 01/22/2016 - 21:45:10: [SM] Displaying call stack trace for plugin "unusual.smx":
L 01/22/2016 - 21:45:10: [SM]   [0]  Line 520, C:\Servers\Steam\steamapps\common\Team Fortress 2 Dedicated Server\tf\addons\sourcemod\scripting\unusual.sp::TF2Items_OnGiveNamedItem()
L 01/22/2016 - 21:45:10: [SM] Native "TF2IDB_GetItemSlot" reported: Plugin owning this native is currently paused.
L 01/22/2016 - 21:45:10: [SM] Displaying call stack trace for plugin "unusual.smx":
L 01/22/2016 - 21:45:10: [SM]   [0]  Line 520, C:\Servers\Steam\steamapps\common\Team Fortress 2 Dedicated Server\tf\addons\sourcemod\scripting\unusual.sp::TF2Items_OnGiveNamedItem()
L 01/22/2016 - 21:45:10: [SM] Native "TF2IDB_GetItemSlot" reported: Plugin owning this native is currently paused.
L 01/22/2016 - 21:45:10: [SM] Displaying call stack trace for plugin "unusual.smx":
L 01/22/2016 - 21:45:10: [SM]   [0]  Line 520, C:\Servers\Steam\steamapps\common\Team Fortress 2 Dedicated Server\tf\addons\sourcemod\scripting\unusual.sp::TF2Items_OnGiveNamedItem()
L 01/22/2016 - 21:45:10: [SM] Native "TF2IDB_GetItemSlot" reported: Plugin owning this native is currently paused.
L 01/22/2016 - 21:45:10: [SM] Displaying call stack trace for plugin "unusual.smx":
L 01/22/2016 - 21:45:10: [SM]   [0]  Line 520, C:\Servers\Steam\steamapps\common\Team Fortress 2 Dedicated Server\tf\addons\sourcemod\scripting\unusual.sp::TF2Items_OnGiveNamedItem()
L 01/22/2016 - 21:46:56: [SM] Native "TF2IDB_GetItemSlot" reported: Plugin owning this native is currently paused.
L 01/22/2016 - 21:46:56: [SM] Displaying call stack trace for plugin "unusual.smx":
L 01/22/2016 - 21:46:56: [SM]   [0]  Line 520, C:\Servers\Steam\steamapps\common\Team Fortress 2 Dedicated Server\tf\addons\sourcemod\scripting\unusual.sp::TF2Items_OnGiveNamedItem()
L 01/22/2016 - 21:46:56: [SM] Native "TF2IDB_GetItemSlot" reported: Plugin owning this native is currently paused.
L 01/22/2016 - 21:46:56: [SM] Displaying call stack trace for plugin "unusual.smx":
L 01/22/2016 - 21:46:56: [SM]   [0]  Line 520, C:\Servers\Steam\steamapps\common\Team Fortress 2 Dedicated Server\tf\addons\sourcemod\scripting\unusual.sp::TF2Items_OnGiveNamedItem()
L 01/22/2016 - 21:46:56: [SM] Native "TF2IDB_GetItemSlot" reported: Plugin owning this native is currently paused.
L 01/22/2016 - 21:46:56: [SM] Displaying call stack trace for plugin "unusual.smx":
L 01/22/2016 - 21:46:56: [SM]   [0]  Line 520, C:\Servers\Steam\steamapps\common\Team Fortress 2 Dedicated Server\tf\addons\sourcemod\scripting\unusual.sp::TF2Items_OnGiveNamedItem()
L 01/22/2016 - 21:47:02: [SM] Native "TF2IDB_GetItemSlot" reported: Plugin owning this native is currently paused.
L 01/22/2016 - 21:47:02: [SM] Displaying call stack trace for plugin "unusual.smx":
L 01/22/2016 - 21:47:02: [SM]   [0]  Line 520, C:\Servers\Steam\steamapps\common\Team Fortress 2 Dedicated Server\tf\addons\sourcemod\scripting\unusual.sp::TF2Items_OnGiveNamedItem()
L 01/22/2016 - 21:47:36: [SM] Native "TF2IDB_GetItemSlot" reported: Plugin owning this native is currently paused.
L 01/22/2016 - 21:47:36: [SM] Displaying call stack trace for plugin "unusual.smx":
L 01/22/2016 - 21:47:36: [SM]   [0]  Line 520, C:\Servers\Steam\steamapps\common\Team Fortress 2 Dedicated Server\tf\addons\sourcemod\scripting\unusual.sp::TF2Items_OnGiveNamedItem()
L 01/22/2016 - 21:47:42: [SM] Native "TF2IDB_GetItemSlot" reported: Plugin owning this native is currently paused.
L 01/22/2016 - 21:47:42: [SM] Displaying call stack trace for plugin "unusual.smx":
L 01/22/2016 - 21:47:42: [SM]   [0]  Line 520, C:\Servers\Steam\steamapps\common\Team Fortress 2 Dedicated Server\tf\addons\sourcemod\scripting\unusual.sp::TF2Items_OnGiveNamedItem()
L 01/22/2016 - 21:48:15: [SM] Plugin encountered error 25: Call was aborted
L 01/22/2016 - 21:48:15: [SM] Native "SetFailState" reported: no such table: tf2idb_item
L 01/22/2016 - 21:48:15: [SM] Displaying call stack trace for plugin "tf2idb.smx":
L 01/22/2016 - 21:48:15: [SM]   [0]  Line 66, tf2idb.sp::OnPluginStart()
L 01/22/2016 - 21:52:09: [SM] Plugin encountered error 25: Call was aborted
L 01/22/2016 - 21:52:09: [SM] Native "SetFailState" reported: no such table: tf2idb_item
L 01/22/2016 - 21:52:09: [SM] Displaying call stack trace for plugin "tf2idb.smx":
L 01/22/2016 - 21:52:09: [SM]   [0]  Line 66, tf2idb.sp::OnPluginStart()
L 01/22/2016 - 21:52:21: [SM] Native "TF2IDB_GetItemSlot" reported: Plugin owning this native is currently paused.
L 01/22/2016 - 21:52:21: [SM] Displaying call stack trace for plugin "unusual.smx":
L 01/22/2016 - 21:52:21: [SM]   [0]  Line 520, C:\Servers\Steam\steamapps\common\Team Fortress 2 Dedicated Server\tf\addons\sourcemod\scripting\unusual.sp::TF2Items_OnGiveNamedItem()
L 01/22/2016 - 21:52:27: [SM] Native "TF2IDB_GetItemSlot" reported: Plugin owning this native is currently paused.
L 01/22/2016 - 21:52:27: [SM] Displaying call stack trace for plugin "unusual.smx":
L 01/22/2016 - 21:52:27: [SM]   [0]  Line 520, C:\Servers\Steam\steamapps\common\Team Fortress 2 Dedicated Server\tf\addons\sourcemod\scripting\unusual.sp::TF2Items_OnGiveNamedItem()
L 01/22/2016 - 21:52:27: [SM] Native "TF2IDB_GetItemSlot" reported: Plugin owning this native is currently paused.
L 01/22/2016 - 21:52:27: [SM] Displaying call stack trace for plugin "unusual.smx":
L 01/22/2016 - 21:52:27: [SM]   [0]  Line 520, C:\Servers\Steam\steamapps\common\Team Fortress 2 Dedicated Server\tf\addons\sourcemod\scripting\unusual.sp::TF2Items_OnGiveNamedItem()
L 01/22/2016 - 21:52:27: [SM] Native "TF2IDB_GetItemSlot" reported: Plugin owning this native is currently paused.
L 01/22/2016 - 21:52:27: [SM] Displaying call stack trace for plugin "unusual.smx":
L 01/22/2016 - 21:52:27: [SM]   [0]  Line 520, C:\Servers\Steam\steamapps\common\Team Fortress 2 Dedicated Server\tf\addons\sourcemod\scripting\unusual.sp::TF2Items_OnGiveNamedItem()
L 01/22/2016 - 21:52:27: [SM] Native "TF2IDB_GetItemSlot" reported: Plugin owning this native is currently paused.
L 01/22/2016 - 21:52:27: [SM] Displaying call stack trace for plugin "unusual.smx":
L 01/22/2016 - 21:52:27: [SM]   [0]  Line 520, C:\Servers\Steam\steamapps\common\Team Fortress 2 Dedicated Server\tf\addons\sourcemod\scripting\unusual.sp::TF2Items_OnGiveNamedItem()
L 01/22/2016 - 21:52:29: Error log file session closed.
L 01/22/2016 - 21:52:29: SourceMod error session started
L 01/22/2016 - 21:52:29: Info (map "pl_upward") (file "errors_20160122.log")
L 01/22/2016 - 21:52:29: [SM] Plugin encountered error 25: Call was aborted
L 01/22/2016 - 21:52:29: [SM] Native "SetFailState" reported: no such table: tf2idb_item
L 01/22/2016 - 21:52:29: [SM] Displaying call stack trace for plugin "tf2idb.smx":
L 01/22/2016 - 21:52:29: [SM]   [0]  Line 66, tf2idb.sp::OnPluginStart()
L 01/22/2016 - 21:52:29: [admin-flatfile.smx] Error(s) detected parsing addons/sourcemod/configs/admins.cfg
L 01/22/2016 - 21:52:29: [admin-flatfile.smx]  (line 9) Invalid flag detected: 0
L 01/22/2016 - 21:52:29: [admin-flatfile.smx]  (line 63) Unknown group ""
L 01/22/2016 - 21:53:11: Error log file session closed.
L 01/22/2016 - 21:53:12: SourceMod error session started
L 01/22/2016 - 21:53:12: Info (map "pl_upward") (file "errors_20160122.log")
L 01/22/2016 - 21:53:12: [SM] Plugin encountered error 25: Call was aborted
L 01/22/2016 - 21:53:12: [SM] Native "SetFailState" reported: no such table: tf2idb_item
L 01/22/2016 - 21:53:12: [SM] Displaying call stack trace for plugin "tf2idb.smx":
L 01/22/2016 - 21:53:12: [SM]   [0]  Line 66, tf2idb.sp::OnPluginStart()
L 01/22/2016 - 21:53:12: [admin-flatfile.smx] Error(s) detected parsing addons/sourcemod/configs/admins.cfg
L 01/22/2016 - 21:53:12: [admin-flatfile.smx]  (line 9) Invalid flag detected: 0
L 01/22/2016 - 21:53:12: [admin-flatfile.smx]  (line 63) Unknown group ""
L 01/22/2016 - 21:53:28: [SM] Native "TF2IDB_GetItemSlot" reported: Plugin owning this native is currently paused.
L 01/22/2016 - 21:53:28: [SM] Displaying call stack trace for plugin "unusual.smx":
L 01/22/2016 - 21:53:28: [SM]   [0]  Line 520, C:\Servers\Steam\steamapps\common\Team Fortress 2 Dedicated Server\tf\addons\sourcemod\scripting\unusual.sp::TF2Items_OnGiveNamedItem()
L 01/22/2016 - 21:53:28: [SM] Native "TF2IDB_GetItemSlot" reported: Plugin owning this native is currently paused.
L 01/22/2016 - 21:53:28: [SM] Displaying call stack trace for plugin "unusual.smx":
L 01/22/2016 - 21:53:28: [SM]   [0]  Line 520, C:\Servers\Steam\steamapps\common\Team Fortress 2 Dedicated Server\tf\addons\sourcemod\scripting\unusual.sp::TF2Items_OnGiveNamedItem()
L 01/22/2016 - 21:53:28: [SM] Native "TF2IDB_GetItemSlot" reported: Plugin owning this native is currently paused.
L 01/22/2016 - 21:53:28: [SM] Displaying call stack trace for plugin "unusual.smx":
L 01/22/2016 - 21:53:28: [SM]   [0]  Line 520, C:\Servers\Steam\steamapps\common\Team Fortress 2 Dedicated Server\tf\addons\sourcemod\scripting\unusual.sp::TF2Items_OnGiveNamedItem()
L 01/22/2016 - 21:53:28: [SM] Native "TF2IDB_GetItemSlot" reported: Plugin owning this native is currently paused.
L 01/22/2016 - 21:53:28: [SM] Displaying call stack trace for plugin "unusual.smx":
L 01/22/2016 - 21:53:28: [SM]   [0]  Line 520, C:\Servers\Steam\steamapps\common\Team Fortress 2 Dedicated Server\tf\addons\sourcemod\scripting\unusual.sp::TF2Items_OnGiveNamedItem()
L 01/22/2016 - 21:53:28: [SM] Native "TF2IDB_GetItemSlot" reported: Plugin owning this native is currently paused.
L 01/22/2016 - 21:53:28: [SM] Displaying call stack trace for plugin "unusual.smx":
L 01/22/2016 - 21:53:28: [SM]   [0]  Line 520, C:\Servers\Steam\steamapps\common\Team Fortress 2 Dedicated Server\tf\addons\sourcemod\scripting\unusual.sp::TF2Items_OnGiveNamedItem()
L 01/22/2016 - 21:53:28: [SM] Native "TF2IDB_GetItemSlot" reported: Plugin owning this native is currently paused.
L 01/22/2016 - 21:53:28: [SM] Displaying call stack trace for plugin "unusual.smx":
L 01/22/2016 - 21:53:28: [SM]   [0]  Line 520, C:\Servers\Steam\steamapps\common\Team Fortress 2 Dedicated Server\tf\addons\sourcemod\scripting\unusual.sp::TF2Items_OnGiveNamedItem()
L 01/22/2016 - 21:54:13: [SM] Native "TF2IDB_GetItemSlot" reported: Plugin owning this native is currently paused.
L 01/22/2016 - 21:54:13: [SM] Displaying call stack trace for plugin "unusual.smx":
L 01/22/2016 - 21:54:13: [SM]   [0]  Line 520, C:\Servers\Steam\steamapps\common\Team Fortress 2 Dedicated Server\tf\addons\sourcemod\scripting\unusual.sp::TF2Items_OnGiveNamedItem()
L 01/22/2016 - 21:54:13: [SM] Native "TF2IDB_GetItemSlot" reported: Plugin owning this native is currently paused.
L 01/22/2016 - 21:54:13: [SM] Displaying call stack trace for plugin "unusual.smx":
L 01/22/2016 - 21:54:13: [SM]   [0]  Line 520, C:\Servers\Steam\steamapps\common\Team Fortress 2 Dedicated Server\tf\addons\sourcemod\scripting\unusual.sp::TF2Items_OnGiveNamedItem()
L 01/22/2016 - 21:54:13: [SM] Native "TF2IDB_GetItemSlot" reported: Plugin owning this native is currently paused.
L 01/22/2016 - 21:54:13: [SM] Displaying call stack trace for plugin "unusual.smx":
L 01/22/2016 - 21:54:13: [SM]   [0]  Line 520, C:\Servers\Steam\steamapps\common\Team Fortress 2 Dedicated Server\tf\addons\sourcemod\scripting\unusual.sp::TF2Items_OnGiveNamedItem()
L 01/22/2016 - 21:54:13: [SM] Native "TF2IDB_GetItemSlot" reported: Plugin owning this native is currently paused.
L 01/22/2016 - 21:54:13: [SM] Displaying call stack trace for plugin "unusual.smx":
L 01/22/2016 - 21:54:13: [SM]   [0]  Line 520, C:\Servers\Steam\steamapps\common\Team Fortress 2 Dedicated Server\tf\addons\sourcemod\scripting\unusual.sp::TF2Items_OnGiveNamedItem()
L 01/22/2016 - 21:54:22: [SM] Native "TF2IDB_GetItemSlot" reported: Plugin owning this native is currently paused.
L 01/22/2016 - 21:54:22: [SM] Displaying call stack trace for plugin "unusual.smx":
L 01/22/2016 - 21:54:22: [SM]   [0]  Line 520, C:\Servers\Steam\steamapps\common\Team Fortress 2 Dedicated Server\tf\addons\sourcemod\scripting\unusual.sp::TF2Items_OnGiveNamedItem()
L 01/22/2016 - 21:54:22: [SM] Native "TF2IDB_GetItemSlot" reported: Plugin owning this native is currently paused.
L 01/22/2016 - 21:54:22: [SM] Displaying call stack trace for plugin "unusual.smx":
L 01/22/2016 - 21:54:22: [SM]   [0]  Line 520, C:\Servers\Steam\steamapps\common\Team Fortress 2 Dedicated Server\tf\addons\sourcemod\scripting\unusual.sp::TF2Items_OnGiveNamedItem()
L 01/22/2016 - 21:54:22: [SM] Native "TF2IDB_GetItemSlot" reported: Plugin owning this native is currently paused.
L 01/22/2016 - 21:54:22: [SM] Displaying call stack trace for plugin "unusual.smx":
L 01/22/2016 - 21:54:22: [SM]   [0]  Line 520, C:\Servers\Steam\steamapps\common\Team Fortress 2 Dedicated Server\tf\addons\sourcemod\scripting\unusual.sp::TF2Items_OnGiveNamedItem()
L 01/22/2016 - 21:54:22: [SM] Native "TF2IDB_GetItemSlot" reported: Plugin owning this native is currently paused.
L 01/22/2016 - 21:54:22: [SM] Displaying call stack trace for plugin "unusual.smx":
L 01/22/2016 - 21:54:22: [SM]   [0]  Line 520, C:\Servers\Steam\steamapps\common\Team Fortress 2 Dedicated Server\tf\addons\sourcemod\scripting\unusual.sp::TF2Items_OnGiveNamedItem()
L 01/22/2016 - 21:56:36: [SM] Native "CreateEntityByName" reported: Cannot create new entity when no map is running
L 01/22/2016 - 21:56:36: [SM] Displaying call stack trace for plugin "fireworks_tf.smx":
L 01/22/2016 - 21:56:36: [SM]   [0]  Line 541, /home/forums/content/files/1/8/9/7/6/7/150837.attach::SpawnParticle()
L 01/22/2016 - 21:56:36: [SM]   [1]  Line 511, /home/forums/content/files/1/8/9/7/6/7/150837.attach::OnEntityDestroyed()
L 01/22/2016 - 21:56:36: [SM] Native "CreateEntityByName" reported: Cannot create new entity when no map is running
L 01/22/2016 - 21:56:36: [SM] Displaying call stack trace for plugin "fireworks_tf.smx":
L 01/22/2016 - 21:56:36: [SM]   [0]  Line 541, /home/forums/content/files/1/8/9/7/6/7/150837.attach::SpawnParticle()
L 01/22/2016 - 21:56:36: [SM]   [1]  Line 511, /home/forums/content/files/1/8/9/7/6/7/150837.attach::OnEntityDestroyed()
L 01/22/2016 - 21:56:36: [SM] Native "CreateEntityByName" reported: Cannot create new entity when no map is running
L 01/22/2016 - 21:56:36: [SM] Displaying call stack trace for plugin "fireworks_tf.smx":
L 01/22/2016 - 21:56:36: [SM]   [0]  Line 541, /home/forums/content/files/1/8/9/7/6/7/150837.attach::SpawnParticle()
L 01/22/2016 - 21:56:36: [SM]   [1]  Line 511, /home/forums/content/files/1/8/9/7/6/7/150837.attach::OnEntityDestroyed()
L 01/22/2016 - 21:56:36: [SM] Native "CreateEntityByName" reported: Cannot create new entity when no map is running
L 01/22/2016 - 21:56:36: [SM] Displaying call stack trace for plugin "fireworks_tf.smx":
L 01/22/2016 - 21:56:36: [SM]   [0]  Line 541, /home/forums/content/files/1/8/9/7/6/7/150837.attach::SpawnParticle()
L 01/22/2016 - 21:56:36: [SM]   [1]  Line 511, /home/forums/content/files/1/8/9/7/6/7/150837.attach::OnEntityDestroyed()
L 01/22/2016 - 21:56:36: [SM] Native "CreateEntityByName" reported: Cannot create new entity when no map is running
L 01/22/2016 - 21:56:36: [SM] Displaying call stack trace for plugin "fireworks_tf.smx":
L 01/22/2016 - 21:56:36: [SM]   [0]  Line 541, /home/forums/content/files/1/8/9/7/6/7/150837.attach::SpawnParticle()
L 01/22/2016 - 21:56:36: [SM]   [1]  Line 511, /home/forums/content/files/1/8/9/7/6/7/150837.attach::OnEntityDestroyed()
L 01/22/2016 - 21:56:36: [SM] Native "CreateEntityByName" reported: Cannot create new entity when no map is running
L 01/22/2016 - 21:56:36: [SM] Displaying call stack trace for plugin "fireworks_tf.smx":
L 01/22/2016 - 21:56:36: [SM]   [0]  Line 541, /home/forums/content/files/1/8/9/7/6/7/150837.attach::SpawnParticle()
L 01/22/2016 - 21:56:36: [SM]   [1]  Line 511, /home/forums/content/files/1/8/9/7/6/7/150837.attach::OnEntityDestroyed()
L 01/22/2016 - 21:56:36: [SM] Native "CreateEntityByName" reported: Cannot create new entity when no map is running
L 01/22/2016 - 21:56:36: [SM] Displaying call stack trace for plugin "fireworks_tf.smx":
L 01/22/2016 - 21:56:36: [SM]   [0]  Line 541, /home/forums/content/files/1/8/9/7/6/7/150837.attach::SpawnParticle()
L 01/22/2016 - 21:56:36: [SM]   [1]  Line 511, /home/forums/content/files/1/8/9/7/6/7/150837.attach::OnEntityDestroyed()
L 01/22/2016 - 21:56:37: Error log file session closed.
L 01/22/2016 - 21:56:37: SourceMod error session started
L 01/22/2016 - 21:56:37: Info (map "ctf_2fort") (file "errors_20160122.log")
L 01/22/2016 - 21:56:37: [SM] Plugin encountered error 25: Call was aborted
L 01/22/2016 - 21:56:37: [SM] Native "SetFailState" reported: no such table: tf2idb_item
L 01/22/2016 - 21:56:37: [SM] Displaying call stack trace for plugin "tf2idb.smx":
L 01/22/2016 - 21:56:37: [SM]   [0]  Line 66, tf2idb.sp::OnPluginStart()
L 01/22/2016 - 21:56:37: [admin-flatfile.smx] Error(s) detected parsing addons/sourcemod/configs/admins.cfg
L 01/22/2016 - 21:56:37: [admin-flatfile.smx]  (line 9) Invalid flag detected: 0
L 01/22/2016 - 21:56:37: [admin-flatfile.smx]  (line 63) Unknown group ""
L 01/22/2016 - 21:59:12: Error log file session closed.
L 01/22/2016 - 21:59:20: SourceMod error session started
L 01/22/2016 - 21:59:20: Info (map "ctf_2fort") (file "errors_20160122.log")
L 01/22/2016 - 21:59:20: [SM] Plugin encountered error 25: Call was aborted
L 01/22/2016 - 21:59:20: [SM] Native "SetFailState" reported: no such table: tf2idb_item
L 01/22/2016 - 21:59:20: [SM] Displaying call stack trace for plugin "tf2idb.smx":
L 01/22/2016 - 21:59:20: [SM]   [0]  Line 66, tf2idb.sp::OnPluginStart()
L 01/22/2016 - 21:59:20: [admin-flatfile.smx] Error(s) detected parsing addons/sourcemod/configs/admins.cfg
L 01/22/2016 - 21:59:20: [admin-flatfile.smx]  (line 9) Invalid flag detected: 0
L 01/22/2016 - 21:59:20: [admin-flatfile.smx]  (line 63) Unknown group ""
L 01/22/2016 - 21:59:41: [SM] Native "TF2IDB_GetItemSlot" reported: Plugin owning this native is currently paused.
L 01/22/2016 - 21:59:41: [SM] Displaying call stack trace for plugin "unusual.smx":
L 01/22/2016 - 21:59:41: [SM]   [0]  Line 520, C:\Servers\Steam\steamapps\common\Team Fortress 2 Dedicated Server\tf\addons\sourcemod\scripting\unusual.sp::TF2Items_OnGiveNamedItem()
L 01/22/2016 - 21:59:41: [SM] Native "TF2IDB_GetItemSlot" reported: Plugin owning this native is currently paused.
L 01/22/2016 - 21:59:41: [SM] Displaying call stack trace for plugin "unusual.smx":
L 01/22/2016 - 21:59:41: [SM]   [0]  Line 520, C:\Servers\Steam\steamapps\common\Team Fortress 2 Dedicated Server\tf\addons\sourcemod\scripting\unusual.sp::TF2Items_OnGiveNamedItem()
L 01/22/2016 - 21:59:41: [SM] Native "TF2IDB_GetItemSlot" reported: Plugin owning this native is currently paused.
L 01/22/2016 - 21:59:41: [SM] Displaying call stack trace for plugin "unusual.smx":
L 01/22/2016 - 21:59:41: [SM]   [0]  Line 520, C:\Servers\Steam\steamapps\common\Team Fortress 2 Dedicated Server\tf\addons\sourcemod\scripting\unusual.sp::TF2Items_OnGiveNamedItem()
L 01/22/2016 - 21:59:41: [SM] Native "TF2IDB_GetItemSlot" reported: Plugin owning this native is currently paused.
L 01/22/2016 - 21:59:41: [SM] Displaying call stack trace for plugin "unusual.smx":
L 01/22/2016 - 21:59:41: [SM]   [0]  Line 520, C:\Servers\Steam\steamapps\common\Team Fortress 2 Dedicated Server\tf\addons\sourcemod\scripting\unusual.sp::TF2Items_OnGiveNamedItem()
L 01/22/2016 - 22:00:14: [SM] Plugin encountered error 25: Call was aborted
L 01/22/2016 - 22:00:14: [SM] Native "SetFailState" reported: no such table: tf2idb_item
L 01/22/2016 - 22:00:14: [SM] Displaying call stack trace for plugin "tf2idb.smx":
L 01/22/2016 - 22:00:14: [SM]   [0]  Line 66, tf2idb.sp::OnPluginStart()
L 01/22/2016 - 22:26:05: [SM] Plugin encountered error 25: Call was aborted
L 01/22/2016 - 22:26:05: [SM] Native "SetFailState" reported: no such table: tf2idb_item
L 01/22/2016 - 22:26:05: [SM] Displaying call stack trace for plugin "tf2idb.smx":
L 01/22/2016 - 22:26:05: [SM]   [0]  Line 66, tf2idb.sp::OnPluginStart()
L 01/22/2016 - 22:59:38: [backpack-tf.smx] backpack.tf API failed: Unable to connect to server or server returned no data
L 01/22/2016 - 23:00:39: [backpack-tf.smx] backpack.tf API failed: Unable to connect to server or server returned no data
L 01/22/2016 - 23:01:39: [backpack-tf.smx] backpack.tf API failed: Unable to connect to server or server returned no data
L 01/22/2016 - 23:02:39: [backpack-tf.smx] backpack.tf API failed: Unable to connect to server or server returned no data
L 01/22/2016 - 23:03:39: [backpack-tf.smx] backpack.tf API failed: Unable to connect to server or server returned no data
L 01/22/2016 - 23:04:39: [backpack-tf.smx] backpack.tf API failed: Unable to connect to server or server returned no data
L 01/22/2016 - 23:05:40: [backpack-tf.smx] backpack.tf API failed: Unable to connect to server or server returned no data
L 01/22/2016 - 23:06:40: [backpack-tf.smx] backpack.tf API failed: Unable to connect to server or server returned no data
L 01/22/2016 - 23:07:40: [backpack-tf.smx] backpack.tf API failed: Unable to connect to server or server returned no data
L 01/22/2016 - 23:08:40: [backpack-tf.smx] backpack.tf API failed: Unable to connect to server or server returned no data
L 01/22/2016 - 23:09:40: [backpack-tf.smx] backpack.tf API failed: Unable to connect to server or server returned no data
L 01/22/2016 - 23:10:40: [backpack-tf.smx] backpack.tf API failed: Unable to connect to server or server returned no data
L 01/22/2016 - 23:11:41: [backpack-tf.smx] backpack.tf API failed: Unable to connect to server or server returned no data
L 01/22/2016 - 23:12:41: [backpack-tf.smx] backpack.tf API failed: Unable to connect to server or server returned no data
L 01/22/2016 - 23:13:41: [backpack-tf.smx] backpack.tf API failed: Unable to connect to server or server returned no data
L 01/22/2016 - 23:14:41: [backpack-tf.smx] backpack.tf API failed: Unable to connect to server or server returned no data
L 01/22/2016 - 23:15:41: [backpack-tf.smx] backpack.tf API failed: Unable to connect to server or server returned no data
L 01/22/2016 - 23:16:41: [backpack-tf.smx] backpack.tf API failed: Unable to connect to server or server returned no data
L 01/22/2016 - 23:17:42: [backpack-tf.smx] backpack.tf API failed: Unable to connect to server or server returned no data
L 01/22/2016 - 23:18:42: [backpack-tf.smx] backpack.tf API failed: Unable to connect to server or server returned no data
L 01/22/2016 - 23:19:42: [backpack-tf.smx] backpack.tf API failed: Unable to connect to server or server returned no data
L 01/22/2016 - 23:20:42: [backpack-tf.smx] backpack.tf API failed: Unable to connect to server or server returned no data
L 01/22/2016 - 23:21:42: [backpack-tf.smx] backpack.tf API failed: Unable to connect to server or server returned no data
L 01/22/2016 - 23:22:42: [backpack-tf.smx] backpack.tf API failed: Unable to connect to server or server returned no data
L 01/22/2016 - 23:23:42: [backpack-tf.smx] backpack.tf API failed: Unable to connect to server or server returned no data
L 01/22/2016 - 23:24:43: [backpack-tf.smx] backpack.tf API failed: Unable to connect to server or server returned no data
L 01/22/2016 - 23:25:43: [backpack-tf.smx] backpack.tf API failed: Unable to connect to server or server returned no data
L 01/22/2016 - 23:26:43: [backpack-tf.smx] backpack.tf API failed: Unable to connect to server or server returned no data
L 01/22/2016 - 23:27:43: [backpack-tf.smx] backpack.tf API failed: Unable to connect to server or server returned no data
L 01/22/2016 - 23:28:43: [backpack-tf.smx] backpack.tf API failed: Unable to connect to server or server returned no data
L 01/22/2016 - 23:29:43: [backpack-tf.smx] backpack.tf API failed: Unable to connect to server or server returned no data
L 01/22/2016 - 23:30:43: [backpack-tf.smx] backpack.tf API failed: Unable to connect to server or server returned no data
L 01/22/2016 - 23:31:44: [backpack-tf.smx] backpack.tf API failed: Unable to connect to server or server returned no data
L 01/22/2016 - 23:32:44: [backpack-tf.smx] backpack.tf API failed: Unable to connect to server or server returned no data
L 01/22/2016 - 23:33:44: [backpack-tf.smx] backpack.tf API failed: Unable to connect to server or server returned no data
L 01/22/2016 - 23:34:44: [backpack-tf.smx] backpack.tf API failed: Unable to connect to server or server returned no data
L 01/22/2016 - 23:35:44: [backpack-tf.smx] backpack.tf API failed: Unable to connect to server or server returned no data
L 01/22/2016 - 23:36:44: [backpack-tf.smx] backpack.tf API failed: Unable to connect to server or server returned no data
L 01/22/2016 - 23:37:45: [backpack-tf.smx] backpack.tf API failed: Unable to connect to server or server returned no data
L 01/22/2016 - 23:38:45: [backpack-tf.smx] backpack.tf API failed: Unable to connect to server or server returned no data
L 01/22/2016 - 23:39:45: [backpack-tf.smx] backpack.tf API failed: Unable to connect to server or server returned no data
L 01/22/2016 - 23:40:45: [backpack-tf.smx] backpack.tf API failed: Unable to connect to server or server returned no data
L 01/22/2016 - 23:41:45: [backpack-tf.smx] backpack.tf API failed: Unable to connect to server or server returned no data
L 01/22/2016 - 23:42:45: [backpack-tf.smx] backpack.tf API failed: Unable to connect to server or server returned no data
L 01/22/2016 - 23:43:45: [backpack-tf.smx] backpack.tf API failed: Unable to connect to server or server returned no data
L 01/22/2016 - 23:44:46: [backpack-tf.smx] backpack.tf API failed: Unable to connect to server or server returned no data
L 01/22/2016 - 23:45:46: [backpack-tf.smx] backpack.tf API failed: Unable to connect to server or server returned no data
L 01/22/2016 - 23:46:46: [backpack-tf.smx] backpack.tf API failed: Unable to connect to server or server returned no data
L 01/22/2016 - 23:47:46: [backpack-tf.smx] backpack.tf API failed: Unable to connect to server or server returned no data
L 01/22/2016 - 23:48:46: [backpack-tf.smx] backpack.tf API failed: Unable to connect to server or server returned no data
L 01/22/2016 - 23:49:46: [backpack-tf.smx] backpack.tf API failed: Unable to connect to server or server returned no data
L 01/22/2016 - 23:50:46: [backpack-tf.smx] backpack.tf API failed: Unable to connect to server or server returned no data
L 01/22/2016 - 23:51:47: [backpack-tf.smx] backpack.tf API failed: Unable to connect to server or server returned no data
L 01/22/2016 - 23:52:47: [backpack-tf.smx] backpack.tf API failed: Unable to connect to server or server returned no data
L 01/22/2016 - 23:53:47: [backpack-tf.smx] backpack.tf API failed: Unable to connect to server or server returned no data
L 01/22/2016 - 23:54:47: [backpack-tf.smx] backpack.tf API failed: Unable to connect to server or server returned no data
L 01/22/2016 - 23:55:47: [backpack-tf.smx] backpack.tf API failed: Unable to connect to server or server returned no data
L 01/22/2016 - 23:56:47: [backpack-tf.smx] backpack.tf API failed: Unable to connect to server or server returned no data
L 01/22/2016 - 23:57:47: [backpack-tf.smx] backpack.tf API failed: Unable to connect to server or server returned no data
L 01/22/2016 - 23:58:48: [backpack-tf.smx] backpack.tf API failed: Unable to connect to server or server returned no data
L 01/22/2016 - 23:59:48: [backpack-tf.smx] backpack.tf API failed: Unable to connect to server or server returned no data
