L 01/21/2016 - 08:32:00: SourceMod error session started
L 01/21/2016 - 08:32:00: Info (map "ctf_2fort") (file "errors_20160121.log")
L 01/21/2016 - 08:32:00: [admin-flatfile.smx] Error(s) detected parsing addons/sourcemod/configs/admins.cfg
L 01/21/2016 - 08:32:00: [admin-flatfile.smx]  (line 55) Unknown group ""
L 01/21/2016 - 08:32:00: [admin-flatfile.smx]  (line 63) Unknown group ""
L 01/21/2016 - 08:32:54: Error log file session closed.
L 01/21/2016 - 08:33:11: SourceMod error session started
L 01/21/2016 - 08:33:11: Info (map "ctf_2fort") (file "errors_20160121.log")
L 01/21/2016 - 08:33:11: [admin-flatfile.smx] Error(s) detected parsing addons/sourcemod/configs/admins.cfg
L 01/21/2016 - 08:33:11: [admin-flatfile.smx]  (line 55) Unknown group ""
L 01/21/2016 - 08:33:11: [admin-flatfile.smx]  (line 63) Unknown group ""
L 01/21/2016 - 08:33:40: Error log file session closed.
L 01/21/2016 - 10:04:09: SourceMod error session started
L 01/21/2016 - 10:04:09: Info (map "ctf_2fort") (file "errors_20160121.log")
L 01/21/2016 - 10:04:09: [admin-flatfile.smx] Error(s) detected parsing addons/sourcemod/configs/admins.cfg
L 01/21/2016 - 10:04:09: [admin-flatfile.smx]  (line 55) Unknown group ""
L 01/21/2016 - 10:04:09: [admin-flatfile.smx]  (line 63) Unknown group ""
L 01/21/2016 - 10:35:24: [admin-flatfile.smx] Error(s) detected parsing addons/sourcemod/configs/admins.cfg
L 01/21/2016 - 10:35:24: [admin-flatfile.smx]  (line 63) Unknown group ""
L 01/21/2016 - 11:31:32: SourceMod error session started
L 01/21/2016 - 11:31:32: Info (map "ctf_2fort") (file "errors_20160121.log")
L 01/21/2016 - 11:31:32: [admin-flatfile.smx] Error(s) detected parsing addons/sourcemod/configs/admins.cfg
L 01/21/2016 - 11:31:32: [admin-flatfile.smx]  (line 63) Unknown group ""
L 01/21/2016 - 12:38:35: SourceMod error session started
L 01/21/2016 - 12:38:35: Info (map "ctf_2fort") (file "errors_20160121.log")
L 01/21/2016 - 12:38:35: [admin-flatfile.smx] Error(s) detected parsing addons/sourcemod/configs/admins.cfg
L 01/21/2016 - 12:38:35: [admin-flatfile.smx]  (line 63) Unknown group ""
L 01/21/2016 - 13:24:11: SourceMod error session started
L 01/21/2016 - 13:24:11: Info (map "ctf_2fort") (file "errors_20160121.log")
L 01/21/2016 - 13:24:11: [admin-flatfile.smx] Error(s) detected parsing addons/sourcemod/configs/admins.cfg
L 01/21/2016 - 13:24:11: [admin-flatfile.smx]  (line 63) Unknown group ""
L 01/21/2016 - 13:46:28: SourceMod error session started
L 01/21/2016 - 13:46:28: Info (map "ctf_2fort") (file "errors_20160121.log")
L 01/21/2016 - 13:46:28: [admin-flatfile.smx] Error(s) detected parsing addons/sourcemod/configs/admins.cfg
L 01/21/2016 - 13:46:28: [admin-flatfile.smx]  (line 63) Unknown group ""
L 01/21/2016 - 13:50:25: SourceMod error session started
L 01/21/2016 - 13:50:25: Info (map "ctf_2fort") (file "errors_20160121.log")
L 01/21/2016 - 13:50:25: [admin-flatfile.smx] Error(s) detected parsing addons/sourcemod/configs/admins.cfg
L 01/21/2016 - 13:50:25: [admin-flatfile.smx]  (line 63) Unknown group ""
L 01/21/2016 - 13:50:38: SourceMod error session started
L 01/21/2016 - 13:50:38: Info (map "ctf_2fort") (file "errors_20160121.log")
L 01/21/2016 - 13:50:38: [admin-flatfile.smx] Error(s) detected parsing addons/sourcemod/configs/admins.cfg
L 01/21/2016 - 13:50:38: [admin-flatfile.smx]  (line 63) Unknown group ""
L 01/21/2016 - 13:50:47: SourceMod error session started
L 01/21/2016 - 13:50:47: Info (map "ctf_2fort") (file "errors_20160121.log")
L 01/21/2016 - 13:50:47: [admin-flatfile.smx] Error(s) detected parsing addons/sourcemod/configs/admins.cfg
L 01/21/2016 - 13:50:47: [admin-flatfile.smx]  (line 63) Unknown group ""
L 01/21/2016 - 13:51:46: SourceMod error session started
L 01/21/2016 - 13:51:46: Info (map "ctf_2fort") (file "errors_20160121.log")
L 01/21/2016 - 13:51:46: [admin-flatfile.smx] Error(s) detected parsing addons/sourcemod/configs/admins.cfg
L 01/21/2016 - 13:51:46: [admin-flatfile.smx]  (line 63) Unknown group ""
L 01/21/2016 - 13:56:39: SourceMod error session started
L 01/21/2016 - 13:56:39: Info (map "ctf_2fort") (file "errors_20160121.log")
L 01/21/2016 - 13:56:39: [admin-flatfile.smx] Error(s) detected parsing addons/sourcemod/configs/admins.cfg
L 01/21/2016 - 13:56:39: [admin-flatfile.smx]  (line 63) Unknown group ""
L 01/21/2016 - 13:58:35: Error log file session closed.
L 01/21/2016 - 14:00:59: SourceMod error session started
L 01/21/2016 - 14:00:59: Info (map "ctf_2fort") (file "errors_20160121.log")
L 01/21/2016 - 14:00:59: [admin-flatfile.smx] Error(s) detected parsing addons/sourcemod/configs/admins.cfg
L 01/21/2016 - 14:00:59: [admin-flatfile.smx]  (line 63) Unknown group ""
L 01/21/2016 - 14:04:50: SourceMod error session started
L 01/21/2016 - 14:04:50: Info (map "ctf_2fort") (file "errors_20160121.log")
L 01/21/2016 - 14:04:50: [admin-flatfile.smx] Error(s) detected parsing addons/sourcemod/configs/admins.cfg
L 01/21/2016 - 14:04:50: [admin-flatfile.smx]  (line 63) Unknown group ""
L 01/21/2016 - 14:28:22: SourceMod error session started
L 01/21/2016 - 14:28:22: Info (map "ctf_2fort") (file "errors_20160121.log")
L 01/21/2016 - 14:28:22: [admin-flatfile.smx] Error(s) detected parsing addons/sourcemod/configs/admins.cfg
L 01/21/2016 - 14:28:22: [admin-flatfile.smx]  (line 63) Unknown group ""
L 01/21/2016 - 14:38:13: Error log file session closed.
L 01/21/2016 - 14:56:38: SourceMod error session started
L 01/21/2016 - 14:56:38: Info (map "ctf_2fort") (file "errors_20160121.log")
L 01/21/2016 - 14:56:38: [admin-flatfile.smx] Error(s) detected parsing addons/sourcemod/configs/admins.cfg
L 01/21/2016 - 14:56:38: [admin-flatfile.smx]  (line 63) Unknown group ""
L 01/21/2016 - 15:22:22: Error log file session closed.
L 01/21/2016 - 15:22:30: SourceMod error session started
L 01/21/2016 - 15:22:30: Info (map "ctf_2fort") (file "errors_20160121.log")
L 01/21/2016 - 15:22:30: [admin-flatfile.smx] Error(s) detected parsing addons/sourcemod/configs/admins.cfg
L 01/21/2016 - 15:22:30: [admin-flatfile.smx]  (line 63) Unknown group ""
L 01/21/2016 - 15:32:55: Error log file session closed.
L 01/21/2016 - 15:32:55: SourceMod error session started
L 01/21/2016 - 15:32:55: Info (map "ctf_sawmill") (file "errors_20160121.log")
L 01/21/2016 - 15:32:55: [admin-flatfile.smx] Error(s) detected parsing addons/sourcemod/configs/admins.cfg
L 01/21/2016 - 15:32:55: [admin-flatfile.smx]  (line 63) Unknown group ""
L 01/21/2016 - 15:45:10: [admin-flatfile.smx] Error(s) detected parsing addons/sourcemod/configs/admins.cfg
L 01/21/2016 - 15:45:10: [admin-flatfile.smx]  (line 63) Unknown group ""
L 01/21/2016 - 16:06:53: [admin-flatfile.smx] Error(s) detected parsing addons/sourcemod/configs/admins.cfg
L 01/21/2016 - 16:06:53: [admin-flatfile.smx]  (line 63) Unknown group ""
L 01/21/2016 - 16:07:00: [SM] Native "PrintToChat" reported: Client index 0 is invalid
L 01/21/2016 - 16:07:00: [SM] Displaying call stack trace for plugin "selfpunisher.smx":
L 01/21/2016 - 16:07:00: [SM]   [0]  Line 33, /home/forums/content/files/3/2/1/6/5/27442.attach::Command_Say()
L 01/21/2016 - 16:07:03: Error log file session closed.
L 01/21/2016 - 16:07:11: SourceMod error session started
L 01/21/2016 - 16:07:11: Info (map "ctf_2fort") (file "errors_20160121.log")
L 01/21/2016 - 16:07:11: [admin-flatfile.smx] Error(s) detected parsing addons/sourcemod/configs/admins.cfg
L 01/21/2016 - 16:07:11: [admin-flatfile.smx]  (line 63) Unknown group ""
L 01/21/2016 - 16:12:50: [admin-flatfile.smx] Error(s) detected parsing addons/sourcemod/configs/admin_groups.cfg
L 01/21/2016 - 16:12:50: [admin-flatfile.smx]  (line 30) Section declared with unknown tokens
L 01/21/2016 - 16:12:50: [admin-flatfile.smx] Error(s) detected parsing addons/sourcemod/configs/admin_groups.cfg
L 01/21/2016 - 16:12:50: [admin-flatfile.smx]  (line 30) Section declared with unknown tokens
L 01/21/2016 - 16:13:40: Error log file session closed.
L 01/21/2016 - 16:13:49: SourceMod error session started
L 01/21/2016 - 16:13:49: Info (map "ctf_2fort") (file "errors_20160121.log")
L 01/21/2016 - 16:13:49: [admin-flatfile.smx] Error(s) detected parsing addons/sourcemod/configs/admin_groups.cfg
L 01/21/2016 - 16:13:49: [admin-flatfile.smx]  (line 30) Section declared with unknown tokens
L 01/21/2016 - 16:13:49: [admin-flatfile.smx] Error(s) detected parsing addons/sourcemod/configs/admin_groups.cfg
L 01/21/2016 - 16:13:49: [admin-flatfile.smx]  (line 30) Section declared with unknown tokens
L 01/21/2016 - 16:17:37: [admin-flatfile.smx] Error(s) detected parsing addons/sourcemod/configs/admin_groups.cfg
L 01/21/2016 - 16:17:37: [admin-flatfile.smx]  (line 30) Section declared with unknown tokens
L 01/21/2016 - 16:17:37: [admin-flatfile.smx] Error(s) detected parsing addons/sourcemod/configs/admin_groups.cfg
L 01/21/2016 - 16:17:37: [admin-flatfile.smx]  (line 30) Section declared with unknown tokens
L 01/21/2016 - 16:20:52: Error log file session closed.
L 01/21/2016 - 16:21:01: SourceMod error session started
L 01/21/2016 - 16:21:01: Info (map "ctf_2fort") (file "errors_20160121.log")
L 01/21/2016 - 16:21:01: [admin-flatfile.smx] Error(s) detected parsing addons/sourcemod/configs/admin_groups.cfg
L 01/21/2016 - 16:21:01: [admin-flatfile.smx]  (line 30) Section declared with unknown tokens
L 01/21/2016 - 16:21:01: [admin-flatfile.smx] Error(s) detected parsing addons/sourcemod/configs/admin_groups.cfg
L 01/21/2016 - 16:21:01: [admin-flatfile.smx]  (line 30) Section declared with unknown tokens
L 01/21/2016 - 16:26:31: [admin-flatfile.smx] Error(s) detected parsing addons/sourcemod/configs/admins.cfg
L 01/21/2016 - 16:26:31: [admin-flatfile.smx]  (line 63) Unknown group ""
L 01/21/2016 - 16:40:00: [admin-flatfile.smx] Error(s) detected parsing addons/sourcemod/configs/admins.cfg
L 01/21/2016 - 16:40:00: [admin-flatfile.smx]  (line 7) Unknown group ""
L 01/21/2016 - 16:40:00: [admin-flatfile.smx]  (line 63) Unknown group ""
L 01/21/2016 - 16:43:21: [admin-flatfile.smx] Error(s) detected parsing addons/sourcemod/configs/admins.cfg
L 01/21/2016 - 16:43:21: [admin-flatfile.smx]  (line 63) Unknown group ""
L 01/21/2016 - 16:44:52: [admin-flatfile.smx] Error(s) detected parsing addons/sourcemod/configs/admins.cfg
L 01/21/2016 - 16:44:52: [admin-flatfile.smx]  (line 63) Unknown group ""
L 01/21/2016 - 16:45:02: [admin-flatfile.smx] Error(s) detected parsing addons/sourcemod/configs/admins.cfg
L 01/21/2016 - 16:45:02: [admin-flatfile.smx]  (line 63) Unknown group ""
L 01/21/2016 - 16:47:09: [admin-flatfile.smx] Error(s) detected parsing addons/sourcemod/configs/admins.cfg
L 01/21/2016 - 16:47:09: [admin-flatfile.smx]  (line 63) Unknown group ""
L 01/21/2016 - 16:48:02: [admin-flatfile.smx] Error(s) detected parsing addons/sourcemod/configs/admins.cfg
L 01/21/2016 - 16:48:02: [admin-flatfile.smx]  (line 63) Unknown group ""
L 01/21/2016 - 16:54:05: Error log file session closed.
L 01/21/2016 - 16:54:13: SourceMod error session started
L 01/21/2016 - 16:54:13: Info (map "ctf_2fort") (file "errors_20160121.log")
L 01/21/2016 - 16:54:13: [admin-flatfile.smx] Error(s) detected parsing addons/sourcemod/configs/admins.cfg
L 01/21/2016 - 16:54:13: [admin-flatfile.smx]  (line 63) Unknown group ""
L 01/21/2016 - 17:21:48: Error log file session closed.
L 01/21/2016 - 17:21:57: SourceMod error session started
L 01/21/2016 - 17:21:57: Info (map "ctf_2fort") (file "errors_20160121.log")
L 01/21/2016 - 17:21:57: [SM] Error parsing gameconfig file "/home/l4z0r/Desktop/tf2server/tf/addons/sourcemod/gamedata/tf2.attributes.txt":
L 01/21/2016 - 17:21:57: [SM] Error 1 on line 0, col 0: Stream failed to open
L 01/21/2016 - 17:21:57: [SM] Native "LoadGameConfigFile" reported: Unable to open tf2.attributes: File could not be opened: No such file or directory
L 01/21/2016 - 17:21:57: [SM] Displaying call stack trace for plugin "tf2attributes.smx":
L 01/21/2016 - 17:21:57: [SM]   [0]  Line 85, /home/forums/content/files/8/4/3/0/4/116848.attach::OnPluginStart()
L 01/21/2016 - 17:21:57: [admin-flatfile.smx] Error(s) detected parsing addons/sourcemod/configs/admins.cfg
L 01/21/2016 - 17:21:57: [admin-flatfile.smx]  (line 63) Unknown group ""
L 01/21/2016 - 17:22:03: [STEAMTOOLS] Server Gameplay Stats received with an unexpected eResult. (eResult = 2)
L 01/21/2016 - 17:22:03: Error log file session closed.
L 01/21/2016 - 17:22:04: SourceMod error session started
L 01/21/2016 - 17:22:04: Info (map "ctf_2fort") (file "errors_20160121.log")
L 01/21/2016 - 17:22:04: [SM] Error parsing gameconfig file "/home/l4z0r/Desktop/tf2server/tf/addons/sourcemod/gamedata/tf2.attributes.txt":
L 01/21/2016 - 17:22:04: [SM] Error 1 on line 0, col 0: Stream failed to open
L 01/21/2016 - 17:22:04: [SM] Native "LoadGameConfigFile" reported: Unable to open tf2.attributes: File could not be opened: No such file or directory
L 01/21/2016 - 17:22:04: [SM] Displaying call stack trace for plugin "tf2attributes.smx":
L 01/21/2016 - 17:22:04: [SM]   [0]  Line 85, /home/forums/content/files/8/4/3/0/4/116848.attach::OnPluginStart()
L 01/21/2016 - 17:22:04: [admin-flatfile.smx] Error(s) detected parsing addons/sourcemod/configs/admins.cfg
L 01/21/2016 - 17:22:04: [admin-flatfile.smx]  (line 63) Unknown group ""
L 01/21/2016 - 17:22:10: [STEAMTOOLS] Server Gameplay Stats received with an unexpected eResult. (eResult = 20)
L 01/21/2016 - 17:22:10: [STEAMTOOLS] Server Gameplay Stats received with an unexpected eResult. (eResult = 20)
L 01/21/2016 - 17:23:18: Error log file session closed.
L 01/21/2016 - 17:23:18: SourceMod error session started
L 01/21/2016 - 17:23:18: Info (map "cp_badlands") (file "errors_20160121.log")
L 01/21/2016 - 17:23:18: [tf2attributes.smx] Could not initialize call to CEconItemSchema::GetItemDefinition
L 01/21/2016 - 17:23:18: [tf2attributes.smx] Could not initialize call to CEconItemView::GetSOCData
L 01/21/2016 - 17:23:18: [tf2attributes.smx] Could not initialize call to CEconItem::SetCustomName
L 01/21/2016 - 17:23:18: [SM] Plugin encountered error 25: Call was aborted
L 01/21/2016 - 17:23:18: [SM] Native "SetFailState" reported: Could not initialize call to GEconItemSchema
L 01/21/2016 - 17:23:18: [SM] Displaying call stack trace for plugin "tf2attributes.smx":
L 01/21/2016 - 17:23:18: [SM]   [0]  Line 131, /home/forums/content/files/8/4/3/0/4/116848.attach::OnPluginStart()
L 01/21/2016 - 17:23:18: [admin-flatfile.smx] Error(s) detected parsing addons/sourcemod/configs/admins.cfg
L 01/21/2016 - 17:23:18: [admin-flatfile.smx]  (line 63) Unknown group ""
L 01/21/2016 - 17:23:23: [STEAMTOOLS] Server Gameplay Stats received with an unexpected eResult. (eResult = 20)
L 01/21/2016 - 17:25:02: [tf2attributes.smx] Could not initialize call to CEconItemSchema::GetItemDefinition
L 01/21/2016 - 17:25:02: [tf2attributes.smx] Could not initialize call to CEconItemView::GetSOCData
L 01/21/2016 - 17:25:02: [tf2attributes.smx] Could not initialize call to CEconItem::SetCustomName
L 01/21/2016 - 17:25:02: [SM] Plugin encountered error 25: Call was aborted
L 01/21/2016 - 17:25:02: [SM] Native "SetFailState" reported: Could not initialize call to GEconItemSchema
L 01/21/2016 - 17:25:02: [SM] Displaying call stack trace for plugin "tf2attributes.smx":
L 01/21/2016 - 17:25:02: [SM]   [0]  Line 131, /home/forums/content/files/8/4/3/0/4/116848.attach::OnPluginStart()
L 01/21/2016 - 17:25:02: [SM] Error parsing gameconfig file "/home/l4z0r/Desktop/tf2server/tf/addons/sourcemod/gamedata/tf2items.randomizer.txt":
L 01/21/2016 - 17:25:02: [SM] Error 1 on line 0, col 0: Stream failed to open
L 01/21/2016 - 17:25:02: [SM] Native "LoadGameConfigFile" reported: Unable to open tf2items.randomizer: File could not be opened: No such file or directory
L 01/21/2016 - 17:25:02: [SM] Displaying call stack trace for plugin "tf2x10.smx":
L 01/21/2016 - 17:25:02: [SM]   [0]  Line 179, tf2x10.sp::OnPluginStart()
L 01/21/2016 - 17:26:17: Error log file session closed.
L 01/21/2016 - 17:26:25: SourceMod error session started
L 01/21/2016 - 17:26:25: Info (map "ctf_2fort") (file "errors_20160121.log")
L 01/21/2016 - 17:26:25: [SM] Error parsing gameconfig file "/home/l4z0r/Desktop/tf2server/tf/addons/sourcemod/gamedata/tf2.attributes.txt":
L 01/21/2016 - 17:26:25: [SM] Error 1 on line 0, col 0: Stream failed to open
L 01/21/2016 - 17:26:25: [SM] Native "LoadGameConfigFile" reported: Unable to open tf2.attributes: File could not be opened: No such file or directory
L 01/21/2016 - 17:26:25: [SM] Displaying call stack trace for plugin "tf2attributes.smx":
L 01/21/2016 - 17:26:25: [SM]   [0]  Line 85, /home/forums/content/files/8/4/3/0/4/116848.attach::OnPluginStart()
L 01/21/2016 - 17:26:25: [SM] Error parsing gameconfig file "/home/l4z0r/Desktop/tf2server/tf/addons/sourcemod/gamedata/tf2items.randomizer.txt":
L 01/21/2016 - 17:26:25: [SM] Error 1 on line 0, col 0: Stream failed to open
L 01/21/2016 - 17:26:25: [SM] Native "LoadGameConfigFile" reported: Unable to open tf2items.randomizer: File could not be opened: No such file or directory
L 01/21/2016 - 17:26:25: [SM] Displaying call stack trace for plugin "tf2x10.smx":
L 01/21/2016 - 17:26:25: [SM]   [0]  Line 179, tf2x10.sp::OnPluginStart()
L 01/21/2016 - 17:26:25: [admin-flatfile.smx] Error(s) detected parsing addons/sourcemod/configs/admins.cfg
L 01/21/2016 - 17:26:25: [admin-flatfile.smx]  (line 63) Unknown group ""
L 01/21/2016 - 17:26:30: [STEAMTOOLS] Server Gameplay Stats received with an unexpected eResult. (eResult = 2)
L 01/21/2016 - 17:26:31: [STEAMTOOLS] Server Gameplay Stats received with an unexpected eResult. (eResult = 20)
L 01/21/2016 - 17:28:42: Error log file session closed.
L 01/21/2016 - 17:28:50: SourceMod error session started
L 01/21/2016 - 17:28:50: Info (map "ctf_2fort") (file "errors_20160121.log")
L 01/21/2016 - 17:28:50: [SM] Error parsing gameconfig file "/home/l4z0r/Desktop/tf2server/tf/addons/sourcemod/gamedata/tf2.attributes.txt":
L 01/21/2016 - 17:28:50: [SM] Error 1 on line 0, col 0: Stream failed to open
L 01/21/2016 - 17:28:50: [SM] Native "LoadGameConfigFile" reported: Unable to open tf2.attributes: File could not be opened: No such file or directory
L 01/21/2016 - 17:28:50: [SM] Displaying call stack trace for plugin "tf2attributes.smx":
L 01/21/2016 - 17:28:50: [SM]   [0]  Line 85, /home/forums/content/files/8/4/3/0/4/116848.attach::OnPluginStart()
L 01/21/2016 - 17:28:50: [SM] Error parsing gameconfig file "/home/l4z0r/Desktop/tf2server/tf/addons/sourcemod/gamedata/tf2items.randomizer.txt":
L 01/21/2016 - 17:28:50: [SM] Error 1 on line 0, col 0: Stream failed to open
L 01/21/2016 - 17:28:50: [SM] Native "LoadGameConfigFile" reported: Unable to open tf2items.randomizer: File could not be opened: No such file or directory
L 01/21/2016 - 17:28:50: [SM] Displaying call stack trace for plugin "tf2x10.smx":
L 01/21/2016 - 17:28:50: [SM]   [0]  Line 179, tf2x10.sp::OnPluginStart()
L 01/21/2016 - 17:28:50: [admin-flatfile.smx] Error(s) detected parsing addons/sourcemod/configs/admins.cfg
L 01/21/2016 - 17:28:50: [admin-flatfile.smx]  (line 63) Unknown group ""
L 01/21/2016 - 17:41:21: [admin-flatfile.smx] Error(s) detected parsing addons/sourcemod/configs/admins.cfg
L 01/21/2016 - 17:41:21: [admin-flatfile.smx]  (line 63) Unknown group ""
L 01/21/2016 - 17:43:26: [SM] Native "TF2Attrib_RemoveByName" reported: Plugin owning this native is currently paused.
L 01/21/2016 - 17:43:26: [SM] Displaying call stack trace for plugin "tauntspeed.smx":
L 01/21/2016 - 17:43:26: [SM]   [0]  Line 280, tauntspeed.sp::RemoveAttribute()
L 01/21/2016 - 17:43:26: [SM]   [1]  Line 156, tauntspeed.sp::OnClientDisconnect()
L 01/21/2016 - 17:47:46: [SM] Native "TF2Attrib_RemoveByName" reported: Plugin owning this native is currently paused.
L 01/21/2016 - 17:47:46: [SM] Displaying call stack trace for plugin "tauntspeed.smx":
L 01/21/2016 - 17:47:46: [SM]   [0]  Line 280, tauntspeed.sp::RemoveAttribute()
L 01/21/2016 - 17:47:46: [SM]   [1]  Line 156, tauntspeed.sp::OnClientDisconnect()
L 01/21/2016 - 17:47:46: [SM] Native "TF2Attrib_RemoveByName" reported: Plugin owning this native is currently paused.
L 01/21/2016 - 17:47:46: [SM] Displaying call stack trace for plugin "tauntspeed.smx":
L 01/21/2016 - 17:47:46: [SM]   [0]  Line 280, tauntspeed.sp::RemoveAttribute()
L 01/21/2016 - 17:47:46: [SM]   [1]  Line 156, tauntspeed.sp::OnClientDisconnect()
L 01/21/2016 - 17:47:46: [SM] Native "TF2Attrib_RemoveByName" reported: Plugin owning this native is currently paused.
L 01/21/2016 - 17:47:46: [SM] Displaying call stack trace for plugin "tauntspeed.smx":
L 01/21/2016 - 17:47:46: [SM]   [0]  Line 280, tauntspeed.sp::RemoveAttribute()
L 01/21/2016 - 17:47:46: [SM]   [1]  Line 156, tauntspeed.sp::OnClientDisconnect()
L 01/21/2016 - 17:47:46: [SM] Native "TF2Attrib_RemoveByName" reported: Plugin owning this native is currently paused.
L 01/21/2016 - 17:47:46: [SM] Displaying call stack trace for plugin "tauntspeed.smx":
L 01/21/2016 - 17:47:46: [SM]   [0]  Line 280, tauntspeed.sp::RemoveAttribute()
L 01/21/2016 - 17:47:46: [SM]   [1]  Line 156, tauntspeed.sp::OnClientDisconnect()
L 01/21/2016 - 17:47:46: [SM] Native "TF2Attrib_RemoveByName" reported: Plugin owning this native is currently paused.
L 01/21/2016 - 17:47:46: [SM] Displaying call stack trace for plugin "tauntspeed.smx":
L 01/21/2016 - 17:47:46: [SM]   [0]  Line 280, tauntspeed.sp::RemoveAttribute()
L 01/21/2016 - 17:47:46: [SM]   [1]  Line 156, tauntspeed.sp::OnClientDisconnect()
L 01/21/2016 - 17:47:46: [SM] Native "TF2Attrib_RemoveByName" reported: Plugin owning this native is currently paused.
L 01/21/2016 - 17:47:46: [SM] Displaying call stack trace for plugin "tauntspeed.smx":
L 01/21/2016 - 17:47:46: [SM]   [0]  Line 280, tauntspeed.sp::RemoveAttribute()
L 01/21/2016 - 17:47:46: [SM]   [1]  Line 156, tauntspeed.sp::OnClientDisconnect()
L 01/21/2016 - 17:47:47: Error log file session closed.
L 01/21/2016 - 17:47:47: SourceMod error session started
L 01/21/2016 - 17:47:47: Info (map "arena_sawmill") (file "errors_20160121.log")
L 01/21/2016 - 17:47:47: [SM] Unable to load plugin "tauntspeed.smx": Could not find required plugin "tf2attributes"
L 01/21/2016 - 17:47:47: [admin-flatfile.smx] Error(s) detected parsing addons/sourcemod/configs/admins.cfg
L 01/21/2016 - 17:47:47: [admin-flatfile.smx]  (line 63) Unknown group ""
L 01/21/2016 - 18:15:39: Error log file session closed.
L 01/21/2016 - 18:15:39: SourceMod error session started
L 01/21/2016 - 18:15:39: Info (map "pl_upward") (file "errors_20160121.log")
L 01/21/2016 - 18:15:39: [SM] Unable to load plugin "tauntspeed.smx": Could not find required plugin "tf2attributes"
L 01/21/2016 - 18:15:39: [admin-flatfile.smx] Error(s) detected parsing addons/sourcemod/configs/admins.cfg
L 01/21/2016 - 18:15:39: [admin-flatfile.smx]  (line 63) Unknown group ""
L 01/21/2016 - 19:12:01: Error log file session closed.
L 01/21/2016 - 19:12:01: SourceMod error session started
L 01/21/2016 - 19:12:01: Info (map "ctf_turbine") (file "errors_20160121.log")
L 01/21/2016 - 19:12:01: [SM] Unable to load plugin "tauntspeed.smx": Could not find required plugin "tf2attributes"
L 01/21/2016 - 19:12:01: [admin-flatfile.smx] Error(s) detected parsing addons/sourcemod/configs/admins.cfg
L 01/21/2016 - 19:12:01: [admin-flatfile.smx]  (line 63) Unknown group ""
L 01/21/2016 - 20:13:23: Error log file session closed.
L 01/21/2016 - 20:13:23: SourceMod error session started
L 01/21/2016 - 20:13:23: Info (map "cp_steel") (file "errors_20160121.log")
L 01/21/2016 - 20:13:23: [SM] Unable to load plugin "tauntspeed.smx": Could not find required plugin "tf2attributes"
L 01/21/2016 - 20:13:23: [admin-flatfile.smx] Error(s) detected parsing addons/sourcemod/configs/admins.cfg
L 01/21/2016 - 20:13:23: [admin-flatfile.smx]  (line 63) Unknown group ""
L 01/21/2016 - 20:19:41: Error log file session closed.
L 01/21/2016 - 20:19:41: SourceMod error session started
L 01/21/2016 - 20:19:41: Info (map "sd_doomsday") (file "errors_20160121.log")
L 01/21/2016 - 20:19:41: [SM] Unable to load plugin "tauntspeed.smx": Could not find required plugin "tf2attributes"
L 01/21/2016 - 20:19:41: [admin-flatfile.smx] Error(s) detected parsing addons/sourcemod/configs/admins.cfg
L 01/21/2016 - 20:19:41: [admin-flatfile.smx]  (line 63) Unknown group ""
L 01/21/2016 - 20:26:33: [SM] Unable to load plugin "tauntspeed.smx": Could not find required plugin "tf2attributes"
L 01/21/2016 - 20:27:39: [tf2attributes.smx] Could not initialize call to CEconItemSchema::GetItemDefinition
L 01/21/2016 - 20:27:39: [tf2attributes.smx] Could not initialize call to CEconItemView::GetSOCData
L 01/21/2016 - 20:27:39: [tf2attributes.smx] Could not initialize call to CEconItem::SetCustomName
L 01/21/2016 - 20:27:39: [SM] Plugin encountered error 25: Call was aborted
L 01/21/2016 - 20:27:39: [SM] Native "SetFailState" reported: Could not initialize call to GEconItemSchema
L 01/21/2016 - 20:27:39: [SM] Displaying call stack trace for plugin "tf2attributes.smx":
L 01/21/2016 - 20:27:39: [SM]   [0]  Line 131, /home/forums/content/files/8/4/3/0/4/116848.attach::OnPluginStart()
L 01/21/2016 - 20:32:02: [SM] Native "TF2Attrib_RemoveByName" reported: Plugin owning this native is currently paused.
L 01/21/2016 - 20:32:02: [SM] Displaying call stack trace for plugin "tauntspeed.smx":
L 01/21/2016 - 20:32:02: [SM]   [0]  Line 280, tauntspeed.sp::RemoveAttribute()
L 01/21/2016 - 20:32:02: [SM]   [1]  Line 156, tauntspeed.sp::OnClientDisconnect()
L 01/21/2016 - 20:40:47: [SM] Native "TF2Attrib_RemoveByName" reported: Plugin owning this native is currently paused.
L 01/21/2016 - 20:40:47: [SM] Displaying call stack trace for plugin "tauntspeed.smx":
L 01/21/2016 - 20:40:47: [SM]   [0]  Line 280, tauntspeed.sp::RemoveAttribute()
L 01/21/2016 - 20:40:47: [SM]   [1]  Line 156, tauntspeed.sp::OnClientDisconnect()
L 01/21/2016 - 21:00:49: [SM] Native "TF2Attrib_RemoveByName" reported: Plugin owning this native is currently paused.
L 01/21/2016 - 21:00:49: [SM] Displaying call stack trace for plugin "tauntspeed.smx":
L 01/21/2016 - 21:00:49: [SM]   [0]  Line 280, tauntspeed.sp::RemoveAttribute()
L 01/21/2016 - 21:00:49: [SM]   [1]  Line 156, tauntspeed.sp::OnClientDisconnect()
L 01/21/2016 - 21:03:27: [SM] Native "TF2Attrib_RemoveByName" reported: Plugin owning this native is currently paused.
L 01/21/2016 - 21:03:27: [SM] Displaying call stack trace for plugin "tauntspeed.smx":
L 01/21/2016 - 21:03:27: [SM]   [0]  Line 280, tauntspeed.sp::RemoveAttribute()
L 01/21/2016 - 21:03:27: [SM]   [1]  Line 156, tauntspeed.sp::OnClientDisconnect()
L 01/21/2016 - 21:03:28: [SM] Native "TF2Attrib_RemoveByName" reported: Plugin owning this native is currently paused.
L 01/21/2016 - 21:03:28: [SM] Displaying call stack trace for plugin "tauntspeed.smx":
L 01/21/2016 - 21:03:28: [SM]   [0]  Line 280, tauntspeed.sp::RemoveAttribute()
L 01/21/2016 - 21:03:28: [SM]   [1]  Line 156, tauntspeed.sp::OnClientDisconnect()
L 01/21/2016 - 21:03:28: [SM] Native "TF2Attrib_RemoveByName" reported: Plugin owning this native is currently paused.
L 01/21/2016 - 21:03:28: [SM] Displaying call stack trace for plugin "tauntspeed.smx":
L 01/21/2016 - 21:03:28: [SM]   [0]  Line 280, tauntspeed.sp::RemoveAttribute()
L 01/21/2016 - 21:03:28: [SM]   [1]  Line 156, tauntspeed.sp::OnClientDisconnect()
L 01/21/2016 - 21:03:33: [SM] Native "TF2Attrib_RemoveByName" reported: Plugin owning this native is currently paused.
L 01/21/2016 - 21:03:33: [SM] Displaying call stack trace for plugin "tauntspeed.smx":
L 01/21/2016 - 21:03:33: [SM]   [0]  Line 280, tauntspeed.sp::RemoveAttribute()
L 01/21/2016 - 21:03:33: [SM]   [1]  Line 156, tauntspeed.sp::OnClientDisconnect()
L 01/21/2016 - 21:05:07: [SM] Native "TF2Attrib_RemoveByName" reported: Plugin owning this native is currently paused.
L 01/21/2016 - 21:05:07: [SM] Displaying call stack trace for plugin "tauntspeed.smx":
L 01/21/2016 - 21:05:07: [SM]   [0]  Line 280, tauntspeed.sp::RemoveAttribute()
L 01/21/2016 - 21:05:07: [SM]   [1]  Line 156, tauntspeed.sp::OnClientDisconnect()
L 01/21/2016 - 21:06:15: [SM] Native "TF2Attrib_RemoveByName" reported: Plugin owning this native is currently paused.
L 01/21/2016 - 21:06:15: [SM] Displaying call stack trace for plugin "tauntspeed.smx":
L 01/21/2016 - 21:06:15: [SM]   [0]  Line 280, tauntspeed.sp::RemoveAttribute()
L 01/21/2016 - 21:06:15: [SM]   [1]  Line 156, tauntspeed.sp::OnClientDisconnect()
L 01/21/2016 - 21:06:18: [SM] Native "TF2Attrib_RemoveByName" reported: Plugin owning this native is currently paused.
L 01/21/2016 - 21:06:18: [SM] Displaying call stack trace for plugin "tauntspeed.smx":
L 01/21/2016 - 21:06:18: [SM]   [0]  Line 280, tauntspeed.sp::RemoveAttribute()
L 01/21/2016 - 21:06:18: [SM]   [1]  Line 156, tauntspeed.sp::OnClientDisconnect()
L 01/21/2016 - 21:08:57: [SM] Native "TF2Attrib_RemoveByName" reported: Plugin owning this native is currently paused.
L 01/21/2016 - 21:08:57: [SM] Displaying call stack trace for plugin "tauntspeed.smx":
L 01/21/2016 - 21:08:57: [SM]   [0]  Line 280, tauntspeed.sp::RemoveAttribute()
L 01/21/2016 - 21:08:57: [SM]   [1]  Line 156, tauntspeed.sp::OnClientDisconnect()
L 01/21/2016 - 21:10:47: [SM] Native "TF2Attrib_RemoveByName" reported: Plugin owning this native is currently paused.
L 01/21/2016 - 21:10:47: [SM] Displaying call stack trace for plugin "tauntspeed.smx":
L 01/21/2016 - 21:10:47: [SM]   [0]  Line 280, tauntspeed.sp::RemoveAttribute()
L 01/21/2016 - 21:10:47: [SM]   [1]  Line 156, tauntspeed.sp::OnClientDisconnect()
L 01/21/2016 - 21:10:51: [SM] Native "TF2Attrib_RemoveByName" reported: Plugin owning this native is currently paused.
L 01/21/2016 - 21:10:51: [SM] Displaying call stack trace for plugin "tauntspeed.smx":
L 01/21/2016 - 21:10:51: [SM]   [0]  Line 280, tauntspeed.sp::RemoveAttribute()
L 01/21/2016 - 21:10:51: [SM]   [1]  Line 156, tauntspeed.sp::OnClientDisconnect()
L 01/21/2016 - 21:10:54: [SM] Native "TF2Attrib_RemoveByName" reported: Plugin owning this native is currently paused.
L 01/21/2016 - 21:10:54: [SM] Displaying call stack trace for plugin "tauntspeed.smx":
L 01/21/2016 - 21:10:54: [SM]   [0]  Line 280, tauntspeed.sp::RemoveAttribute()
L 01/21/2016 - 21:10:54: [SM]   [1]  Line 156, tauntspeed.sp::OnClientDisconnect()
L 01/21/2016 - 21:14:32: [SM] Native "TF2Attrib_RemoveByName" reported: Plugin owning this native is currently paused.
L 01/21/2016 - 21:14:32: [SM] Displaying call stack trace for plugin "tauntspeed.smx":
L 01/21/2016 - 21:14:32: [SM]   [0]  Line 280, tauntspeed.sp::RemoveAttribute()
L 01/21/2016 - 21:14:32: [SM]   [1]  Line 156, tauntspeed.sp::OnClientDisconnect()
L 01/21/2016 - 21:14:32: [SM] Native "TF2Attrib_RemoveByName" reported: Plugin owning this native is currently paused.
L 01/21/2016 - 21:14:32: [SM] Displaying call stack trace for plugin "tauntspeed.smx":
L 01/21/2016 - 21:14:32: [SM]   [0]  Line 280, tauntspeed.sp::RemoveAttribute()
L 01/21/2016 - 21:14:32: [SM]   [1]  Line 156, tauntspeed.sp::OnClientDisconnect()
L 01/21/2016 - 21:14:32: [SM] Native "TF2Attrib_RemoveByName" reported: Plugin owning this native is currently paused.
L 01/21/2016 - 21:14:32: [SM] Displaying call stack trace for plugin "tauntspeed.smx":
L 01/21/2016 - 21:14:32: [SM]   [0]  Line 280, tauntspeed.sp::RemoveAttribute()
L 01/21/2016 - 21:14:32: [SM]   [1]  Line 156, tauntspeed.sp::OnClientDisconnect()
L 01/21/2016 - 21:14:32: [SM] Native "TF2Attrib_RemoveByName" reported: Plugin owning this native is currently paused.
L 01/21/2016 - 21:14:32: [SM] Displaying call stack trace for plugin "tauntspeed.smx":
L 01/21/2016 - 21:14:32: [SM]   [0]  Line 280, tauntspeed.sp::RemoveAttribute()
L 01/21/2016 - 21:14:32: [SM]   [1]  Line 156, tauntspeed.sp::OnClientDisconnect()
L 01/21/2016 - 21:14:32: [SM] Native "TF2Attrib_RemoveByName" reported: Plugin owning this native is currently paused.
L 01/21/2016 - 21:14:32: [SM] Displaying call stack trace for plugin "tauntspeed.smx":
L 01/21/2016 - 21:14:32: [SM]   [0]  Line 280, tauntspeed.sp::RemoveAttribute()
L 01/21/2016 - 21:14:32: [SM]   [1]  Line 156, tauntspeed.sp::OnClientDisconnect()
L 01/21/2016 - 21:14:32: [SM] Native "TF2Attrib_RemoveByName" reported: Plugin owning this native is currently paused.
L 01/21/2016 - 21:14:32: [SM] Displaying call stack trace for plugin "tauntspeed.smx":
L 01/21/2016 - 21:14:32: [SM]   [0]  Line 280, tauntspeed.sp::RemoveAttribute()
L 01/21/2016 - 21:14:32: [SM]   [1]  Line 156, tauntspeed.sp::OnClientDisconnect()
L 01/21/2016 - 21:15:50: Error log file session closed.
