L 01/26/2016 - 07:55:21: SourceMod log file session started (file "L20160126.log") (Version "1.7.3-dev+5290")
L 01/26/2016 - 07:55:21: [backpack-tf.smx] backpack.tf price list successfully downloaded!
L 01/26/2016 - 08:55:24: [backpack-tf.smx] backpack.tf price list successfully downloaded!
L 01/26/2016 - 09:55:27: [backpack-tf.smx] backpack.tf price list successfully downloaded!
L 01/26/2016 - 10:55:29: [backpack-tf.smx] backpack.tf price list successfully downloaded!
L 01/26/2016 - 11:55:31: [backpack-tf.smx] backpack.tf price list successfully downloaded!
L 01/26/2016 - 12:55:35: [backpack-tf.smx] backpack.tf price list successfully downloaded!
L 01/26/2016 - 13:55:38: [backpack-tf.smx] backpack.tf price list successfully downloaded!
L 01/26/2016 - 14:55:40: [backpack-tf.smx] backpack.tf price list successfully downloaded!
L 01/26/2016 - 15:10:14: [basecommands.smx] "L4Z0R_ [H]<61><[U:1:163892789]><>" changed map to "surf_torr"
L 01/26/2016 - 15:10:17: [SM] Changed map to "surf_torr"
L 01/26/2016 - 15:10:18: -------- Mapchange to surf_torrent_v1b --------
L 01/26/2016 - 15:10:24: [basecommands.smx] "Console<0><Console><Console>" changed cvar (cvar "sv_airaccelerate") (value "1500")
L 01/26/2016 - 15:10:24: [buildinghats.smx] [Building Hats] Executing configuration file addons/sourcemod/configs/buildinghats.cfg
L 01/26/2016 - 15:29:33: [basecommands.smx] "L4Z0R_ [H]<61><[U:1:163892789]><>" console command (cmdline "fc_bhop_lazymode ")
L 01/26/2016 - 15:29:37: [basecommands.smx] "L4Z0R_ [H]<61><[U:1:163892789]><>" console command (cmdline "fc_bhop_lazymode 1")
L 01/26/2016 - 15:33:16: [AdvancedInfiniteAmmo.smx] "L4Z0R_ [H]<61><[U:1:163892789]><>" Enabled Advanced Infinite Ammo for  "L4Z0R_ [H]<61><[U:1:163892789]><>"
L 01/26/2016 - 15:55:49: [backpack-tf.smx] backpack.tf price list successfully downloaded!
L 01/26/2016 - 16:55:52: [backpack-tf.smx] backpack.tf price list successfully downloaded!
L 01/26/2016 - 17:10:00: [AdvancedInfiniteAmmo.smx] "[H] Satanic Hattu<71><[U:1:44072258]><>" Enabled Advanced Infinite Ammo for  "[H] Satanic Hattu<71><[U:1:44072258]><>"
L 01/26/2016 - 17:11:34: [advcommands.smx] "[H] Satanic Hattu<71><[U:1:44072258]><>" set health of player "[H] Satanic Hattu<71><[U:1:44072258]><>" to 1000000
L 01/26/2016 - 17:12:54: [advcommands.smx] "[H] Satanic Hattu<71><[U:1:44072258]><>" set health of player "[H] Satanic Hattu<71><[U:1:44072258]><>" to 32323232
L 01/26/2016 - 17:14:01: [advcommands.smx] "[H] Satanic Hattu<71><[U:1:44072258]><>" set health of player "[H] Satanic Hattu<71><[U:1:44072258]><>" to 100000
L 01/26/2016 - 17:14:33: [funcommands.smx] "[H] Satanic Hattu<71><[U:1:44072258]><>" toggled noclip on "[H] Satanic Hattu<71><[U:1:44072258]><>"
L 01/26/2016 - 17:14:45: [funcommands.smx] "[H] Satanic Hattu<71><[U:1:44072258]><>" toggled noclip on "[H] Satanic Hattu<71><[U:1:44072258]><>"
L 01/26/2016 - 17:22:52: [AdvancedInfiniteAmmo.smx] "L4Z0R_ [H]<72><[U:1:163892789]><>" Enabled Advanced Infinite Ammo for  "L4Z0R_ [H]<72><[U:1:163892789]><>"
L 01/26/2016 - 17:25:32: [advcommands.smx] "[H] Satanic Hattu<71><[U:1:44072258]><>" set health of player "[H] Satanic Hattu<71><[U:1:44072258]><>" to 10000000
L 01/26/2016 - 17:26:29: [funcommands.smx] "Portello [H]<74><[U:1:55437863]><>" toggled noclip on "Portello [H]<74><[U:1:55437863]><>"
L 01/26/2016 - 17:29:02: [funcommands.smx] "Portello [H]<74><[U:1:55437863]><>" toggled noclip on "Portello [H]<74><[U:1:55437863]><>"
L 01/26/2016 - 17:33:26: [advcommands.smx] "[H] Satanic Hattu<71><[U:1:44072258]><>" set health of player "[H] Satanic Hattu<71><[U:1:44072258]><>" to 10000000
L 01/26/2016 - 17:33:42: [advcommands.smx] "[H] Tairuu -TPF-:3<75><[U:1:80406531]><>" set health of player "[H] Tairuu -TPF-:3<75><[U:1:80406531]><>" to 10000000
L 01/26/2016 - 17:35:11: [advcommands.smx] "[H] Tairuu -TPF-:3<75><[U:1:80406531]><>" set health of player "[H] Tairuu -TPF-:3<75><[U:1:80406531]><>" to 1000000
L 01/26/2016 - 17:35:30: [funcommands.smx] "Portello [H]<76><[U:1:55437863]><>" toggled noclip on "Portello [H]<76><[U:1:55437863]><>"
L 01/26/2016 - 17:36:11: [funcommands.smx] "[H] Satanic Hattu<71><[U:1:44072258]><>" toggled noclip on "[H] Satanic Hattu<71><[U:1:44072258]><>"
L 01/26/2016 - 17:45:01: [funcommands.smx] "[H] Satanic Hattu<71><[U:1:44072258]><>" toggled noclip on "[H] Satanic Hattu<71><[U:1:44072258]><>"
L 01/26/2016 - 17:45:05: [funcommands.smx] "[H] Satanic Hattu<71><[U:1:44072258]><>" toggled noclip on "[H] Satanic Hattu<71><[U:1:44072258]><>"
L 01/26/2016 - 17:45:07: [funcommands.smx] "[H] Satanic Hattu<71><[U:1:44072258]><>" toggled noclip on "[H] Satanic Hattu<71><[U:1:44072258]><>"
L 01/26/2016 - 17:45:09: [funcommands.smx] "[H] Satanic Hattu<71><[U:1:44072258]><>" toggled noclip on "[H] Satanic Hattu<71><[U:1:44072258]><>"
L 01/26/2016 - 17:48:09: [advcommands.smx] "[H] Satanic Hattu<71><[U:1:44072258]><>" set health of player "[H] Satanic Hattu<71><[U:1:44072258]><>" to 10000000
L 01/26/2016 - 17:55:54: [backpack-tf.smx] backpack.tf price list successfully downloaded!
L 01/26/2016 - 18:04:35: [mapchooser.smx] Voting for next map has started.
L 01/26/2016 - 18:18:26: [basecommands.smx] "L4Z0R_ [H]<79><[U:1:163892789]><>" console command (cmdline "fc_bounce_enable 1")
L 01/26/2016 - 18:18:32: [basecommands.smx] "L4Z0R_ [H]<79><[U:1:163892789]><>" console command (cmdline "fc_bounce 1")
L 01/26/2016 - 18:18:56: [basecommands.smx] "L4Z0R_ [H]<79><[U:1:163892789]><>" console command (cmdline "fc_bounce_enabled 1")
L 01/26/2016 - 18:19:16: [basecommands.smx] "L4Z0R_ [H]<79><[U:1:163892789]><>" console command (cmdline "fc_bhop_lazymode 0")
L 01/26/2016 - 18:20:08: [basecommands.smx] "L4Z0R_ [H]<79><[U:1:163892789]><>" console command (cmdline "fc_bounce_multiplier 2")
L 01/26/2016 - 18:20:27: [basecommands.smx] "L4Z0R_ [H]<79><[U:1:163892789]><>" console command (cmdline "fc_bounce_multiplier 2")
L 01/26/2016 - 18:20:36: [basecommands.smx] "L4Z0R_ [H]<79><[U:1:163892789]><>" console command (cmdline "fc_bounce_multi 2")
L 01/26/2016 - 18:20:38: [basecommands.smx] "L4Z0R_ [H]<79><[U:1:163892789]><>" console command (cmdline "fc_bounce_mult 2")
L 01/26/2016 - 18:20:45: [basecommands.smx] "L4Z0R_ [H]<79><[U:1:163892789]><>" console command (cmdline "fc_bounce_mult 1")
L 01/26/2016 - 18:23:25: [funcommands.smx] "Daddy Know-It-All<78><[U:1:132005047]><>" set gravity on "Daddy Know-It-All<78><[U:1:132005047]><>" to 0.500000.
L 01/26/2016 - 18:25:15: [funcommands.smx] "Daddy Know-It-All<78><[U:1:132005047]><>" set gravity on "Daddy Know-It-All<78><[U:1:132005047]><>" to 0.100000.
L 01/26/2016 - 18:25:18: [funcommands.smx] "Daddy Know-It-All<78><[U:1:132005047]><>" set gravity on "Daddy Know-It-All<78><[U:1:132005047]><>" to 0.500000.
L 01/26/2016 - 18:26:59: [funcommands.smx] "Daddy Know-It-All<78><[U:1:132005047]><>" set gravity on "Daddy Know-It-All<78><[U:1:132005047]><>" to 0.500000.
L 01/26/2016 - 18:28:14: [funcommands.smx] "Daddy Know-It-All<78><[U:1:132005047]><>" set gravity on "Daddy Know-It-All<78><[U:1:132005047]><>" to 0.100000.
L 01/26/2016 - 18:28:17: [funcommands.smx] "Daddy Know-It-All<78><[U:1:132005047]><>" set gravity on "Daddy Know-It-All<78><[U:1:132005047]><>" to 0.500000.
L 01/26/2016 - 18:32:08: [rockthevote.smx] RTV changing map manually
L 01/26/2016 - 18:32:08: [SM] Changed map to "surf_blackout_v3"
L 01/26/2016 - 18:32:09: -------- Mapchange to surf_blackout_v3 --------
L 01/26/2016 - 18:32:14: [basecommands.smx] "Console<0><Console><Console>" changed cvar (cvar "sv_airaccelerate") (value "1500")
L 01/26/2016 - 18:32:14: [buildinghats.smx] [Building Hats] Executing configuration file addons/sourcemod/configs/buildinghats.cfg
L 01/26/2016 - 18:32:53: [basecommands.smx] "Console<0><Console><Console>" changed map to "surf_torr"
L 01/26/2016 - 18:32:56: [SM] Changed map to "surf_torr"
L 01/26/2016 - 18:32:57: -------- Mapchange to surf_torrent_v1b --------
L 01/26/2016 - 18:33:02: [basecommands.smx] "Console<0><Console><Console>" changed cvar (cvar "sv_airaccelerate") (value "1500")
L 01/26/2016 - 18:33:02: [buildinghats.smx] [Building Hats] Executing configuration file addons/sourcemod/configs/buildinghats.cfg
L 01/26/2016 - 18:45:53: [basechat.smx] "L4Z0R_ [H]<79><[U:1:163892789]><>" triggered sm_csay (text Thank you kind stranger!)
L 01/26/2016 - 18:46:16: [basechat.smx] "L4Z0R_ [H]<79><[U:1:163892789]><>" triggered sm_csay (text EDIT: rip inbox)
L 01/26/2016 - 18:46:26: [basechat.smx] "L4Z0R_ [H]<79><[U:1:163892789]><>" triggered sm_csay (text EDIT: wow this blew up!)
L 01/26/2016 - 18:47:11: [basecommands.smx] "L4Z0R_ [H]<79><[U:1:163892789]><>" console command (cmdline "fc_bounce_mult 3")
L 01/26/2016 - 18:48:40: [basecommands.smx] "L4Z0R_ [H]<79><[U:1:163892789]><>" console command (cmdline "fc_bounce_mult 2")
L 01/26/2016 - 18:49:45: [basecommands.smx] "L4Z0R_ [H]<79><[U:1:163892789]><>" console command (cmdline "fc_bounce_mult 10")
L 01/26/2016 - 18:56:08: [backpack-tf.smx] backpack.tf price list successfully downloaded!
L 01/26/2016 - 18:58:21: [mapchooser.smx] Starting map vote because outside request
L 01/26/2016 - 18:58:21: [mapchooser.smx] Voting for next map has started.
L 01/26/2016 - 18:58:42: [mapchooser.smx] Voting for next map has finished. Nextmap: surf_rainbow_v1.
L 01/26/2016 - 18:58:44: [SM] Changed map to "surf_rainbow_v1"
L 01/26/2016 - 18:58:45: -------- Mapchange to surf_rainbow_v1 --------
L 01/26/2016 - 18:58:49: [basecommands.smx] "Console<0><Console><Console>" changed cvar (cvar "sv_airaccelerate") (value "1500")
L 01/26/2016 - 18:58:49: [buildinghats.smx] [Building Hats] Executing configuration file addons/sourcemod/configs/buildinghats.cfg
L 01/26/2016 - 19:05:17: [playercommands.smx] "Portello [H]<85><[U:1:55437863]><>" renamed "[H] sudden pineapple<81><[U:1:106420769]><>" to "Bushman")
L 01/26/2016 - 19:08:32: [funcommands.smx] "Portello [H]<85><[U:1:55437863]><>" toggled noclip on "Portello [H]<85><[U:1:55437863]><>"
L 01/26/2016 - 19:08:41: [funcommands.smx] "Portello [H]<85><[U:1:55437863]><>" toggled noclip on "Portello [H]<85><[U:1:55437863]><>"
L 01/26/2016 - 19:11:02: [funcommands.smx] "Portello [H]<85><[U:1:55437863]><>" toggled noclip on "Portello [H]<85><[U:1:55437863]><>"
L 01/26/2016 - 19:53:58: [basecommands.smx] "L4Z0R_ [H]<99><[U:1:163892789]><>" console command (cmdline "fc_bhop_lazymode 1")
L 01/26/2016 - 19:54:05: [basecommands.smx] "L4Z0R_ [H]<99><[U:1:163892789]><>" console command (cmdline "fc_bounce_enable 0")
L 01/26/2016 - 19:54:07: [basecommands.smx] "L4Z0R_ [H]<99><[U:1:163892789]><>" console command (cmdline "fc_bounce_enabled 0")
L 01/26/2016 - 19:56:16: [backpack-tf.smx] backpack.tf price list successfully downloaded!
L 01/26/2016 - 19:56:41: [mapchooser.smx] Voting for next map has started.
L 01/26/2016 - 19:57:01: [mapchooser.smx] Voting for next map has finished. Nextmap: surf_rebound_v1.
L 01/26/2016 - 19:58:46: [advcommands.smx] "L4Z0R_ [H]<99><[U:1:163892789]><>" set godmode of player "L4Z0R_ [H]<99><[U:1:163892789]><>" to 1
L 01/26/2016 - 19:59:24: [basecommands.smx] "L4Z0R_ [H]<99><[U:1:163892789]><>" console command (cmdline "fc_bhop_lazymode 0")
L 01/26/2016 - 20:02:03: [funcommands.smx] "Portello [H]<85><[U:1:55437863]><>" toggled noclip on "Portello [H]<85><[U:1:55437863]><>"
L 01/26/2016 - 20:02:17: [funcommands.smx] "[H] Tairuu -TPF-:3<96><[U:1:80406531]><>" toggled noclip on "[H] Tairuu -TPF-:3<96><[U:1:80406531]><>"
L 01/26/2016 - 20:02:26: [funcommands.smx] "[H] Tairuu -TPF-:3<96><[U:1:80406531]><>" toggled noclip on "[H] Tairuu -TPF-:3<96><[U:1:80406531]><>"
L 01/26/2016 - 20:03:11: [funcommands.smx] "Portello [H]<85><[U:1:55437863]><>" toggled noclip on "Portello [H]<85><[U:1:55437863]><>"
L 01/26/2016 - 20:04:20: [basechat.smx] "L4Z0R_ [H]<99><[U:1:163892789]><>" triggered sm_csay (text is afk)
L 01/26/2016 - 20:19:08: [advcommands.smx] "[H] Satanic Hattu<106><[U:1:44072258]><>" set health of player "[H] Satanic Hattu<106><[U:1:44072258]><>" to 10000000
L 01/26/2016 - 20:19:25: [funcommands.smx] "Portello [H]<85><[U:1:55437863]><>" toggled noclip on "Portello [H]<85><[U:1:55437863]><>"
L 01/26/2016 - 20:20:01: [advcommands.smx] "[H] Satanic Hattu<106><[U:1:44072258]><>" set health of player "[H] Satanic Hattu<106><[U:1:44072258]><>" to 10000000
L 01/26/2016 - 20:20:10: [funcommands.smx] "[H] Satanic Hattu<106><[U:1:44072258]><>" toggled noclip on "[H] Satanic Hattu<106><[U:1:44072258]><>"
L 01/26/2016 - 20:20:43: [AdvancedInfiniteAmmo.smx] "[H] Satanic Hattu<106><[U:1:44072258]><>" Enabled Advanced Infinite Ammo for  "[H] Satanic Hattu<106><[U:1:44072258]><>"
L 01/26/2016 - 20:29:01: [advcommands.smx] "[H] Satanic Hattu<106><[U:1:44072258]><>" set health of player "[H] Satanic Hattu<106><[U:1:44072258]><>" to 10000000
L 01/26/2016 - 20:31:12: [funcommands.smx] "[H] Satanic Hattu<106><[U:1:44072258]><>" toggled noclip on "[H] Satanic Hattu<106><[U:1:44072258]><>"
L 01/26/2016 - 20:31:20: [funcommands.smx] "[H] Satanic Hattu<106><[U:1:44072258]><>" toggled noclip on "[H] Satanic Hattu<106><[U:1:44072258]><>"
L 01/26/2016 - 20:31:25: [funcommands.smx] "[H] Satanic Hattu<106><[U:1:44072258]><>" toggled noclip on "[H] Satanic Hattu<106><[U:1:44072258]><>"
L 01/26/2016 - 20:31:46: [advcommands.smx] "[H] Satanic Hattu<106><[U:1:44072258]><>" set health of player "[H] Satanic Hattu<106><[U:1:44072258]><>" to 10000000
L 01/26/2016 - 20:32:44: [advcommands.smx] "[H] Tairuu -TPF-:3<96><[U:1:80406531]><>" set health of player "[H] Tairuu -TPF-:3<96><[U:1:80406531]><>" to 1000000
L 01/26/2016 - 20:35:18: [AdvancedInfiniteAmmo.smx] "[H] Satanic Hattu<106><[U:1:44072258]><>" Enabled Advanced Infinite Ammo for  "[H] Tairuu -TPF-:3<96><[U:1:80406531]><>"
L 01/26/2016 - 20:56:18: [backpack-tf.smx] backpack.tf price list successfully downloaded!
L 01/26/2016 - 21:56:21: [backpack-tf.smx] backpack.tf price list successfully downloaded!
L 01/26/2016 - 22:56:23: [backpack-tf.smx] backpack.tf price list successfully downloaded!
