L 01/23/2016 - 10:05:34: SourceMod log file session started (file "L20160123.log") (Version "1.7.3-dev+5290")
L 01/23/2016 - 10:05:34: [backpack-tf.smx] backpack.tf price list successfully downloaded!
L 01/23/2016 - 10:07:26: Log file closed.
L 01/23/2016 - 10:08:37: SourceMod log file session started (file "L20160123.log") (Version "1.7.3-dev+5290")
L 01/23/2016 - 10:08:37: -------- Mapchange to ctf_2fort --------
L 01/23/2016 - 10:08:37: [TF2ITEMS] "GiveNamedItem" offset = 479
L 01/23/2016 - 10:08:37: [GEOIP] GeoIP database info: GEO-106FREE 20160105 Build 1 Copyright (c) 2016 MaxMind Inc All Rights Reserved
L 01/23/2016 - 10:08:37: [tauntspeed.smx] Loaded Taunt Speed Config Successfully.
L 01/23/2016 - 10:08:37: [simple-chatprocessor.smx] [SCP] Recognized mod [Team Fortress 2].
L 01/23/2016 - 10:08:37: [simple-chatprocessor.smx] [SCP] Loading translation file [scp.tf.phrases].
L 01/23/2016 - 10:08:37: [rtd.smx] File test for rtd.phrases.txt: PASSED!
L 01/23/2016 - 10:08:37: [rtd.smx] File test for rtd_effects.cfg: PASSED!
L 01/23/2016 - 10:08:37: [rtd.smx] Loaded 34 effects: (19 good) (15 bad).
L 01/23/2016 - 10:08:42: [buildinghats.smx] [Building Hats] Executing configuration file addons/sourcemod/configs/buildinghats.cfg
L 01/23/2016 - 10:08:42: [rtd.smx] Added chat trigger: rollthedice
L 01/23/2016 - 10:08:42: [rtd.smx] Added chat trigger: roll
L 01/23/2016 - 10:08:42: [rtd.smx] Perk disabled: .
L 01/23/2016 - 10:08:43: [backpack-tf.smx] Locally saved pricing data is 3 minutes old, bypassing backpack.tf query
L 01/23/2016 - 10:09:53: Log file closed.
L 01/23/2016 - 10:10:00: SourceMod log file session started (file "L20160123.log") (Version "1.7.3-dev+5290")
L 01/23/2016 - 10:10:00: -------- Mapchange to ctf_2fort --------
L 01/23/2016 - 10:10:00: [TF2ITEMS] "GiveNamedItem" offset = 479
L 01/23/2016 - 10:10:01: [GEOIP] GeoIP database info: GEO-106FREE 20160105 Build 1 Copyright (c) 2016 MaxMind Inc All Rights Reserved
L 01/23/2016 - 10:10:01: [tauntspeed.smx] Loaded Taunt Speed Config Successfully.
L 01/23/2016 - 10:10:01: [simple-chatprocessor.smx] [SCP] Recognized mod [Team Fortress 2].
L 01/23/2016 - 10:10:01: [simple-chatprocessor.smx] [SCP] Loading translation file [scp.tf.phrases].
L 01/23/2016 - 10:10:01: [rtd.smx] File test for rtd.phrases.txt: PASSED!
L 01/23/2016 - 10:10:01: [rtd.smx] File test for rtd_effects.cfg: PASSED!
L 01/23/2016 - 10:10:01: [rtd.smx] Loaded 34 effects: (19 good) (15 bad).
L 01/23/2016 - 10:10:06: [buildinghats.smx] [Building Hats] Executing configuration file addons/sourcemod/configs/buildinghats.cfg
L 01/23/2016 - 10:10:06: [rtd.smx] Added chat trigger: rollthedice
L 01/23/2016 - 10:10:06: [rtd.smx] Added chat trigger: roll
L 01/23/2016 - 10:10:06: [rtd.smx] Perk disabled: .
L 01/23/2016 - 10:10:07: [backpack-tf.smx] Locally saved pricing data is 4 minutes old, bypassing backpack.tf query
L 01/23/2016 - 10:13:48: [AdvancedInfiniteAmmo.smx] "L4Z0R_ [H]<2><[U:1:163892789]><>" Enabled Advanced Infinite Ammo for  "L4Z0R_ [H]<2><[U:1:163892789]><>"
L 01/23/2016 - 10:15:40: [custom-chatcolors.smx] Reloaded Custom Chat Colors config file
L 01/23/2016 - 10:15:57: [custom-chatcolors.smx] Reloaded Custom Chat Colors config file
L 01/23/2016 - 10:18:11: [custom-chatcolors.smx] Reloaded Custom Chat Colors config file
L 01/23/2016 - 10:19:24: [AdvancedInfiniteAmmo.smx] "L4Z0R_ [H]<2><[U:1:163892789]><>" Enabled Advanced Infinite Ammo for  "Honnest pie<3><[U:1:252993179]><>"
L 01/23/2016 - 10:20:00: [advcommands.smx] "L4Z0R_ [H]<2><[U:1:163892789]><>" set health of player "L4Z0R_ [H]<2><[U:1:163892789]><>" to 10000000
L 01/23/2016 - 10:20:00: [advcommands.smx] "L4Z0R_ [H]<2><[U:1:163892789]><>" set health of player "Honnest pie<3><[U:1:252993179]><>" to 10000000
L 01/23/2016 - 10:21:56: [advcommands.smx] "L4Z0R_ [H]<2><[U:1:163892789]><>" set health of player "L4Z0R_ [H]<2><[U:1:163892789]><>" to 10000000
L 01/23/2016 - 10:21:56: [advcommands.smx] "L4Z0R_ [H]<2><[U:1:163892789]><>" set health of player "Honnest pie<3><[U:1:252993179]><>" to 10000000
L 01/23/2016 - 10:22:20: [advcommands.smx] "L4Z0R_ [H]<2><[U:1:163892789]><>" set health of player "L4Z0R_ [H]<2><[U:1:163892789]><>" to 1000000
L 01/23/2016 - 10:22:20: [advcommands.smx] "L4Z0R_ [H]<2><[U:1:163892789]><>" set health of player "Honnest pie<3><[U:1:252993179]><>" to 1000000
L 01/23/2016 - 10:23:42: [advcommands.smx] "L4Z0R_ [H]<2><[U:1:163892789]><>" set health of player "L4Z0R_ [H]<2><[U:1:163892789]><>" to 1000000
L 01/23/2016 - 10:23:42: [advcommands.smx] "L4Z0R_ [H]<2><[U:1:163892789]><>" set health of player "Honnest pie<3><[U:1:252993179]><>" to 1000000
L 01/23/2016 - 10:25:22: [advcommands.smx] "L4Z0R_ [H]<2><[U:1:163892789]><>" set health of player "L4Z0R_ [H]<2><[U:1:163892789]><>" to 1000000
L 01/23/2016 - 10:25:22: [advcommands.smx] "L4Z0R_ [H]<2><[U:1:163892789]><>" set health of player "Honnest pie<3><[U:1:252993179]><>" to 1000000
L 01/23/2016 - 10:26:35: [advcommands.smx] "L4Z0R_ [H]<2><[U:1:163892789]><>" set health of player "L4Z0R_ [H]<2><[U:1:163892789]><>" to 1000000
L 01/23/2016 - 10:26:35: [advcommands.smx] "L4Z0R_ [H]<2><[U:1:163892789]><>" set health of player "Honnest pie<3><[U:1:252993179]><>" to 1000000
L 01/23/2016 - 10:26:56: [advcommands.smx] "L4Z0R_ [H]<2><[U:1:163892789]><>" set health of player "L4Z0R_ [H]<2><[U:1:163892789]><>" to 1000000
L 01/23/2016 - 10:26:56: [advcommands.smx] "L4Z0R_ [H]<2><[U:1:163892789]><>" set health of player "Honnest pie<3><[U:1:252993179]><>" to 1000000
L 01/23/2016 - 10:27:56: [advcommands.smx] "L4Z0R_ [H]<2><[U:1:163892789]><>" set health of player "L4Z0R_ [H]<2><[U:1:163892789]><>" to 1000000
L 01/23/2016 - 10:27:56: [advcommands.smx] "L4Z0R_ [H]<2><[U:1:163892789]><>" set health of player "Honnest pie<3><[U:1:252993179]><>" to 1000000
L 01/23/2016 - 10:29:57: [AdvancedInfiniteAmmo.smx] "L4Z0R_ [H]<2><[U:1:163892789]><>" Enabled Advanced Infinite Ammo for  "PapzSir<4><[U:1:151234391]><>"
L 01/23/2016 - 10:31:30: [advcommands.smx] "L4Z0R_ [H]<2><[U:1:163892789]><>" set health of player "L4Z0R_ [H]<2><[U:1:163892789]><>" to 1000000
L 01/23/2016 - 10:31:30: [advcommands.smx] "L4Z0R_ [H]<2><[U:1:163892789]><>" set health of player "PapzSir<4><[U:1:151234391]><>" to 1000000
L 01/23/2016 - 10:33:44: [AdvancedInfiniteAmmo.smx] "L4Z0R_ [H]<2><[U:1:163892789]><>" Enabled Advanced Infinite Ammo for  "L4Z0R_ [H]<2><[U:1:163892789]><>"
L 01/23/2016 - 10:33:44: [AdvancedInfiniteAmmo.smx] "L4Z0R_ [H]<2><[U:1:163892789]><>" Enabled Advanced Infinite Ammo for  "Honnest pie<6><[U:1:252993179]><>"
L 01/23/2016 - 10:33:44: [AdvancedInfiniteAmmo.smx] "L4Z0R_ [H]<2><[U:1:163892789]><>" Enabled Advanced Infinite Ammo for  "PapzSir<4><[U:1:151234391]><>"
L 01/23/2016 - 10:33:44: [AdvancedInfiniteAmmo.smx] "L4Z0R_ [H]<2><[U:1:163892789]><>" Enabled Advanced Infinite Ammo for  "Hay [H]<5><[U:1:187011732]><>"
L 01/23/2016 - 10:35:53: [advcommands.smx] "L4Z0R_ [H]<2><[U:1:163892789]><>" set health of player "L4Z0R_ [H]<2><[U:1:163892789]><>" to 1000000
L 01/23/2016 - 10:35:53: [advcommands.smx] "L4Z0R_ [H]<2><[U:1:163892789]><>" set health of player "Honnest pie<6><[U:1:252993179]><>" to 1000000
L 01/23/2016 - 10:35:53: [advcommands.smx] "L4Z0R_ [H]<2><[U:1:163892789]><>" set health of player "PapzSir<4><[U:1:151234391]><>" to 1000000
L 01/23/2016 - 10:35:53: [advcommands.smx] "L4Z0R_ [H]<2><[U:1:163892789]><>" set health of player "Hay [H]<5><[U:1:187011732]><>" to 1000000
L 01/23/2016 - 10:38:02: [advcommands.smx] "L4Z0R_ [H]<2><[U:1:163892789]><>" set health of player "L4Z0R_ [H]<2><[U:1:163892789]><>" to 1000000
L 01/23/2016 - 10:38:02: [advcommands.smx] "L4Z0R_ [H]<2><[U:1:163892789]><>" set health of player "Honnest pie<6><[U:1:252993179]><>" to 1000000
L 01/23/2016 - 10:38:02: [advcommands.smx] "L4Z0R_ [H]<2><[U:1:163892789]><>" set health of player "PapzSir<4><[U:1:151234391]><>" to 1000000
L 01/23/2016 - 10:38:02: [advcommands.smx] "L4Z0R_ [H]<2><[U:1:163892789]><>" set health of player "Hay [H]<5><[U:1:187011732]><>" to 1000000
L 01/23/2016 - 10:38:11: [advcommands.smx] "L4Z0R_ [H]<2><[U:1:163892789]><>" set health of player "L4Z0R_ [H]<2><[U:1:163892789]><>" to 1000000
L 01/23/2016 - 10:38:11: [advcommands.smx] "L4Z0R_ [H]<2><[U:1:163892789]><>" set health of player "Honnest pie<6><[U:1:252993179]><>" to 1000000
L 01/23/2016 - 10:38:11: [advcommands.smx] "L4Z0R_ [H]<2><[U:1:163892789]><>" set health of player "PapzSir<4><[U:1:151234391]><>" to 1000000
L 01/23/2016 - 10:38:11: [advcommands.smx] "L4Z0R_ [H]<2><[U:1:163892789]><>" set health of player "Hay [H]<5><[U:1:187011732]><>" to 1000000
L 01/23/2016 - 10:39:05: [advcommands.smx] "L4Z0R_ [H]<2><[U:1:163892789]><>" set health of player "L4Z0R_ [H]<2><[U:1:163892789]><>" to 1000000
L 01/23/2016 - 10:39:05: [advcommands.smx] "L4Z0R_ [H]<2><[U:1:163892789]><>" set health of player "Honnest pie<6><[U:1:252993179]><>" to 1000000
L 01/23/2016 - 10:39:05: [advcommands.smx] "L4Z0R_ [H]<2><[U:1:163892789]><>" set health of player "PapzSir<4><[U:1:151234391]><>" to 1000000
L 01/23/2016 - 10:39:05: [advcommands.smx] "L4Z0R_ [H]<2><[U:1:163892789]><>" set health of player "Hay [H]<5><[U:1:187011732]><>" to 1000000
L 01/23/2016 - 10:40:18: [AdvancedInfiniteAmmo.smx] "L4Z0R_ [H]<2><[U:1:163892789]><>" Disabled Advanced Infinite Ammo for  "L4Z0R_ [H]<2><[U:1:163892789]><>"
L 01/23/2016 - 10:40:18: [AdvancedInfiniteAmmo.smx] "L4Z0R_ [H]<2><[U:1:163892789]><>" Disabled Advanced Infinite Ammo for  "Honnest pie<6><[U:1:252993179]><>"
L 01/23/2016 - 10:40:18: [AdvancedInfiniteAmmo.smx] "L4Z0R_ [H]<2><[U:1:163892789]><>" Disabled Advanced Infinite Ammo for  "PapzSir<4><[U:1:151234391]><>"
L 01/23/2016 - 10:40:18: [AdvancedInfiniteAmmo.smx] "L4Z0R_ [H]<2><[U:1:163892789]><>" Disabled Advanced Infinite Ammo for  "Hay [H]<5><[U:1:187011732]><>"
L 01/23/2016 - 10:40:39: [advcommands.smx] "L4Z0R_ [H]<2><[U:1:163892789]><>" set health of player "L4Z0R_ [H]<2><[U:1:163892789]><>" to 1000000
L 01/23/2016 - 10:40:39: [advcommands.smx] "L4Z0R_ [H]<2><[U:1:163892789]><>" set health of player "Honnest pie<6><[U:1:252993179]><>" to 1000000
L 01/23/2016 - 10:40:39: [advcommands.smx] "L4Z0R_ [H]<2><[U:1:163892789]><>" set health of player "PapzSir<4><[U:1:151234391]><>" to 1000000
L 01/23/2016 - 10:40:39: [advcommands.smx] "L4Z0R_ [H]<2><[U:1:163892789]><>" set health of player "Hay [H]<5><[U:1:187011732]><>" to 1000000
L 01/23/2016 - 10:40:48: [playercommands.smx] "L4Z0R_ [H]<2><[U:1:163892789]><>" slayed "L4Z0R_ [H]<2><[U:1:163892789]><>"
L 01/23/2016 - 10:40:48: [playercommands.smx] "L4Z0R_ [H]<2><[U:1:163892789]><>" slayed "Honnest pie<6><[U:1:252993179]><>"
L 01/23/2016 - 10:40:48: [playercommands.smx] "L4Z0R_ [H]<2><[U:1:163892789]><>" slayed "PapzSir<4><[U:1:151234391]><>"
L 01/23/2016 - 10:40:48: [playercommands.smx] "L4Z0R_ [H]<2><[U:1:163892789]><>" slayed "Hay [H]<5><[U:1:187011732]><>"
L 01/23/2016 - 10:42:04: [advcommands.smx] "L4Z0R_ [H]<2><[U:1:163892789]><>" set health of player "L4Z0R_ [H]<2><[U:1:163892789]><>" to 1000
L 01/23/2016 - 10:42:04: [advcommands.smx] "L4Z0R_ [H]<2><[U:1:163892789]><>" set health of player "Honnest pie<6><[U:1:252993179]><>" to 1000
L 01/23/2016 - 10:42:04: [advcommands.smx] "L4Z0R_ [H]<2><[U:1:163892789]><>" set health of player "PapzSir<4><[U:1:151234391]><>" to 1000
L 01/23/2016 - 10:42:04: [advcommands.smx] "L4Z0R_ [H]<2><[U:1:163892789]><>" set health of player "Hay [H]<5><[U:1:187011732]><>" to 1000
L 01/23/2016 - 10:44:31: [basechat.smx] "L4Z0R_ [H]<2><[U:1:163892789]><>" triggered sm_csay (text yep.exe)
L 01/23/2016 - 10:45:13: [AdvancedInfiniteAmmo.smx] "L4Z0R_ [H]<2><[U:1:163892789]><>" Enabled Advanced Infinite Ammo for  "L4Z0R_ [H]<2><[U:1:163892789]><>"
L 01/23/2016 - 10:48:19: [basecommands.smx] "L4Z0R_ [H]<2><[U:1:163892789]><>" changed map to "cp_bad"
L 01/23/2016 - 10:48:22: [SM] Changed map to "cp_bad"
L 01/23/2016 - 10:48:26: -------- Mapchange to cp_badlands --------
L 01/23/2016 - 10:48:31: [buildinghats.smx] [Building Hats] Executing configuration file addons/sourcemod/configs/buildinghats.cfg
L 01/23/2016 - 10:50:43: [advcommands.smx] "L4Z0R_ [H]<2><[U:1:163892789]><>" set health of player "L4Z0R_ [H]<2><[U:1:163892789]><>" to 100000
L 01/23/2016 - 10:50:43: [advcommands.smx] "L4Z0R_ [H]<2><[U:1:163892789]><>" set health of player "Hay [H]<5><[U:1:187011732]><>" to 100000
L 01/23/2016 - 10:51:52: [AdvancedInfiniteAmmo.smx] "L4Z0R_ [H]<2><[U:1:163892789]><>" Enabled Advanced Infinite Ammo for  "Hay [H]<5><[U:1:187011732]><>"
L 01/23/2016 - 10:52:23: [AdvancedInfiniteAmmo.smx] "L4Z0R_ [H]<2><[U:1:163892789]><>" Enabled Advanced Infinite Ammo for  "L4Z0R_ [H]<2><[U:1:163892789]><>"
L 01/23/2016 - 10:52:24: [AdvancedInfiniteAmmo.smx] "L4Z0R_ [H]<2><[U:1:163892789]><>" Disabled Advanced Infinite Ammo for  "L4Z0R_ [H]<2><[U:1:163892789]><>"
L 01/23/2016 - 11:05:38: [backpack-tf.smx] backpack.tf price list successfully downloaded!
L 01/23/2016 - 11:19:16: [funcommands.smx] "L4Z0R_ [H]<7><[U:1:163892789]><>" toggled noclip on "Hay [H]<8><[U:1:187011732]><>"
L 01/23/2016 - 11:22:37: [advcommands.smx] "L4Z0R_ [H]<7><[U:1:163892789]><>" set health of player "L4Z0R_ [H]<7><[U:1:163892789]><>" to 1000
L 01/23/2016 - 11:22:37: [advcommands.smx] "L4Z0R_ [H]<7><[U:1:163892789]><>" set health of player "Hay [H]<8><[U:1:187011732]><>" to 1000
L 01/23/2016 - 11:22:41: [advcommands.smx] "L4Z0R_ [H]<7><[U:1:163892789]><>" set health of player "L4Z0R_ [H]<7><[U:1:163892789]><>" to 1000000
L 01/23/2016 - 11:22:41: [advcommands.smx] "L4Z0R_ [H]<7><[U:1:163892789]><>" set health of player "Hay [H]<8><[U:1:187011732]><>" to 1000000
L 01/23/2016 - 11:23:23: [funcommands.smx] "L4Z0R_ [H]<7><[U:1:163892789]><>" toggled noclip on "Hay [H]<8><[U:1:187011732]><>"
L 01/23/2016 - 11:29:01: [AdvancedInfiniteAmmo.smx] "L4Z0R_ [H]<7><[U:1:163892789]><>" Enabled Advanced Infinite Ammo for  "L4Z0R_ [H]<7><[U:1:163892789]><>"
L 01/23/2016 - 11:29:01: [AdvancedInfiniteAmmo.smx] "L4Z0R_ [H]<7><[U:1:163892789]><>" Enabled Advanced Infinite Ammo for  "frog [H]<8><[U:1:187011732]><>"
L 01/23/2016 - 11:46:25: [mapchooser.smx] Voting for next map has started.
L 01/23/2016 - 11:46:45: [mapchooser.smx] Voting for next map has finished. Nextmap: cp_foundry.
L 01/23/2016 - 11:49:49: [SM] Changed map to "cp_foundry"
L 01/23/2016 - 11:49:53: -------- Mapchange to cp_foundry --------
L 01/23/2016 - 11:49:57: [buildinghats.smx] [Building Hats] Executing configuration file addons/sourcemod/configs/buildinghats.cfg
L 01/23/2016 - 12:05:49: [backpack-tf.smx] backpack.tf price list successfully downloaded!
L 01/23/2016 - 12:10:32: [basecommands.smx] "Console<0><Console><Console>" changed map to "surf_rain"
L 01/23/2016 - 12:10:35: [SM] Changed map to "surf_rain"
L 01/23/2016 - 12:10:36: -------- Mapchange to surf_rainbow_v1 --------
L 01/23/2016 - 12:10:40: [buildinghats.smx] [Building Hats] Executing configuration file addons/sourcemod/configs/buildinghats.cfg
L 01/23/2016 - 12:12:16: Log file closed.
L 01/23/2016 - 12:12:25: SourceMod log file session started (file "L20160123.log") (Version "1.7.3-dev+5290")
L 01/23/2016 - 12:12:25: -------- Mapchange to ctf_2fort --------
L 01/23/2016 - 12:12:25: [TF2ITEMS] "GiveNamedItem" offset = 479
L 01/23/2016 - 12:12:25: [GEOIP] GeoIP database info: GEO-106FREE 20160105 Build 1 Copyright (c) 2016 MaxMind Inc All Rights Reserved
L 01/23/2016 - 12:12:25: [tauntspeed.smx] Loaded Taunt Speed Config Successfully.
L 01/23/2016 - 12:12:25: [simple-chatprocessor.smx] [SCP] Recognized mod [Team Fortress 2].
L 01/23/2016 - 12:12:25: [simple-chatprocessor.smx] [SCP] Loading translation file [scp.tf.phrases].
L 01/23/2016 - 12:12:25: [rtd.smx] File test for rtd.phrases.txt: PASSED!
L 01/23/2016 - 12:12:25: [rtd.smx] File test for rtd_effects.cfg: PASSED!
L 01/23/2016 - 12:12:25: [rtd.smx] Loaded 34 effects: (19 good) (15 bad).
L 01/23/2016 - 12:12:31: [buildinghats.smx] [Building Hats] Executing configuration file addons/sourcemod/configs/buildinghats.cfg
L 01/23/2016 - 12:12:31: [rtd.smx] Added chat trigger: rollthedice
L 01/23/2016 - 12:12:31: [rtd.smx] Added chat trigger: roll
L 01/23/2016 - 12:12:31: [rtd.smx] Perk disabled: .
L 01/23/2016 - 12:12:32: [backpack-tf.smx] Locally saved pricing data is 6 minutes old, bypassing backpack.tf query
L 01/23/2016 - 12:13:09: [basecommands.smx] "Console<0><Console><Console>" changed map to "surf_rain"
L 01/23/2016 - 12:13:12: [SM] Changed map to "surf_rain"
L 01/23/2016 - 12:13:13: -------- Mapchange to surf_rainbow_v1 --------
L 01/23/2016 - 12:13:18: [buildinghats.smx] [Building Hats] Executing configuration file addons/sourcemod/configs/buildinghats.cfg
L 01/23/2016 - 12:21:14: [funcommands.smx] "L4Z0R_ [H]<2><[U:1:163892789]><>" toggled noclip on "L4Z0R_ [H]<2><[U:1:163892789]><>"
L 01/23/2016 - 12:22:26: [basecommands.smx] "Console<0><Console><Console>" changed cvar (cvar "sv_airaccelerate") (value "1500")
L 01/23/2016 - 12:44:46: [basecommands.smx] "L4Z0R_ [H]<3><[U:1:163892789]><>" changed map to "surf_tel"
L 01/23/2016 - 12:44:49: [SM] Changed map to "surf_tel"
L 01/23/2016 - 12:44:50: -------- Mapchange to surf_telstar_b4 --------
L 01/23/2016 - 12:44:54: [basecommands.smx] "Console<0><Console><Console>" changed cvar (cvar "sv_airaccelerate") (value "1500")
L 01/23/2016 - 12:44:54: [buildinghats.smx] [Building Hats] Executing configuration file addons/sourcemod/configs/buildinghats.cfg
L 01/23/2016 - 13:06:04: [backpack-tf.smx] backpack.tf price list successfully downloaded!
L 01/23/2016 - 13:15:13: [basecommands.smx] "L4Z0R_ [H]<8><[U:1:163892789]><>" changed map to "surf_hall"
L 01/23/2016 - 13:15:16: [SM] Changed map to "surf_hall"
L 01/23/2016 - 13:15:18: -------- Mapchange to surf_halloween_v2b --------
L 01/23/2016 - 13:15:22: [basecommands.smx] "Console<0><Console><Console>" changed cvar (cvar "sv_airaccelerate") (value "1500")
L 01/23/2016 - 13:15:22: [buildinghats.smx] [Building Hats] Executing configuration file addons/sourcemod/configs/buildinghats.cfg
L 01/23/2016 - 13:17:57: [basecommands.smx] "Console<0><Console><Console>" changed map to "surf_reani"
L 01/23/2016 - 13:18:00: [SM] Changed map to "surf_reani"
L 01/23/2016 - 13:18:01: -------- Mapchange to surf_reanimation_v1 --------
L 01/23/2016 - 13:18:05: [basecommands.smx] "Console<0><Console><Console>" changed cvar (cvar "sv_airaccelerate") (value "1500")
L 01/23/2016 - 13:18:05: [buildinghats.smx] [Building Hats] Executing configuration file addons/sourcemod/configs/buildinghats.cfg
L 01/23/2016 - 13:33:38: [basecommands.smx] "L4Z0R_ [H]<10><[U:1:163892789]><>" changed map to "surf_rain"
L 01/23/2016 - 13:33:41: [SM] Changed map to "surf_rain"
L 01/23/2016 - 13:33:42: -------- Mapchange to surf_rainbow_v1 --------
L 01/23/2016 - 13:33:46: [basecommands.smx] "Console<0><Console><Console>" changed cvar (cvar "sv_airaccelerate") (value "1500")
L 01/23/2016 - 13:33:46: [buildinghats.smx] [Building Hats] Executing configuration file addons/sourcemod/configs/buildinghats.cfg
L 01/23/2016 - 13:45:02: [advcommands.smx] "L4Z0R_ [H]<18><[U:1:163892789]><>" set health of player "L4Z0R_ [H]<18><[U:1:163892789]><>" to 100000
L 01/23/2016 - 13:45:59: [funcommands.smx] "L4Z0R_ [H]<18><[U:1:163892789]><>" toggled noclip on "L4Z0R_ [H]<18><[U:1:163892789]><>"
L 01/23/2016 - 13:48:12: [basecommands.smx] "L4Z0R_ [H]<18><[U:1:163892789]><>" refreshed the admin cache.
L 01/23/2016 - 13:48:30: [funcommands.smx] "L4Z0R_ [H]<18><[U:1:163892789]><>" toggled noclip on "L4Z0R_ [H]<18><[U:1:163892789]><>"
L 01/23/2016 - 13:57:32: [advcommands.smx] "L4Z0R_ [H]<18><[U:1:163892789]><>" set team of player "[H] Satanic Hattu<20><[U:1:44072258]><>" to 2
L 01/23/2016 - 13:57:44: [advcommands.smx] "Portello [H]<11><[U:1:55437863]><>" swapped teams
L 01/23/2016 - 13:57:57: [advcommands.smx] "Portello [H]<11><[U:1:55437863]><>" swapped teams
L 01/23/2016 - 13:58:17: [advcommands.smx] "Portello [H]<11><[U:1:55437863]><>" swapped teams
L 01/23/2016 - 14:01:18: [funcommands.smx] "L4Z0R_ [H]<18><[U:1:163892789]><>" toggled noclip on "[H] Satanic Hattu<20><[U:1:44072258]><>"
L 01/23/2016 - 14:01:31: [funcommands.smx] "L4Z0R_ [H]<18><[U:1:163892789]><>" toggled noclip on "[H] Satanic Hattu<20><[U:1:44072258]><>"
L 01/23/2016 - 14:06:31: [backpack-tf.smx] backpack.tf price list successfully downloaded!
L 01/23/2016 - 14:11:08: [funvotes.smx] "Portello [H]<11><[U:1:55437863]><>" initiated a friendly fire vote.
L 01/23/2016 - 14:11:23: [funcommands.smx] "Portello [H]<11><[U:1:55437863]><>" set a TimeBomb on "Portello [H]<11><[U:1:55437863]><>"
L 01/23/2016 - 14:11:28: [funvotes.smx] Vote failed.
L 01/23/2016 - 14:36:25: [mapchooser.smx] Voting for next map has started.
L 01/23/2016 - 14:36:45: [mapchooser.smx] Voting for next map has finished. Nextmap: surf_telstar_b4.
L 01/23/2016 - 14:38:55: [playercommands.smx] "Console<0><Console><Console>" slayed "a guy with an exclusive rank<32><[U:1:75878823]><>"
L 01/23/2016 - 14:45:17: Log file closed.
L 01/23/2016 - 14:45:28: SourceMod log file session started (file "L20160123.log") (Version "1.7.3-dev+5290")
L 01/23/2016 - 14:45:28: -------- Mapchange to surf_rainbow_v1 --------
L 01/23/2016 - 14:45:28: [TF2ITEMS] "GiveNamedItem" offset = 479
L 01/23/2016 - 14:45:28: [GEOIP] GeoIP database info: GEO-106FREE 20160105 Build 1 Copyright (c) 2016 MaxMind Inc All Rights Reserved
L 01/23/2016 - 14:45:28: [tauntspeed.smx] Loaded Taunt Speed Config Successfully.
L 01/23/2016 - 14:45:28: [simple-chatprocessor.smx] [SCP] Recognized mod [Team Fortress 2].
L 01/23/2016 - 14:45:28: [simple-chatprocessor.smx] [SCP] Loading translation file [scp.tf.phrases].
L 01/23/2016 - 14:45:28: [rtd.smx] File test for rtd.phrases.txt: PASSED!
L 01/23/2016 - 14:45:28: [rtd.smx] File test for rtd_effects.cfg: PASSED!
L 01/23/2016 - 14:45:28: [rtd.smx] Loaded 34 effects: (19 good) (15 bad).
L 01/23/2016 - 14:45:33: [basecommands.smx] "Console<0><Console><Console>" changed cvar (cvar "sv_airaccelerate") (value "1500")
L 01/23/2016 - 14:45:34: [buildinghats.smx] [Building Hats] Executing configuration file addons/sourcemod/configs/buildinghats.cfg
L 01/23/2016 - 14:45:34: [rtd.smx] Added chat trigger: rollthedice
L 01/23/2016 - 14:45:34: [rtd.smx] Added chat trigger: roll
L 01/23/2016 - 14:45:34: [rtd.smx] Perk disabled: .
L 01/23/2016 - 14:45:37: [backpack-tf.smx] backpack.tf price list successfully downloaded!
L 01/23/2016 - 14:49:47: Log file closed.
L 01/23/2016 - 14:59:51: SourceMod log file session started (file "L20160123.log") (Version "1.7.3-dev+5290")
L 01/23/2016 - 14:59:51: -------- Mapchange to surf_rainbow_v1 --------
L 01/23/2016 - 14:59:51: [TF2ITEMS] "GiveNamedItem" offset = 479
L 01/23/2016 - 14:59:51: [GEOIP] GeoIP database info: GEO-106FREE 20160105 Build 1 Copyright (c) 2016 MaxMind Inc All Rights Reserved
L 01/23/2016 - 14:59:51: [tauntspeed.smx] Loaded Taunt Speed Config Successfully.
L 01/23/2016 - 14:59:51: [simple-chatprocessor.smx] [SCP] Recognized mod [Team Fortress 2].
L 01/23/2016 - 14:59:51: [simple-chatprocessor.smx] [SCP] Loading translation file [scp.tf.phrases].
L 01/23/2016 - 14:59:51: [rtd.smx] File test for rtd.phrases.txt: PASSED!
L 01/23/2016 - 14:59:51: [rtd.smx] File test for rtd_effects.cfg: PASSED!
L 01/23/2016 - 14:59:51: [rtd.smx] Loaded 34 effects: (19 good) (15 bad).
L 01/23/2016 - 14:59:56: [basecommands.smx] "Console<0><Console><Console>" changed cvar (cvar "sv_airaccelerate") (value "1500")
L 01/23/2016 - 14:59:56: [buildinghats.smx] [Building Hats] Executing configuration file addons/sourcemod/configs/buildinghats.cfg
L 01/23/2016 - 14:59:56: [rtd.smx] Added chat trigger: rollthedice
L 01/23/2016 - 14:59:56: [rtd.smx] Added chat trigger: roll
L 01/23/2016 - 14:59:56: [rtd.smx] Perk disabled: .
L 01/23/2016 - 14:59:57: [backpack-tf.smx] Locally saved pricing data is 14 minutes old, bypassing backpack.tf query
L 01/23/2016 - 15:05:11: [basecommands.smx] "L4Z0R_ [H]<2><[U:1:163892789]><>" changed map to "surf_lul"
L 01/23/2016 - 15:05:14: [SM] Changed map to "surf_lul"
L 01/23/2016 - 15:05:16: -------- Mapchange to surf_lullaby_vc --------
L 01/23/2016 - 15:05:21: [basecommands.smx] "Console<0><Console><Console>" changed cvar (cvar "sv_airaccelerate") (value "1500")
L 01/23/2016 - 15:05:21: [buildinghats.smx] [Building Hats] Executing configuration file addons/sourcemod/configs/buildinghats.cfg
L 01/23/2016 - 15:10:37: [mapchooser.smx] Starting map vote because outside request
L 01/23/2016 - 15:10:37: [mapchooser.smx] Voting for next map has started.
L 01/23/2016 - 15:10:53: [mapchooser.smx] Voting for next map has finished. 'No Change' was the winner
L 01/23/2016 - 15:12:49: [sm_eviltrail.smx] "L4Z0R_ [H]<2><[U:1:163892789]><>" added an evil trail to "L4Z0R_ [H]<2><[U:1:163892789]><>"
L 01/23/2016 - 15:17:53: [basecommands.smx] "L4Z0R_ [H]<2><[U:1:163892789]><>" refreshed the admin cache.
L 01/23/2016 - 15:18:02: [sm_eviltrail.smx] "L4Z0R_ [H]<2><[U:1:163892789]><>" removed an evil trail from "L4Z0R_ [H]<2><[U:1:163892789]><>"
L 01/23/2016 - 15:37:40: [advcommands.smx] "L4Z0R_ [H]<2><[U:1:163892789]><>" fake-executed command "sm_k" on "[H] Tairuu -TPF-<9><[U:1:80406531]><>"
L 01/23/2016 - 15:37:43: [advcommands.smx] "L4Z0R_ [H]<2><[U:1:163892789]><>" fake-executed command "sm_ks" on "[H] Tairuu -TPF-<9><[U:1:80406531]><>"
L 01/23/2016 - 15:40:08: [mapchooser.smx] Starting map vote because outside request
L 01/23/2016 - 15:40:08: [mapchooser.smx] Voting for next map has started.
L 01/23/2016 - 15:40:28: [mapchooser.smx] Voting for next map has finished. Nextmap: surf_rebound_v1.
L 01/23/2016 - 15:40:30: [SM] Changed map to "surf_rebound_v1"
L 01/23/2016 - 15:40:31: -------- Mapchange to surf_rebound_v1 --------
L 01/23/2016 - 15:40:36: [basecommands.smx] "Console<0><Console><Console>" changed cvar (cvar "sv_airaccelerate") (value "1500")
L 01/23/2016 - 15:40:36: [buildinghats.smx] [Building Hats] Executing configuration file addons/sourcemod/configs/buildinghats.cfg
L 01/23/2016 - 15:45:51: [backpack-tf.smx] backpack.tf price list successfully downloaded!
L 01/23/2016 - 15:57:08: [funcommands.smx] "L4Z0R_ [H]<2><[U:1:163892789]><>" toggled noclip on "L4Z0R_ [H]<2><[U:1:163892789]><>"
L 01/23/2016 - 16:02:12: [AdvancedInfiniteAmmo.smx] "L4Z0R_ [H]<2><[U:1:163892789]><>" Enabled Advanced Infinite Ammo for  "L4Z0R_ [H]<2><[U:1:163892789]><>"
L 01/23/2016 - 16:15:35: [basechat.smx] "Console<0><Console><Console>" triggered sm_csay (text pls no hax)
L 01/23/2016 - 16:18:44: [basecommands.smx] "L4Z0R_ [H]<20><[U:1:163892789]><>" console command (cmdline "mp_teams_unbalance_limit")
L 01/23/2016 - 16:19:10: [advcommands.smx] "L4Z0R_ [H]<20><[U:1:163892789]><>" set health of player "[H] Tairuu -TPF-<9><[U:1:80406531]><>" to 1
L 01/23/2016 - 16:26:51: [simple-chatresponses.smx] [SCP] Config file has been reloaded
L 01/23/2016 - 16:29:17: [playercommands.smx] "L4Z0R_ [H]<22><[U:1:163892789]><>" slayed "literally jesus himself<21><[U:1:75878823]><>"
L 01/23/2016 - 16:29:48: [simple-chatresponses.smx] [SCP] Config file has been reloaded
L 01/23/2016 - 16:32:59: [funvotes.smx] "[H] Tairuu -TPF-<9><[U:1:80406531]><>" initiated an alltalk vote.
L 01/23/2016 - 16:33:07: [funvotes.smx] Changing alltalk to 1 due to vote.
L 01/23/2016 - 16:37:32: [mapchooser.smx] Starting map vote because outside request
L 01/23/2016 - 16:37:32: [mapchooser.smx] Voting for next map has started.
L 01/23/2016 - 16:37:52: [mapchooser.smx] Voting for next map has finished. Nextmap: surf_congo_black.
L 01/23/2016 - 16:37:54: [SM] Changed map to "surf_congo_black"
L 01/23/2016 - 16:37:56: -------- Mapchange to surf_congo_black --------
L 01/23/2016 - 16:38:01: [basecommands.smx] "Console<0><Console><Console>" changed cvar (cvar "sv_airaccelerate") (value "1500")
L 01/23/2016 - 16:38:01: [buildinghats.smx] [Building Hats] Executing configuration file addons/sourcemod/configs/buildinghats.cfg
L 01/23/2016 - 16:40:26: [funcommands.smx] "L4Z0R_ [H]<22><[U:1:163892789]><>" toggled noclip on "L4Z0R_ [H]<22><[U:1:163892789]><>"
L 01/23/2016 - 16:41:11: [basecommands.smx] "L4Z0R_ [H]<22><[U:1:163892789]><>" changed map to "surf_tor"
L 01/23/2016 - 16:41:14: [SM] Changed map to "surf_tor"
L 01/23/2016 - 16:41:16: -------- Mapchange to surf_torrent_v1b --------
L 01/23/2016 - 16:41:21: [basecommands.smx] "Console<0><Console><Console>" changed cvar (cvar "sv_airaccelerate") (value "1500")
L 01/23/2016 - 16:41:21: [buildinghats.smx] [Building Hats] Executing configuration file addons/sourcemod/configs/buildinghats.cfg
L 01/23/2016 - 16:46:07: [backpack-tf.smx] backpack.tf price list successfully downloaded!
L 01/23/2016 - 17:09:33: [funcommands.smx] "L4Z0R_ [H]<22><[U:1:163892789]><>" toggled noclip on "L4Z0R_ [H]<22><[U:1:163892789]><>"
L 01/23/2016 - 17:13:11: [funcommands.smx] "L4Z0R_ [H]<22><[U:1:163892789]><>" toggled noclip on "L4Z0R_ [H]<22><[U:1:163892789]><>"
L 01/23/2016 - 17:14:28: [funcommands.smx] "L4Z0R_ [H]<22><[U:1:163892789]><>" toggled noclip on "L4Z0R_ [H]<22><[U:1:163892789]><>"
L 01/23/2016 - 17:17:46: [playercommands.smx] "[H] Tairuu -TPF-<9><[U:1:80406531]><>" slayed "literally jesus himself<21><[U:1:75878823]><>"
L 01/23/2016 - 17:18:57: [basecommands.smx] "L4Z0R_ [H]<22><[U:1:163892789]><>" refreshed the admin cache.
L 01/23/2016 - 17:19:18: [advcommands.smx] "L4Z0R_ [H]<22><[U:1:163892789]><>" executed command "sm_ks" on "[H] Tairuu -TPF-<9><[U:1:80406531]><>"
L 01/23/2016 - 17:19:21: [basecommands.smx] "L4Z0R_ [H]<22><[U:1:163892789]><>" refreshed the admin cache.
L 01/23/2016 - 17:22:01: [playercommands.smx] "L4Z0R_ [H]<22><[U:1:163892789]><>" renamed "literally jesus himself<21><[U:1:75878823]><>" to "Literally Hitler")
L 01/23/2016 - 17:27:56: [AdvancedInfiniteAmmo.smx] "L4Z0R_ [H]<22><[U:1:163892789]><>" Enabled Advanced Infinite Ammo for  "L4Z0R_ [H]<22><[U:1:163892789]><>"
L 01/23/2016 - 17:32:19: [custom-chatcolors.smx] Reloaded Custom Chat Colors config file
L 01/23/2016 - 17:32:44: [custom-chatcolors.smx] Reloaded Custom Chat Colors config file
L 01/23/2016 - 17:34:23: [basecommands.smx] "L4Z0R_ [H]<22><[U:1:163892789]><>" changed map to "surf_tel"
L 01/23/2016 - 17:34:26: [SM] Changed map to "surf_tel"
L 01/23/2016 - 17:34:27: -------- Mapchange to surf_telstar_b4 --------
L 01/23/2016 - 17:34:31: [basecommands.smx] "Console<0><Console><Console>" changed cvar (cvar "sv_airaccelerate") (value "1500")
L 01/23/2016 - 17:34:31: [buildinghats.smx] [Building Hats] Executing configuration file addons/sourcemod/configs/buildinghats.cfg
L 01/23/2016 - 17:35:45: [advcommands.smx] "Portello [H]<30><[U:1:55437863]><>" set health of player "Portello [H]<30><[U:1:55437863]><>" to 201
L 01/23/2016 - 17:43:46: [AdvancedInfiniteAmmo.smx] "L4Z0R_ [H]<22><[U:1:163892789]><>" Enabled Advanced Infinite Ammo for  "L4Z0R_ [H]<22><[U:1:163892789]><>"
L 01/23/2016 - 17:46:16: [backpack-tf.smx] backpack.tf price list successfully downloaded!
L 01/23/2016 - 17:47:15: [basecommands.smx] "L4Z0R_ [H]<22><[U:1:163892789]><>" changed map to "surf_rean"
L 01/23/2016 - 17:47:18: [SM] Changed map to "surf_rean"
L 01/23/2016 - 17:47:18: [mapchooser.smx] Starting map vote because outside request
L 01/23/2016 - 17:47:18: [mapchooser.smx] Voting for next map has started.
L 01/23/2016 - 17:47:18: -------- Mapchange to surf_reanimation_v1 --------
L 01/23/2016 - 17:47:23: [basecommands.smx] "Console<0><Console><Console>" changed cvar (cvar "sv_airaccelerate") (value "1500")
L 01/23/2016 - 17:47:23: [buildinghats.smx] [Building Hats] Executing configuration file addons/sourcemod/configs/buildinghats.cfg
L 01/23/2016 - 17:47:41: [AdvancedInfiniteAmmo.smx] "L4Z0R_ [H]<22><[U:1:163892789]><>" Enabled Advanced Infinite Ammo for  "L4Z0R_ [H]<22><[U:1:163892789]><>"
L 01/23/2016 - 17:49:14: [basecommands.smx] "L4Z0R_ [H]<22><[U:1:163892789]><>" console command (cmdline "sv_alltalk 1")
L 01/23/2016 - 17:52:48: [advcommands.smx] "L4Z0R_ [H]<22><[U:1:163892789]><>" set health of player "L4Z0R_ [H]<22><[U:1:163892789]><>" to 10000
L 01/23/2016 - 17:52:48: [advcommands.smx] "L4Z0R_ [H]<22><[U:1:163892789]><>" set health of player "[H] Lion<5><[U:1:87541102]><>" to 10000
L 01/23/2016 - 17:56:00: [AdvancedInfiniteAmmo.smx] "L4Z0R_ [H]<22><[U:1:163892789]><>" Disabled Advanced Infinite Ammo for  "L4Z0R_ [H]<22><[U:1:163892789]><>"
L 01/23/2016 - 18:00:12: [AdvancedInfiniteAmmo.smx] "L4Z0R_ [H]<22><[U:1:163892789]><>" Enabled Advanced Infinite Ammo for  "L4Z0R_ [H]<22><[U:1:163892789]><>"
L 01/23/2016 - 18:01:12: [AdvancedInfiniteAmmo.smx] "L4Z0R_ [H]<22><[U:1:163892789]><>" Disabled Advanced Infinite Ammo for  "L4Z0R_ [H]<22><[U:1:163892789]><>"
L 01/23/2016 - 18:05:11: [AdvancedInfiniteAmmo.smx] "L4Z0R_ [H]<22><[U:1:163892789]><>" Enabled Advanced Infinite Ammo for  "L4Z0R_ [H]<22><[U:1:163892789]><>"
L 01/23/2016 - 18:06:19: [AdvancedInfiniteAmmo.smx] "L4Z0R_ [H]<48><[U:1:163892789]><>" Enabled Advanced Infinite Ammo for  "L4Z0R_ [H]<48><[U:1:163892789]><>"
L 01/23/2016 - 18:06:28: [advcommands.smx] "L4Z0R_ [H]<48><[U:1:163892789]><>" set health of player "L4Z0R_ [H]<48><[U:1:163892789]><>" to 10000000
L 01/23/2016 - 18:09:00: [advcommands.smx] "L4Z0R_ [H]<48><[U:1:163892789]><>" set health of player "L4Z0R_ [H]<48><[U:1:163892789]><>" to 1000000
L 01/23/2016 - 18:12:02: [basecommands.smx] "L4Z0R_ [H]<48><[U:1:163892789]><>" refreshed the admin cache.
L 01/23/2016 - 18:14:08: [advcommands.smx] "Portello [H]<45><[U:1:55437863]><>" set health of player "Portello [H]<45><[U:1:55437863]><>" to 99
L 01/23/2016 - 18:14:23: [advcommands.smx] "Portello [H]<45><[U:1:55437863]><>" set health of player "Portello [H]<45><[U:1:55437863]><>" to -1
L 01/23/2016 - 18:14:29: [advcommands.smx] "Portello [H]<45><[U:1:55437863]><>" set health of player "Portello [H]<45><[U:1:55437863]><>" to 1
L 01/23/2016 - 18:16:33: [playercommands.smx] "[H] Tairuu -TPF-<46><[U:1:80406531]><>" slayed "[H] Juan Cena<49><[U:1:296913150]><>"
L 01/23/2016 - 18:19:16: [advcommands.smx] "Portello [H]<45><[U:1:55437863]><>" set health of player "Portello [H]<45><[U:1:55437863]><>" to -1
L 01/23/2016 - 18:19:21: [advcommands.smx] "Portello [H]<45><[U:1:55437863]><>" set health of player "Portello [H]<45><[U:1:55437863]><>" to 444444
L 01/23/2016 - 18:19:33: [advcommands.smx] "[H] Tairuu -TPF-<46><[U:1:80406531]><>" set health of player "[H] Tairuu -TPF-<46><[U:1:80406531]><>" to 10000000
L 01/23/2016 - 18:22:14: [funcommands.smx] "[H] Tairuu -TPF-<46><[U:1:80406531]><>" set a TimeBomb on "[H] Lion<5><[U:1:87541102]><>"
L 01/23/2016 - 18:22:14: [funcommands.smx] "[H] Tairuu -TPF-<46><[U:1:80406531]><>" set a TimeBomb on "Portello [H]<45><[U:1:55437863]><>"
L 01/23/2016 - 18:22:14: [funcommands.smx] "[H] Tairuu -TPF-<46><[U:1:80406531]><>" set a TimeBomb on "[H] Tairuu -TPF-<46><[U:1:80406531]><>"
L 01/23/2016 - 18:22:15: [funcommands.smx] "Portello [H]<45><[U:1:55437863]><>" removed a TimeBomb on "Portello [H]<45><[U:1:55437863]><>"
L 01/23/2016 - 18:25:18: [funcommands.smx] "Portello [H]<45><[U:1:55437863]><>" set a TimeBomb on "[H] Lion<5><[U:1:87541102]><>"
L 01/23/2016 - 18:25:18: [funcommands.smx] "Portello [H]<45><[U:1:55437863]><>" set a TimeBomb on "Portello [H]<45><[U:1:55437863]><>"
L 01/23/2016 - 18:25:18: [funcommands.smx] "Portello [H]<45><[U:1:55437863]><>" set a TimeBomb on "[H] Tairuu -TPF-<46><[U:1:80406531]><>"
L 01/23/2016 - 18:25:28: [funcommands.smx] "[H] Tairuu -TPF-<46><[U:1:80406531]><>" removed a TimeBomb on "[H] Lion<5><[U:1:87541102]><>"
L 01/23/2016 - 18:25:28: [funcommands.smx] "[H] Tairuu -TPF-<46><[U:1:80406531]><>" removed a TimeBomb on "Portello [H]<45><[U:1:55437863]><>"
L 01/23/2016 - 18:25:28: [funcommands.smx] "[H] Tairuu -TPF-<46><[U:1:80406531]><>" removed a TimeBomb on "[H] Tairuu -TPF-<46><[U:1:80406531]><>"
L 01/23/2016 - 18:26:49: [advcommands.smx] "Portello [H]<45><[U:1:55437863]><>" set health of player "Portello [H]<45><[U:1:55437863]><>" to 3333333
L 01/23/2016 - 18:27:13: [advcommands.smx] "Portello [H]<45><[U:1:55437863]><>" set health of player "Portello [H]<45><[U:1:55437863]><>" to 433442432
L 01/23/2016 - 18:27:39: [advcommands.smx] "Portello [H]<45><[U:1:55437863]><>" set health of player "[H] Tairuu -TPF-<46><[U:1:80406531]><>" to 0
L 01/23/2016 - 18:27:54: [advcommands.smx] "[H] Tairuu -TPF-<46><[U:1:80406531]><>" set health of player "Portello [H]<45><[U:1:55437863]><>" to 0
L 01/23/2016 - 18:27:59: [advcommands.smx] "Portello [H]<45><[U:1:55437863]><>" set health of player "Portello [H]<45><[U:1:55437863]><>" to 888888
L 01/23/2016 - 18:28:02: [playercommands.smx] "Portello [H]<45><[U:1:55437863]><>" slayed "[H] Tairuu -TPF-<46><[U:1:80406531]><>"
L 01/23/2016 - 18:34:39: [AdvancedInfiniteAmmo.smx] "[H] Satanic Hattu<44><[U:1:44072258]><>" Enabled Advanced Infinite Ammo for  "[H] Satanic Hattu<44><[U:1:44072258]><>"
L 01/23/2016 - 18:35:23: [funcommands.smx] "Portello [H]<45><[U:1:55437863]><>" set a beacon on "[H] Lion<5><[U:1:87541102]><>"
L 01/23/2016 - 18:35:23: [funcommands.smx] "Portello [H]<45><[U:1:55437863]><>" set a beacon on "Portello [H]<45><[U:1:55437863]><>"
L 01/23/2016 - 18:35:23: [funcommands.smx] "Portello [H]<45><[U:1:55437863]><>" set a beacon on "[H] Tairuu -TPF-<46><[U:1:80406531]><>"
L 01/23/2016 - 18:35:25: [funcommands.smx] "Portello [H]<45><[U:1:55437863]><>" removed a beacon on "[H] Lion<5><[U:1:87541102]><>"
L 01/23/2016 - 18:35:25: [funcommands.smx] "Portello [H]<45><[U:1:55437863]><>" removed a beacon on "Portello [H]<45><[U:1:55437863]><>"
L 01/23/2016 - 18:35:25: [funcommands.smx] "Portello [H]<45><[U:1:55437863]><>" removed a beacon on "[H] Tairuu -TPF-<46><[U:1:80406531]><>"
L 01/23/2016 - 18:35:35: [sm_eviltrail.smx] "Portello [H]<45><[U:1:55437863]><>" added an evil trail to "Portello [H]<45><[U:1:55437863]><>"
L 01/23/2016 - 18:35:39: [sm_evilbeam.smx] "Portello [H]<45><[U:1:55437863]><>" placed an evil beam on "Portello [H]<45><[U:1:55437863]><>"
L 01/23/2016 - 18:35:44: [sm_evilglow.smx] "Portello [H]<45><[U:1:55437863]><>" added an evil glow to "Portello [H]<45><[U:1:55437863]><>"
L 01/23/2016 - 18:37:51: [sm_eviltrail.smx] "Portello [H]<45><[U:1:55437863]><>" removed an evil trail from "Portello [H]<45><[U:1:55437863]><>"
L 01/23/2016 - 18:38:15: [sm_eviltrail.smx] "Portello [H]<45><[U:1:55437863]><>" added an evil trail to "Portello [H]<45><[U:1:55437863]><>"
L 01/23/2016 - 18:43:15: [sm_evilbeam.smx] "Portello [H]<45><[U:1:55437863]><>" removed an evil beam from "Portello [H]<45><[U:1:55437863]><>"
L 01/23/2016 - 18:43:18: [sm_evilglow.smx] "Portello [H]<45><[U:1:55437863]><>" removed an evil glow from "Portello [H]<45><[U:1:55437863]><>"
L 01/23/2016 - 18:43:21: [sm_eviltrail.smx] "Portello [H]<45><[U:1:55437863]><>" removed an evil trail from "Portello [H]<45><[U:1:55437863]><>"
L 01/23/2016 - 18:45:05: [mapchooser.smx] Voting for next map has started.
L 01/23/2016 - 18:45:25: [mapchooser.smx] Voting for next map has finished. Nextmap: surf_rainbow_v1.
L 01/23/2016 - 18:46:25: [backpack-tf.smx] backpack.tf price list successfully downloaded!
L 01/23/2016 - 18:47:53: [AdvancedInfiniteAmmo.smx] "L4Z0R_ [H]<50><[U:1:163892789]><>" Enabled Advanced Infinite Ammo for  "L4Z0R_ [H]<50><[U:1:163892789]><>"
L 01/23/2016 - 18:49:19: [rockthevote.smx] RTV changing map manually
L 01/23/2016 - 18:49:19: [SM] Changed map to "surf_rainbow_v1"
L 01/23/2016 - 18:49:20: -------- Mapchange to surf_rainbow_v1 --------
L 01/23/2016 - 18:49:24: [basecommands.smx] "Console<0><Console><Console>" changed cvar (cvar "sv_airaccelerate") (value "1500")
L 01/23/2016 - 18:49:24: [buildinghats.smx] [Building Hats] Executing configuration file addons/sourcemod/configs/buildinghats.cfg
L 01/23/2016 - 18:49:58: [AdvancedInfiniteAmmo.smx] "[H] Satanic Hattu<44><[U:1:44072258]><>" Enabled Advanced Infinite Ammo for  "[H] Satanic Hattu<44><[U:1:44072258]><>"
L 01/23/2016 - 18:50:13: [AdvancedInfiniteAmmo.smx] "L4Z0R_ [H]<50><[U:1:163892789]><>" Enabled Advanced Infinite Ammo for  "L4Z0R_ [H]<50><[U:1:163892789]><>"
L 01/23/2016 - 18:52:39: [basecommands.smx] "L4Z0R_ [H]<50><[U:1:163892789]><>" refreshed the admin cache.
L 01/23/2016 - 18:55:32: [basecommands.smx] "L4Z0R_ [H]<50><[U:1:163892789]><>" refreshed the admin cache.
L 01/23/2016 - 18:58:34: [AdvancedInfiniteAmmo.smx] "[H] Satanic Hattu<44><[U:1:44072258]><>" Disabled Advanced Infinite Ammo for  "[H] Satanic Hattu<44><[U:1:44072258]><>"
L 01/23/2016 - 18:58:40: [AdvancedInfiniteAmmo.smx] "[H] Satanic Hattu<44><[U:1:44072258]><>" Enabled Advanced Infinite Ammo for  "[H] Satanic Hattu<44><[U:1:44072258]><>"
L 01/23/2016 - 19:01:25: [basecommands.smx] "L4Z0R_ [H]<50><[U:1:163892789]><>" refreshed the admin cache.
L 01/23/2016 - 19:39:18: [advcommands.smx] "[H] Satanic Hattu<44><[U:1:44072258]><>" teleported player "[H] Satanic Hattu<44><[U:1:44072258]><>" to -92.5 -33.9 -575.9
L 01/23/2016 - 19:39:18: [advcommands.smx] "[H] Satanic Hattu<44><[U:1:44072258]><>" teleported player "♦[H]King Waffles♦<51><[U:1:102350824]><>" to -92.5 -33.9 -575.9
L 01/23/2016 - 19:39:18: [advcommands.smx] "[H] Satanic Hattu<44><[U:1:44072258]><>" teleported player "ivan<62><[U:1:252014015]><>" to -92.5 -33.9 -575.9
L 01/23/2016 - 19:39:18: [advcommands.smx] "[H] Satanic Hattu<44><[U:1:44072258]><>" teleported player "CREFT [H]<52><[U:1:187808744]><>" to -92.5 -33.9 -575.9
L 01/23/2016 - 19:39:18: [advcommands.smx] "[H] Satanic Hattu<44><[U:1:44072258]><>" teleported player "[H] Tairuu -TPF-<59><[U:1:80406531]><>" to -92.5 -33.9 -575.9
L 01/23/2016 - 19:39:18: [advcommands.smx] "[H] Satanic Hattu<44><[U:1:44072258]><>" teleported player "[H] Lion<61><[U:1:87541102]><>" to -92.5 -33.9 -575.9
L 01/23/2016 - 19:42:33: [basecommands.smx] "L4Z0R_ [H]<60><[U:1:163892789]><>" refreshed the admin cache.
L 01/23/2016 - 19:43:03: [custom-chatcolors.smx] Reloaded Custom Chat Colors config file
L 01/23/2016 - 19:44:40: [advcommands.smx] "[H] Satanic Hattu<44><[U:1:44072258]><>" teleported player "[H] Satanic Hattu<44><[U:1:44072258]><>" to -100.1 108.3 -575.9
L 01/23/2016 - 19:44:40: [advcommands.smx] "[H] Satanic Hattu<44><[U:1:44072258]><>" teleported player "♦[H]King Waffles♦<51><[U:1:102350824]><>" to -100.1 108.3 -575.9
L 01/23/2016 - 19:44:40: [advcommands.smx] "[H] Satanic Hattu<44><[U:1:44072258]><>" teleported player "ivan<62><[U:1:252014015]><>" to -100.1 108.3 -575.9
L 01/23/2016 - 19:44:40: [advcommands.smx] "[H] Satanic Hattu<44><[U:1:44072258]><>" teleported player "CREFT [H]<52><[U:1:187808744]><>" to -100.1 108.3 -575.9
L 01/23/2016 - 19:44:40: [advcommands.smx] "[H] Satanic Hattu<44><[U:1:44072258]><>" teleported player "[H] Tairuu -TPF-<59><[U:1:80406531]><>" to -100.1 108.3 -575.9
L 01/23/2016 - 19:44:40: [advcommands.smx] "[H] Satanic Hattu<44><[U:1:44072258]><>" teleported player "[H] Lion<61><[U:1:87541102]><>" to -100.1 108.3 -575.9
L 01/23/2016 - 19:45:32: [custom-chatcolors.smx] Reloaded Custom Chat Colors config file
L 01/23/2016 - 19:46:33: [backpack-tf.smx] backpack.tf price list successfully downloaded!
L 01/23/2016 - 19:47:08: [mapchooser.smx] Voting for next map has started.
L 01/23/2016 - 19:47:29: [mapchooser.smx] Voting for next map has finished. Nextmap: surf_tensile.
L 01/23/2016 - 19:47:57: [AdvancedInfiniteAmmo.smx] "L4Z0R_ [H]<60><[U:1:163892789]><>" Enabled Advanced Infinite Ammo for  "♦[H]King Waffles♦<51><[U:1:102350824]><>"
L 01/23/2016 - 19:48:55: [advcommands.smx] "Portello [H]<64><[U:1:55437863]><>" set health of player "Portello [H]<64><[U:1:55437863]><>" to 333333333
L 01/23/2016 - 19:49:09: [advcommands.smx] "Portello [H]<64><[U:1:55437863]><>" set health of player "Portello [H]<64><[U:1:55437863]><>" to 333333
L 01/23/2016 - 19:52:32: [advcommands.smx] "Portello [H]<64><[U:1:55437863]><>" set health of player "Portello [H]<64><[U:1:55437863]><>" to -1
L 01/23/2016 - 19:52:38: [advcommands.smx] "Portello [H]<64><[U:1:55437863]><>" set health of player "Portello [H]<64><[U:1:55437863]><>" to 99999999
L 01/23/2016 - 19:53:31: [advcommands.smx] "L4Z0R_ [H]<60><[U:1:163892789]><>" set health of player "♦[H]King Waffles♦<51><[U:1:102350824]><>" to 10000000
L 01/23/2016 - 19:53:45: [advcommands.smx] "L4Z0R_ [H]<60><[U:1:163892789]><>" set health of player "L4Z0R_ [H]<60><[U:1:163892789]><>" to 10000000
L 01/23/2016 - 19:57:53: [advcommands.smx] "L4Z0R_ [H]<60><[U:1:163892789]><>" set health of player "♦[H]King Waffles♦<51><[U:1:102350824]><>" to 100000
L 01/23/2016 - 20:01:50: [AdvancedInfiniteAmmo.smx] "L4Z0R_ [H]<60><[U:1:163892789]><>" Enabled Advanced Infinite Ammo for  "L4Z0R_ [H]<60><[U:1:163892789]><>"
L 01/23/2016 - 20:07:05: [basecommands.smx] "L4Z0R_ [H]<60><[U:1:163892789]><>" refreshed the admin cache.
L 01/23/2016 - 20:07:35: [advcommands.smx] "L4Z0R_ [H]<60><[U:1:163892789]><>" set health of player "♦[H]King Waffles♦<51><[U:1:102350824]><>" to 10000000
L 01/23/2016 - 20:08:05: [advcommands.smx] "[H] Tairuu -TPF-<66><[U:1:80406531]><>" set health of player "[H] Tairuu -TPF-<66><[U:1:80406531]><>" to 1000000
L 01/23/2016 - 20:09:38: [funcommands.smx] "L4Z0R_ [H]<60><[U:1:163892789]><>" toggled noclip on "L4Z0R_ [H]<60><[U:1:163892789]><>"
L 01/23/2016 - 20:10:23: [advcommands.smx] "[H] Tairuu -TPF-<66><[U:1:80406531]><>" set health of player "[H] Tairuu -TPF-<66><[U:1:80406531]><>" to 10000000
L 01/23/2016 - 20:10:29: [advcommands.smx] "L4Z0R_ [H]<60><[U:1:163892789]><>" set health of player "L4Z0R_ [H]<60><[U:1:163892789]><>" to 100000
L 01/23/2016 - 20:10:59: [funcommands.smx] "L4Z0R_ [H]<60><[U:1:163892789]><>" toggled noclip on "L4Z0R_ [H]<60><[U:1:163892789]><>"
L 01/23/2016 - 20:14:56: [AdvancedInfiniteAmmo.smx] "L4Z0R_ [H]<60><[U:1:163892789]><>" Enabled Advanced Infinite Ammo for  "♦[H]King Waffles♦<69><[U:1:102350824]><>"
L 01/23/2016 - 20:15:12: [advcommands.smx] "[H] Tairuu -TPF-<66><[U:1:80406531]><>" set health of player "[H] Tairuu -TPF-<66><[U:1:80406531]><>" to 100000
L 01/23/2016 - 20:15:20: [basecommands.smx] "L4Z0R_ [H]<60><[U:1:163892789]><>" refreshed the admin cache.
L 01/23/2016 - 20:15:31: [basecommands.smx] "L4Z0R_ [H]<60><[U:1:163892789]><>" refreshed the admin cache.
L 01/23/2016 - 20:17:21: [funcommands.smx] "L4Z0R_ [H]<60><[U:1:163892789]><>" toggled noclip on "L4Z0R_ [H]<60><[U:1:163892789]><>"
L 01/23/2016 - 20:23:24: [advcommands.smx] "[H] Tairuu -TPF-<66><[U:1:80406531]><>" set health of player "[H] Tairuu -TPF-<66><[U:1:80406531]><>" to 100000
L 01/23/2016 - 20:24:49: [custom-chatcolors.smx] Reloaded Custom Chat Colors config file
L 01/23/2016 - 20:25:38: [custom-chatcolors.smx] Reloaded Custom Chat Colors config file
L 01/23/2016 - 20:26:37: [advcommands.smx] "[H] Tairuu -TPF-<66><[U:1:80406531]><>" set health of player "[H] Tairuu -TPF-<66><[U:1:80406531]><>" to 100000
L 01/23/2016 - 20:31:43: [advcommands.smx] "[H] Tairuu -TPF-<66><[U:1:80406531]><>" set health of player "[H] Tairuu -TPF-<66><[U:1:80406531]><>" to 100000
L 01/23/2016 - 20:33:55: [advcommands.smx] "[H] Tairuu -TPF-<66><[U:1:80406531]><>" set health of player "chrismaster261<65><[U:1:245182068]><>" to 1
L 01/23/2016 - 20:34:19: [advcommands.smx] "[H] Tairuu -TPF-<66><[U:1:80406531]><>" set health of player "[H] Tairuu -TPF-<66><[U:1:80406531]><>" to 100000
L 01/23/2016 - 20:38:06: [advcommands.smx] "[H] Tairuu -TPF-<66><[U:1:80406531]><>" set health of player "♦[H]King Waffles♦<69><[U:1:102350824]><>" to 1000000
L 01/23/2016 - 20:38:40: [advcommands.smx] "[H] Tairuu -TPF-<66><[U:1:80406531]><>" set health of player "[H] Tairuu -TPF-<66><[U:1:80406531]><>" to 100000
L 01/23/2016 - 20:46:19: [AdvancedInfiniteAmmo.smx] "L4Z0R_ [H]<74><[U:1:163892789]><>" Enabled Advanced Infinite Ammo for  "Portello [H]<75><[U:1:55437863]><>"
L 01/23/2016 - 20:46:36: [backpack-tf.smx] backpack.tf price list successfully downloaded!
L 01/23/2016 - 20:46:45: [AdvancedInfiniteAmmo.smx] "L4Z0R_ [H]<74><[U:1:163892789]><>" Enabled Advanced Infinite Ammo for  "[H] Qwut<71><[U:1:568878]><>"
L 01/23/2016 - 20:46:45: [AdvancedInfiniteAmmo.smx] "L4Z0R_ [H]<74><[U:1:163892789]><>" Enabled Advanced Infinite Ammo for  "[H] Satanic Hattu<44><[U:1:44072258]><>"
L 01/23/2016 - 20:46:45: [AdvancedInfiniteAmmo.smx] "L4Z0R_ [H]<74><[U:1:163892789]><>" Enabled Advanced Infinite Ammo for  "♦[H]King Waffles♦<69><[U:1:102350824]><>"
L 01/23/2016 - 20:46:45: [AdvancedInfiniteAmmo.smx] "L4Z0R_ [H]<74><[U:1:163892789]><>" Enabled Advanced Infinite Ammo for  "L4Z0R_ [H]<74><[U:1:163892789]><>"
L 01/23/2016 - 20:46:45: [AdvancedInfiniteAmmo.smx] "L4Z0R_ [H]<74><[U:1:163892789]><>" Enabled Advanced Infinite Ammo for  "Portello [H]<75><[U:1:55437863]><>"
L 01/23/2016 - 20:46:45: [AdvancedInfiniteAmmo.smx] "L4Z0R_ [H]<74><[U:1:163892789]><>" Enabled Advanced Infinite Ammo for  "[H] Tairuu -TPF-<66><[U:1:80406531]><>"
L 01/23/2016 - 20:46:45: [AdvancedInfiniteAmmo.smx] "L4Z0R_ [H]<74><[U:1:163892789]><>" Enabled Advanced Infinite Ammo for  "Acce ^_^<77><[U:1:192932920]><>"
L 01/23/2016 - 20:46:45: [AdvancedInfiniteAmmo.smx] "L4Z0R_ [H]<74><[U:1:163892789]><>" Enabled Advanced Infinite Ammo for  "[H] Lion<61><[U:1:87541102]><>"
L 01/23/2016 - 20:47:27: [advcommands.smx] "[H] Tairuu -TPF-<66><[U:1:80406531]><>" set health of player "[H] Tairuu -TPF-<66><[U:1:80406531]><>" to 100000
L 01/23/2016 - 20:47:38: [advcommands.smx] "Portello [H]<75><[U:1:55437863]><>" set health of player "Portello [H]<75><[U:1:55437863]><>" to 999999
L 01/23/2016 - 20:47:51: [basechat.smx] "L4Z0R_ [H]<74><[U:1:163892789]><>" triggered sm_csay (text Has disconnected)
L 01/23/2016 - 20:48:22: [advcommands.smx] "Portello [H]<75><[U:1:55437863]><>" set health of player "Portello [H]<75><[U:1:55437863]><>" to 99999
L 01/23/2016 - 20:50:44: [advcommands.smx] "[H] Tairuu -TPF-<66><[U:1:80406531]><>" set health of player "[H] Tairuu -TPF-<66><[U:1:80406531]><>" to 100000
L 01/23/2016 - 20:51:00: [advcommands.smx] "[H] Tairuu -TPF-<66><[U:1:80406531]><>" set health of player "[H] Tairuu -TPF-<66><[U:1:80406531]><>" to 100000
L 01/23/2016 - 20:51:05: [advcommands.smx] "[H] Tairuu -TPF-<66><[U:1:80406531]><>" buried player "[H] Tairuu -TPF-<66><[U:1:80406531]><>"
L 01/23/2016 - 20:51:10: [advcommands.smx] "[H] Tairuu -TPF-<66><[U:1:80406531]><>" set health of player "[H] Tairuu -TPF-<66><[U:1:80406531]><>" to 100000
L 01/23/2016 - 20:51:12: [advcommands.smx] "Portello [H]<75><[U:1:55437863]><>" set health of player "[H] Tairuu -TPF-<66><[U:1:80406531]><>" to 1
L 01/23/2016 - 20:51:59: [advcommands.smx] "[H] Tairuu -TPF-<66><[U:1:80406531]><>" set health of player "[H] Tairuu -TPF-<66><[U:1:80406531]><>" to 100000
L 01/23/2016 - 20:52:20: [advcommands.smx] "Portello [H]<75><[U:1:55437863]><>" set health of player "Portello [H]<75><[U:1:55437863]><>" to 999999999
L 01/23/2016 - 20:52:34: [advcommands.smx] "[H] Tairuu -TPF-<66><[U:1:80406531]><>" unburied player "[H] Tairuu -TPF-<66><[U:1:80406531]><>"
L 01/23/2016 - 20:52:41: [advcommands.smx] "[H] Tairuu -TPF-<66><[U:1:80406531]><>" unburied player "[H] Tairuu -TPF-<66><[U:1:80406531]><>"
L 01/23/2016 - 20:52:52: [advcommands.smx] "[H] Tairuu -TPF-<66><[U:1:80406531]><>" unburied player "[H] Tairuu -TPF-<66><[U:1:80406531]><>"
L 01/23/2016 - 20:52:54: [advcommands.smx] "[H] Tairuu -TPF-<66><[U:1:80406531]><>" set health of player "[H] Tairuu -TPF-<66><[U:1:80406531]><>" to 100000
L 01/23/2016 - 20:53:08: [advcommands.smx] "[H] Tairuu -TPF-<66><[U:1:80406531]><>" unburied player "[H] Tairuu -TPF-<66><[U:1:80406531]><>"
L 01/23/2016 - 20:53:11: [advcommands.smx] "[H] Tairuu -TPF-<66><[U:1:80406531]><>" unburied player "[H] Tairuu -TPF-<66><[U:1:80406531]><>"
L 01/23/2016 - 20:53:16: [advcommands.smx] "Portello [H]<75><[U:1:55437863]><>" set health of player "Portello [H]<75><[U:1:55437863]><>" to 999999999
L 01/23/2016 - 20:53:23: [advcommands.smx] "[H] Tairuu -TPF-<66><[U:1:80406531]><>" unburied player "[H] Tairuu -TPF-<66><[U:1:80406531]><>"
L 01/23/2016 - 20:53:27: [advcommands.smx] "[H] Tairuu -TPF-<66><[U:1:80406531]><>" unburied player "[H] Tairuu -TPF-<66><[U:1:80406531]><>"
L 01/23/2016 - 20:53:51: [advcommands.smx] "Portello [H]<75><[U:1:55437863]><>" set health of player "[H] Tairuu -TPF-<66><[U:1:80406531]><>" to 1
L 01/23/2016 - 20:53:52: [advcommands.smx] "[H] Tairuu -TPF-<66><[U:1:80406531]><>" set health of player "[H] Tairuu -TPF-<66><[U:1:80406531]><>" to 100000
L 01/23/2016 - 20:53:56: [advcommands.smx] "Portello [H]<75><[U:1:55437863]><>" set health of player "[H] Tairuu -TPF-<66><[U:1:80406531]><>" to 1
L 01/23/2016 - 20:53:58: [advcommands.smx] "[H] Tairuu -TPF-<66><[U:1:80406531]><>" set health of player "[H] Tairuu -TPF-<66><[U:1:80406531]><>" to 100000
L 01/23/2016 - 20:54:04: [advcommands.smx] "Portello [H]<75><[U:1:55437863]><>" set health of player "[H] Tairuu -TPF-<66><[U:1:80406531]><>" to 1
L 01/23/2016 - 20:54:05: [advcommands.smx] "[H] Tairuu -TPF-<66><[U:1:80406531]><>" set health of player "[H] Tairuu -TPF-<66><[U:1:80406531]><>" to 100000
L 01/23/2016 - 20:56:16: [advcommands.smx] "[H] Tairuu -TPF-<66><[U:1:80406531]><>" unburied player "[H] Tairuu -TPF-<66><[U:1:80406531]><>"
L 01/23/2016 - 20:56:17: [advcommands.smx] "[H] Tairuu -TPF-<66><[U:1:80406531]><>" set health of player "[H] Tairuu -TPF-<66><[U:1:80406531]><>" to 100000
L 01/23/2016 - 20:56:20: [advcommands.smx] "[H] Tairuu -TPF-<66><[U:1:80406531]><>" unburied player "[H] Tairuu -TPF-<66><[U:1:80406531]><>"
L 01/23/2016 - 20:56:23: [advcommands.smx] "[H] Tairuu -TPF-<66><[U:1:80406531]><>" unburied player "[H] Tairuu -TPF-<66><[U:1:80406531]><>"
L 01/23/2016 - 20:56:25: [advcommands.smx] "[H] Tairuu -TPF-<66><[U:1:80406531]><>" set health of player "[H] Tairuu -TPF-<66><[U:1:80406531]><>" to 100000
L 01/23/2016 - 20:56:28: [advcommands.smx] "[H] Tairuu -TPF-<66><[U:1:80406531]><>" unburied player "[H] Tairuu -TPF-<66><[U:1:80406531]><>"
L 01/23/2016 - 20:56:33: [advcommands.smx] "[H] Tairuu -TPF-<66><[U:1:80406531]><>" set health of player "[H] Tairuu -TPF-<66><[U:1:80406531]><>" to 100000
L 01/23/2016 - 20:56:36: [advcommands.smx] "[H] Tairuu -TPF-<66><[U:1:80406531]><>" unburied player "[H] Tairuu -TPF-<66><[U:1:80406531]><>"
L 01/23/2016 - 20:56:40: [advcommands.smx] "[H] Tairuu -TPF-<66><[U:1:80406531]><>" unburied player "[H] Tairuu -TPF-<66><[U:1:80406531]><>"
L 01/23/2016 - 20:57:26: [advcommands.smx] "Portello [H]<75><[U:1:55437863]><>" set health of player "Portello [H]<75><[U:1:55437863]><>" to 999999
L 01/23/2016 - 20:57:33: [advcommands.smx] "[H] Tairuu -TPF-<66><[U:1:80406531]><>" buried player "[H] Tairuu -TPF-<66><[U:1:80406531]><>"
L 01/23/2016 - 20:57:36: [advcommands.smx] "[H] Tairuu -TPF-<66><[U:1:80406531]><>" buried player "[H] Tairuu -TPF-<66><[U:1:80406531]><>"
L 01/23/2016 - 20:57:38: [advcommands.smx] "[H] Tairuu -TPF-<66><[U:1:80406531]><>" buried player "[H] Tairuu -TPF-<66><[U:1:80406531]><>"
L 01/23/2016 - 20:57:55: [advcommands.smx] "[H] Satanic Hattu<44><[U:1:44072258]><>" teleported player "[H] Tairuu -TPF-<66><[U:1:80406531]><>" to 0.0 0.0 0.0
L 01/23/2016 - 20:58:03: [advcommands.smx] "Portello [H]<75><[U:1:55437863]><>" set health of player "Portello [H]<75><[U:1:55437863]><>" to 999999
L 01/23/2016 - 20:58:07: [advcommands.smx] "Portello [H]<75><[U:1:55437863]><>" set health of player "Portello [H]<75><[U:1:55437863]><>" to 99999
L 01/23/2016 - 20:58:10: [advcommands.smx] "[H] Tairuu -TPF-<66><[U:1:80406531]><>" set health of player "[H] Tairuu -TPF-<66><[U:1:80406531]><>" to 100000
L 01/23/2016 - 20:58:13: [advcommands.smx] "Portello [H]<75><[U:1:55437863]><>" set health of player "Portello [H]<75><[U:1:55437863]><>" to -1
L 01/23/2016 - 20:58:17: [advcommands.smx] "Portello [H]<75><[U:1:55437863]><>" set health of player "Portello [H]<75><[U:1:55437863]><>" to 9999999
L 01/23/2016 - 20:58:22: [advcommands.smx] "Portello [H]<75><[U:1:55437863]><>" set health of player "Portello [H]<75><[U:1:55437863]><>" to 99999999
L 01/23/2016 - 20:58:53: [advcommands.smx] "[H] Tairuu -TPF-<66><[U:1:80406531]><>" buried player "[H] Tairuu -TPF-<66><[U:1:80406531]><>"
L 01/23/2016 - 20:58:56: [advcommands.smx] "[H] Tairuu -TPF-<66><[U:1:80406531]><>" buried player "[H] Tairuu -TPF-<66><[U:1:80406531]><>"
L 01/23/2016 - 20:58:59: [advcommands.smx] "[H] Tairuu -TPF-<66><[U:1:80406531]><>" buried player "[H] Tairuu -TPF-<66><[U:1:80406531]><>"
L 01/23/2016 - 20:59:06: [advcommands.smx] "[H] Tairuu -TPF-<66><[U:1:80406531]><>" buried player "[H] Tairuu -TPF-<66><[U:1:80406531]><>"
L 01/23/2016 - 20:59:14: [advcommands.smx] "[H] Tairuu -TPF-<66><[U:1:80406531]><>" buried player "[H] Tairuu -TPF-<66><[U:1:80406531]><>"
L 01/23/2016 - 20:59:15: [advcommands.smx] "[H] Tairuu -TPF-<66><[U:1:80406531]><>" buried player "[H] Tairuu -TPF-<66><[U:1:80406531]><>"
L 01/23/2016 - 20:59:16: [advcommands.smx] "[H] Tairuu -TPF-<66><[U:1:80406531]><>" buried player "[H] Tairuu -TPF-<66><[U:1:80406531]><>"
L 01/23/2016 - 21:01:53: [advcommands.smx] "Portello [H]<75><[U:1:55437863]><>" set health of player "Portello [H]<75><[U:1:55437863]><>" to 9999
L 01/23/2016 - 21:01:57: [advcommands.smx] "Portello [H]<75><[U:1:55437863]><>" set health of player "Portello [H]<75><[U:1:55437863]><>" to 999999
L 01/23/2016 - 21:02:23: [advcommands.smx] "Portello [H]<75><[U:1:55437863]><>" set health of player "Portello [H]<75><[U:1:55437863]><>" to 9999999
L 01/23/2016 - 21:03:44: [advcommands.smx] "Portello [H]<75><[U:1:55437863]><>" set health of player "Portello [H]<75><[U:1:55437863]><>" to 999999
L 01/23/2016 - 21:07:47: [advcommands.smx] "[H] Tairuu -TPF-<66><[U:1:80406531]><>" set health of player "[H] Tairuu -TPF-<66><[U:1:80406531]><>" to 100000
L 01/23/2016 - 21:09:17: [advcommands.smx] "[H] Tairuu -TPF-<66><[U:1:80406531]><>" set health of player "♦[H]King Waffles♦<69><[U:1:102350824]><>" to 1000000
L 01/23/2016 - 21:10:01: [advcommands.smx] "[H] Tairuu -TPF-<66><[U:1:80406531]><>" set health of player "[H] Lion<61><[U:1:87541102]><>" to 999999
L 01/23/2016 - 21:11:21: [advcommands.smx] "[H] Tairuu -TPF-<66><[U:1:80406531]><>" set health of player "[H] Lion<61><[U:1:87541102]><>" to 1000000
L 01/23/2016 - 21:16:32: [rockthevote.smx] RTV changing map manually
L 01/23/2016 - 21:16:32: [SM] Changed map to "surf_tensile"
L 01/23/2016 - 21:16:33: -------- Mapchange to surf_tensile --------
L 01/23/2016 - 21:16:37: [basecommands.smx] "Console<0><Console><Console>" changed cvar (cvar "sv_airaccelerate") (value "1500")
L 01/23/2016 - 21:16:37: [buildinghats.smx] [Building Hats] Executing configuration file addons/sourcemod/configs/buildinghats.cfg
L 01/23/2016 - 21:18:17: [AdvancedInfiniteAmmo.smx] "[H] Satanic Hattu<44><[U:1:44072258]><>" Enabled Advanced Infinite Ammo for  "[H] Satanic Hattu<44><[U:1:44072258]><>"
L 01/23/2016 - 21:22:23: [advcommands.smx] "[H] Satanic Hattu<44><[U:1:44072258]><>" teleported player "[H] Satanic Hattu<44><[U:1:44072258]><>" to -11503.2 -3247.2 6283.0
L 01/23/2016 - 21:22:23: [advcommands.smx] "[H] Satanic Hattu<44><[U:1:44072258]><>" teleported player "Portello [H]<75><[U:1:55437863]><>" to -11503.2 -3247.2 6283.0
L 01/23/2016 - 21:22:23: [advcommands.smx] "[H] Satanic Hattu<44><[U:1:44072258]><>" teleported player "[H] Lion<61><[U:1:87541102]><>" to -11503.2 -3247.2 6283.0
L 01/23/2016 - 21:24:36: [mapchooser.smx] Starting map vote because outside request
L 01/23/2016 - 21:24:36: [mapchooser.smx] Voting for next map has started.
L 01/23/2016 - 21:24:47: [mapchooser.smx] Voting for next map has finished. Nextmap: surf_lullaby_vc.
L 01/23/2016 - 21:24:49: [SM] Changed map to "surf_lullaby_vc"
L 01/23/2016 - 21:24:50: -------- Mapchange to surf_lullaby_vc --------
L 01/23/2016 - 21:24:54: [basecommands.smx] "Console<0><Console><Console>" changed cvar (cvar "sv_airaccelerate") (value "1500")
L 01/23/2016 - 21:24:54: [buildinghats.smx] [Building Hats] Executing configuration file addons/sourcemod/configs/buildinghats.cfg
L 01/23/2016 - 21:25:58: [AdvancedInfiniteAmmo.smx] "[H] Satanic Hattu<44><[U:1:44072258]><>" Enabled Advanced Infinite Ammo for  "[H] Satanic Hattu<44><[U:1:44072258]><>"
L 01/23/2016 - 21:46:49: [backpack-tf.smx] backpack.tf price list successfully downloaded!
L 01/23/2016 - 21:48:08: [funcommands.smx] "Portello [H]<75><[U:1:55437863]><>" set a TimeBomb on "[H] Tairuu -TPF-<83><[U:1:80406531]><>"
L 01/23/2016 - 21:48:08: [funcommands.smx] "Portello [H]<75><[U:1:55437863]><>" set a TimeBomb on "[H] Lion<84><[U:1:87541102]><>"
L 01/23/2016 - 21:48:08: [funcommands.smx] "Portello [H]<75><[U:1:55437863]><>" set a TimeBomb on "Portello [H]<75><[U:1:55437863]><>"
L 01/23/2016 - 21:48:17: [funcommands.smx] "[H] Tairuu -TPF-<83><[U:1:80406531]><>" removed a TimeBomb on "[H] Tairuu -TPF-<83><[U:1:80406531]><>"
L 01/23/2016 - 21:48:17: [funcommands.smx] "[H] Tairuu -TPF-<83><[U:1:80406531]><>" removed a TimeBomb on "[H] Lion<84><[U:1:87541102]><>"
L 01/23/2016 - 21:48:17: [funcommands.smx] "[H] Tairuu -TPF-<83><[U:1:80406531]><>" removed a TimeBomb on "Portello [H]<75><[U:1:55437863]><>"
L 01/23/2016 - 21:51:09: [advcommands.smx] "[H] Tairuu -TPF-<83><[U:1:80406531]><>" set health of player "[H] Tairuu -TPF-<83><[U:1:80406531]><>" to 100000
L 01/23/2016 - 21:56:34: [advcommands.smx] "Portello [H]<75><[U:1:55437863]><>" set health of player "Portello [H]<75><[U:1:55437863]><>" to 9999999
L 01/23/2016 - 21:57:12: [advcommands.smx] "Portello [H]<75><[U:1:55437863]><>" set health of player "Portello [H]<75><[U:1:55437863]><>" to 9999
L 01/23/2016 - 21:57:24: [advcommands.smx] "Portello [H]<75><[U:1:55437863]><>" set health of player "Portello [H]<75><[U:1:55437863]><>" to 9999999
L 01/23/2016 - 22:00:05: [advcommands.smx] "Portello [H]<75><[U:1:55437863]><>" set health of player "Portello [H]<75><[U:1:55437863]><>" to 9999999
L 01/23/2016 - 22:22:44: [mapchooser.smx] Voting for next map has started.
L 01/23/2016 - 22:46:51: [backpack-tf.smx] backpack.tf price list successfully downloaded!
L 01/23/2016 - 23:06:44: [rockthevote.smx] RTV changing map manually
L 01/23/2016 - 23:06:44: [SM] Changed map to "surf_horizon_v3"
L 01/23/2016 - 23:06:45: -------- Mapchange to surf_horizon_v3 --------
L 01/23/2016 - 23:06:49: [basecommands.smx] "Console<0><Console><Console>" changed cvar (cvar "sv_airaccelerate") (value "1500")
L 01/23/2016 - 23:06:49: [buildinghats.smx] [Building Hats] Executing configuration file addons/sourcemod/configs/buildinghats.cfg
L 01/23/2016 - 23:46:59: [backpack-tf.smx] backpack.tf price list successfully downloaded!
