L 01/28/2016 - 00:27:59: SourceMod log file session started (file "L20160128.log") (Version "1.7.3-dev+5290")
L 01/28/2016 - 00:27:59: [backpack-tf.smx] backpack.tf price list successfully downloaded!
L 01/28/2016 - 01:28:01: [backpack-tf.smx] backpack.tf price list successfully downloaded!
L 01/28/2016 - 08:12:36: [backpack-tf.smx] backpack.tf price list successfully downloaded!
L 01/28/2016 - 09:12:38: [backpack-tf.smx] backpack.tf price list successfully downloaded!
L 01/28/2016 - 10:12:40: [backpack-tf.smx] backpack.tf price list successfully downloaded!
L 01/28/2016 - 11:12:43: [backpack-tf.smx] backpack.tf price list successfully downloaded!
L 01/28/2016 - 12:14:00: [backpack-tf.smx] backpack.tf price list successfully downloaded!
L 01/28/2016 - 13:14:02: [backpack-tf.smx] backpack.tf price list successfully downloaded!
L 01/28/2016 - 14:14:05: [backpack-tf.smx] backpack.tf price list successfully downloaded!
L 01/28/2016 - 15:14:07: [backpack-tf.smx] backpack.tf price list successfully downloaded!
L 01/28/2016 - 16:14:09: [backpack-tf.smx] backpack.tf price list successfully downloaded!
L 01/28/2016 - 16:58:59: [basecommands.smx] "L4Z0R_<169><[U:1:163892789]><>" changed map to "surf_tor"
L 01/28/2016 - 16:59:02: [SM] Changed map to "surf_tor"
L 01/28/2016 - 16:59:03: -------- Mapchange to surf_torrent_v1b --------
L 01/28/2016 - 16:59:09: [basecommands.smx] "Console<0><Console><Console>" changed cvar (cvar "sv_airaccelerate") (value "1500")
L 01/28/2016 - 16:59:09: [buildinghats.smx] [Building Hats] Executing configuration file addons/sourcemod/configs/buildinghats.cfg
L 01/28/2016 - 17:00:46: [mapchooser.smx] Starting map vote because outside request
L 01/28/2016 - 17:00:46: [mapchooser.smx] Voting for next map has started.
L 01/28/2016 - 17:00:51: [mapchooser.smx] Voting for next map has finished. 'No Change' was the winner
L 01/28/2016 - 17:14:18: [backpack-tf.smx] backpack.tf price list successfully downloaded!
L 01/28/2016 - 18:14:20: [backpack-tf.smx] backpack.tf price list successfully downloaded!
L 01/28/2016 - 19:14:24: [backpack-tf.smx] backpack.tf price list successfully downloaded!
L 01/28/2016 - 19:25:06: [basechat.smx] "L4Z0R_ Confirmed<184><[U:1:163892789]><>" triggered sm_csay (text test)
L 01/28/2016 - 19:25:06: [basechat.smx] "L4Z0R_ Confirmed<184><[U:1:163892789]><>" triggered sm_hsay (text test)
L 01/28/2016 - 19:27:14: [sounds.smx] "L4Z0R_ Confirmed<184><[U:1:163892789]><>" played sound on "hugo<182><[U:1:251525825]><>" (file "music/mondossier/fichier.mp3")
L 01/28/2016 - 19:27:14: [sounds.smx] "L4Z0R_ Confirmed<184><[U:1:163892789]><>" played sound on "L4Z0R_ Confirmed<184><[U:1:163892789]><>" (file "music/mondossier/fichier.mp3")
L 01/28/2016 - 19:27:14: [sounds.smx] "L4Z0R_ Confirmed<184><[U:1:163892789]><>" played sound on "[H] Tairuu -TPF-<185><[U:1:80406531]><>" (file "music/mondossier/fichier.mp3")
L 01/28/2016 - 19:27:25: [sounds.smx] "L4Z0R_ Confirmed<184><[U:1:163892789]><>" played sound on "L4Z0R_ Confirmed<184><[U:1:163892789]><>" (file "music/mondossier/fichier.mp3")
L 01/28/2016 - 19:27:25: [sounds.smx] "L4Z0R_ Confirmed<184><[U:1:163892789]><>" played sound on "[H] Tairuu -TPF-<185><[U:1:80406531]><>" (file "music/mondossier/fichier.mp3")
L 01/28/2016 - 19:34:29: [AdvancedInfiniteAmmo.smx] "L4Z0R_ Confirmed<184><[U:1:163892789]><>" Enabled Advanced Infinite Ammo for  "L4Z0R_ Confirmed<184><[U:1:163892789]><>"
L 01/28/2016 - 19:34:33: [AdvancedInfiniteAmmo.smx] "L4Z0R_ Confirmed<184><[U:1:163892789]><>" Disabled Advanced Infinite Ammo for  "L4Z0R_ Confirmed<184><[U:1:163892789]><>"
L 01/28/2016 - 19:34:37: [AdvancedInfiniteAmmo.smx] "L4Z0R_ Confirmed<184><[U:1:163892789]><>" Enabled Advanced Infinite Ammo for  "L4Z0R_ Confirmed<184><[U:1:163892789]><>"
L 01/28/2016 - 19:34:41: [AdvancedInfiniteAmmo.smx] "L4Z0R_ Confirmed<184><[U:1:163892789]><>" Disabled Advanced Infinite Ammo for  "L4Z0R_ Confirmed<184><[U:1:163892789]><>"
L 01/28/2016 - 19:35:01: [AdvancedInfiniteAmmo.smx] "L4Z0R_ Confirmed<184><[U:1:163892789]><>" Enabled Advanced Infinite Ammo for  "L4Z0R_ Confirmed<184><[U:1:163892789]><>"
L 01/28/2016 - 19:38:29: [basecommands.smx] "L4Z0R_ Confirmed<184><[U:1:163892789]><>" changed map to "surf_telstar"
L 01/28/2016 - 19:38:32: [SM] Changed map to "surf_telstar"
L 01/28/2016 - 19:38:33: -------- Mapchange to surf_telstar_b4 --------
L 01/28/2016 - 19:38:37: [basecommands.smx] "Console<0><Console><Console>" changed cvar (cvar "sv_airaccelerate") (value "1500")
L 01/28/2016 - 19:38:37: [buildinghats.smx] [Building Hats] Executing configuration file addons/sourcemod/configs/buildinghats.cfg
L 01/28/2016 - 19:43:47: [basechat.smx] "L4Z0R_ Confirmed<184><[U:1:163892789]><>" triggered sm_csay (text IT'S TIME TO STOP)
L 01/28/2016 - 19:44:38: [sm_evilrocket.smx] "portello [H]<189><[U:1:55437863]><>" sent "portello [H]<189><[U:1:55437863]><>" into space
L 01/28/2016 - 19:44:38: [sm_evilrocket.smx] "portello [H]<189><[U:1:55437863]><>" sent "[H] Tairuu -TPF-<185><[U:1:80406531]><>" into space
L 01/28/2016 - 19:44:38: [sm_evilrocket.smx] "portello [H]<189><[U:1:55437863]><>" sent "Studmuffin (Sprained wrist)<192><[U:1:103659976]><>" into space
L 01/28/2016 - 19:44:41: [basebans.smx] "L4Z0R_ Confirmed<184><[U:1:163892789]><>" banned "portello [H]<189><[U:1:55437863]><>" (minutes "1") (reason ""kill yourself please"")
L 01/28/2016 - 19:54:00: [advcommands.smx] "L4Z0R_ Confirmed<184><[U:1:163892789]><>" set team of player "L4Z0R_ Confirmed<184><[U:1:163892789]><>" to 1
L 01/28/2016 - 19:54:05: [advcommands.smx] "L4Z0R_ Confirmed<184><[U:1:163892789]><>" set team of player "L4Z0R_ Confirmed<184><[U:1:163892789]><>" to 3
L 01/28/2016 - 19:56:45: [funcommands.smx] "portello [H]<194><[U:1:55437863]><>" set a TimeBomb on "Skippster<193><[U:1:101441553]><>"
L 01/28/2016 - 19:56:45: [funcommands.smx] "portello [H]<194><[U:1:55437863]><>" set a TimeBomb on "Studmuffin (Sprained wrist)<192><[U:1:103659976]><>"
L 01/28/2016 - 19:56:45: [funcommands.smx] "portello [H]<194><[U:1:55437863]><>" set a TimeBomb on "portello [H]<194><[U:1:55437863]><>"
L 01/28/2016 - 19:57:17: [sm_evilrocket.smx] "portello [H]<194><[U:1:55437863]><>" sent "Studmuffin (Sprained wrist)<192><[U:1:103659976]><>" into space
L 01/28/2016 - 19:57:17: [sm_evilrocket.smx] "portello [H]<194><[U:1:55437863]><>" sent "portello [H]<194><[U:1:55437863]><>" into space
L 01/28/2016 - 19:57:38: [funcommands.smx] "Studmuffin (Sprained wrist)<192><[U:1:103659976]><>" toggled noclip on "Studmuffin (Sprained wrist)<192><[U:1:103659976]><>"
L 01/28/2016 - 19:59:43: [basevotes.smx] "L4Z0R_ Confirmed<184><[U:1:163892789]><>" initiated a generic vote.
L 01/28/2016 - 20:00:03: [funcommands.smx] "Studmuffin (Sprained wrist)<192><[U:1:103659976]><>" toggled noclip on "Studmuffin (Sprained wrist)<192><[U:1:103659976]><>"
L 01/28/2016 - 20:00:03: [funcommands.smx] "Studmuffin (Sprained wrist)<192><[U:1:103659976]><>" toggled noclip on "Skippster<193><[U:1:101441553]><>"
L 01/28/2016 - 20:00:06: [funcommands.smx] "Studmuffin (Sprained wrist)<192><[U:1:103659976]><>" toggled noclip on "Skippster<193><[U:1:101441553]><>"
L 01/28/2016 - 20:02:40: [advcommands.smx] "L4Z0R_ Confirmed<184><[U:1:163892789]><>" set team of player "L4Z0R_ Confirmed<184><[U:1:163892789]><>" to 0
L 01/28/2016 - 20:02:50: [advcommands.smx] "L4Z0R_ Confirmed<184><[U:1:163892789]><>" set team of player "L4Z0R_ Confirmed<184><[U:1:163892789]><>" to 1
L 01/28/2016 - 20:02:59: [funcommands.smx] "Studmuffin (Sprained wrist)<192><[U:1:103659976]><>" toggled noclip on "Studmuffin (Sprained wrist)<192><[U:1:103659976]><>"
L 01/28/2016 - 20:03:13: [funcommands.smx] "portello [H]<194><[U:1:55437863]><>" toggled noclip on "portello [H]<194><[U:1:55437863]><>"
L 01/28/2016 - 20:04:26: [funcommands.smx] "Studmuffin (Sprained wrist)<192><[U:1:103659976]><>" toggled noclip on "Skippster<193><[U:1:101441553]><>"
L 01/28/2016 - 20:04:28: [funcommands.smx] "Studmuffin (Sprained wrist)<192><[U:1:103659976]><>" toggled noclip on "Skippster<193><[U:1:101441553]><>"
L 01/28/2016 - 20:05:03: [playercommands.smx] "L4Z0R_ Confirmed<184><[U:1:163892789]><>" slayed "portello [H]<194><[U:1:55437863]><>"
L 01/28/2016 - 20:05:31: [funcommands.smx] "Studmuffin (Sprained wrist)<192><[U:1:103659976]><>" toggled noclip on "Studmuffin (Sprained wrist)<192><[U:1:103659976]><>"
L 01/28/2016 - 20:05:48: [funcommands.smx] "Studmuffin (Sprained wrist)<192><[U:1:103659976]><>" toggled noclip on "Studmuffin (Sprained wrist)<192><[U:1:103659976]><>"
L 01/28/2016 - 20:05:50: [funcommands.smx] "Studmuffin (Sprained wrist)<192><[U:1:103659976]><>" toggled noclip on "Studmuffin (Sprained wrist)<192><[U:1:103659976]><>"
L 01/28/2016 - 20:05:50: [funcommands.smx] "Studmuffin (Sprained wrist)<192><[U:1:103659976]><>" toggled noclip on "Studmuffin (Sprained wrist)<192><[U:1:103659976]><>"
L 01/28/2016 - 20:06:08: [funcommands.smx] "portello [H]<194><[U:1:55437863]><>" toggled noclip on "portello [H]<194><[U:1:55437863]><>"
L 01/28/2016 - 20:06:41: [funcommands.smx] "L4Z0R_ Confirmed<184><[U:1:163892789]><>" toggled noclip on "portello [H]<194><[U:1:55437863]><>"
L 01/28/2016 - 20:10:39: [basechat.smx] "L4Z0R_ Confirmed<184><[U:1:163892789]><>" triggered sm_csay (text VIP IS 5 KEYS OR JUST YOUR FIRSTBORN CHILD! TYPE !MOTD TO GET STARTED!)
L 01/28/2016 - 20:10:47: [basechat.smx] "L4Z0R_ Confirmed<184><[U:1:163892789]><>" triggered sm_csay (text VIP IS 5 KEYS OR JUST YOUR FIRSTBORN CHILD! TYPE !MOTD TO GET STARTED!)
L 01/28/2016 - 20:13:36: [advcommands.smx] "L4Z0R_ Confirmed<184><[U:1:163892789]><>" gived item ebola to player "Skippster<193><[U:1:101441553]><>"
L 01/28/2016 - 20:13:36: [advcommands.smx] "L4Z0R_ Confirmed<184><[U:1:163892789]><>" gived item ebola to player "L4Z0R_ Confirmed<184><[U:1:163892789]><>"
L 01/28/2016 - 20:13:36: [advcommands.smx] "L4Z0R_ Confirmed<184><[U:1:163892789]><>" gived item ebola to player "Studmuffin (Sprained wrist)<192><[U:1:103659976]><>"
L 01/28/2016 - 20:13:36: [advcommands.smx] "L4Z0R_ Confirmed<184><[U:1:163892789]><>" gived item ebola to player "portello [H]<194><[U:1:55437863]><>"
L 01/28/2016 - 20:14:32: [backpack-tf.smx] backpack.tf price list successfully downloaded!
L 01/28/2016 - 20:14:39: [advcommands.smx] "L4Z0R_ Confirmed<184><[U:1:163892789]><>" gived item CANCER MEMES to player "Skippster<193><[U:1:101441553]><>"
L 01/28/2016 - 20:14:39: [advcommands.smx] "L4Z0R_ Confirmed<184><[U:1:163892789]><>" gived item CANCER MEMES to player "L4Z0R_ Confirmed<184><[U:1:163892789]><>"
L 01/28/2016 - 20:14:39: [advcommands.smx] "L4Z0R_ Confirmed<184><[U:1:163892789]><>" gived item CANCER MEMES to player "Studmuffin (Sprained wrist)<192><[U:1:103659976]><>"
L 01/28/2016 - 20:14:39: [advcommands.smx] "L4Z0R_ Confirmed<184><[U:1:163892789]><>" gived item CANCER MEMES to player "portello [H]<194><[U:1:55437863]><>"
L 01/28/2016 - 20:15:13: [funcommands.smx] "portello [H]<194><[U:1:55437863]><>" toggled noclip on "portello [H]<194><[U:1:55437863]><>"
L 01/28/2016 - 20:15:13: [playercommands.smx] "L4Z0R_ Confirmed<184><[U:1:163892789]><>" renamed "Skippster<193><[U:1:101441553]><>" to "pepepsipr")
L 01/28/2016 - 20:15:13: [playercommands.smx] "L4Z0R_ Confirmed<184><[U:1:163892789]><>" renamed "L4Z0R_ Confirmed<184><[U:1:163892789]><>" to "roo_0fdde_CdiR4L")
L 01/28/2016 - 20:15:13: [playercommands.smx] "roo_0fdde_CdiR4L<184><[U:1:163892789]><>" renamed "Studmuffin (Sprained wrist)<192><[U:1:103659976]><>" to "srddemuiiauttdtttnwstpruii ")
L 01/28/2016 - 20:15:13: [playercommands.smx] "roo_0fdde_CdiR4L<184><[U:1:163892789]><>" renamed "portello [H]<194><[U:1:55437863]><>" to " ltreol] [lr")
L 01/28/2016 - 20:15:14: [playercommands.smx] "roo_0fdde_CdiR4L<184><[U:1:163892789]><>" renamed "pepepsipr<193><[U:1:101441553]><>" to "pppseipei")
L 01/28/2016 - 20:15:14: [playercommands.smx] "roo_0fdde_CdiR4L<184><[U:1:163892789]><>" renamed "roo_0fdde_CdiR4L<184><[U:1:163892789]><>" to "df00ddrod_0o4e_i")
L 01/28/2016 - 20:15:14: [playercommands.smx] "df00ddrod_0o4e_i<184><[U:1:163892789]><>" renamed "srddemuiiauttdtttnwstpruii <192><[U:1:103659976]><>" to " psttiudmadrrtu mritidwptit")
L 01/28/2016 - 20:15:14: [playercommands.smx] "df00ddrod_0o4e_i<184><[U:1:163892789]><>" renamed " ltreol] [lr<194><[U:1:55437863]><>" to "  llolre]o[r")
L 01/28/2016 - 20:15:14: [playercommands.smx] "df00ddrod_0o4e_i<184><[U:1:163892789]><>" renamed "pppseipei<193><[U:1:101441553]><>" to "sppsipppp")
L 01/28/2016 - 20:15:14: [playercommands.smx] "df00ddrod_0o4e_i<184><[U:1:163892789]><>" renamed "df00ddrod_0o4e_i<184><[U:1:163892789]><>" to "odidf0o0d_eidd0d")
L 01/28/2016 - 20:15:14: [playercommands.smx] "odidf0o0d_eidd0d<184><[U:1:163892789]><>" renamed " psttiudmadrrtu mritidwptit<192><[U:1:103659976]><>" to "rtmsmtuita ap rudmdtrtdurtr")
L 01/28/2016 - 20:15:14: [playercommands.smx] "odidf0o0d_eidd0d<184><[U:1:163892789]><>" renamed "  llolre]o[r<194><[U:1:55437863]><>" to "or]e]lrllr [")
L 01/28/2016 - 20:15:14: [playercommands.smx] "odidf0o0d_eidd0d<184><[U:1:163892789]><>" renamed "sppsipppp<193><[U:1:101441553]><>" to "pspspsppp")
L 01/28/2016 - 20:15:14: [playercommands.smx] "odidf0o0d_eidd0d<184><[U:1:163892789]><>" renamed "odidf0o0d_eidd0d<184><[U:1:163892789]><>" to "0dff00ddo0of0ddo")
L 01/28/2016 - 20:15:14: [playercommands.smx] "0dff00ddo0of0ddo<184><[U:1:163892789]><>" renamed "rtmsmtuita ap rudmdtrtdurtr<192><[U:1:103659976]><>" to "rup tprusmrs rpsmmm uuddutt")
L 01/28/2016 - 20:15:14: [playercommands.smx] "0dff00ddo0of0ddo<184><[U:1:163892789]><>" renamed "or]e]lrllr [<194><[U:1:55437863]><>" to "o[lrlrrl]]]r")
L 01/28/2016 - 20:15:14: [playercommands.smx] "0dff00ddo0of0ddo<184><[U:1:163892789]><>" renamed "pspspsppp<193><[U:1:101441553]><>" to "psspssppp")
L 01/28/2016 - 20:15:14: [playercommands.smx] "0dff00ddo0of0ddo<184><[U:1:163892789]><>" renamed "0dff00ddo0of0ddo<184><[U:1:163892789]><>" to "ddd0f00fd0oddddd")
L 01/28/2016 - 20:15:14: [playercommands.smx] "ddd0f00fd0oddddd<184><[U:1:163892789]><>" renamed "rup tprusmrs rpsmmm uuddutt<192><[U:1:103659976]><>" to "ms rmrtssdmmpdmdduu trmmmrs")
L 01/28/2016 - 20:15:14: [playercommands.smx] "ddd0f00fd0oddddd<184><[U:1:163892789]><>" renamed "o[lrlrrl]]]r<194><[U:1:55437863]><>" to "]r]l]]r]lro]")
L 01/28/2016 - 20:15:14: [playercommands.smx] "ddd0f00fd0oddddd<184><[U:1:163892789]><>" renamed "psspssppp<193><[U:1:101441553]><>" to "ppspsssps")
L 01/28/2016 - 20:15:14: [playercommands.smx] "ddd0f00fd0oddddd<184><[U:1:163892789]><>" renamed "ddd0f00fd0oddddd<184><[U:1:163892789]><>" to "ddd0d0fdddddfddd")
L 01/28/2016 - 20:15:14: [playercommands.smx] "ddd0d0fdddddfddd<184><[U:1:163892789]><>" renamed "ms rmrtssdmmpdmdduu trmmmrs<192><[U:1:103659976]><>" to "mursrdsutmtmddpsrmssr ssdms")
L 01/28/2016 - 20:15:14: [playercommands.smx] "ddd0d0fdddddfddd<184><[U:1:163892789]><>" renamed "]r]l]]r]lro]<194><[U:1:55437863]><>" to "]l]]rll]]rr]")
L 01/28/2016 - 20:15:14: [playercommands.smx] "ddd0d0fdddddfddd<184><[U:1:163892789]><>" renamed "ppspsssps<193><[U:1:101441553]><>" to "pspppssss")
L 01/28/2016 - 20:15:14: [playercommands.smx] "ddd0d0fdddddfddd<184><[U:1:163892789]><>" renamed "ddd0d0fdddddfddd<184><[U:1:163892789]><>" to "ddddd0ddd0d0dddd")
L 01/28/2016 - 20:15:14: [playercommands.smx] "ddddd0ddd0d0dddd<184><[U:1:163892789]><>" renamed "mursrdsutmtmddpsrmssr ssdms<192><[U:1:103659976]><>" to "dtdummdsrs srdssmsssmmtdsdr")
L 01/28/2016 - 20:15:14: [playercommands.smx] "ddddd0ddd0d0dddd<184><[U:1:163892789]><>" renamed "]l]]rll]]rr]<194><[U:1:55437863]><>" to "]l]]l]]]ll]]")
L 01/28/2016 - 20:15:14: [playercommands.smx] "ddddd0ddd0d0dddd<184><[U:1:163892789]><>" renamed "pspppssss<193><[U:1:101441553]><>" to "psppspppp")
L 01/28/2016 - 20:15:14: [playercommands.smx] "ddddd0ddd0d0dddd<184><[U:1:163892789]><>" renamed "ddddd0ddd0d0dddd<184><[U:1:163892789]><>" to "dddddddddd0ddddd")
L 01/28/2016 - 20:15:14: [playercommands.smx] "dddddddddd0ddddd<184><[U:1:163892789]><>" renamed "dtdummdsrs srdssmsssmmtdsdr<192><[U:1:103659976]><>" to "ddddsmdrsmdsstdmuddtuddmsr ")
L 01/28/2016 - 20:15:14: [playercommands.smx] "dddddddddd0ddddd<184><[U:1:163892789]><>" renamed "]l]]l]]]ll]]<194><[U:1:55437863]><>" to "]l]]]l]]]]]]")
L 01/28/2016 - 20:15:14: [playercommands.smx] "dddddddddd0ddddd<184><[U:1:163892789]><>" renamed "psppspppp<193><[U:1:101441553]><>" to "ppsppspps")
L 01/28/2016 - 20:15:14: [playercommands.smx] "dddddddddd0ddddd<184><[U:1:163892789]><>" renamed "dddddddddd0ddddd<184><[U:1:163892789]><>" to "dddddddddddddddd")
L 01/28/2016 - 20:15:14: [playercommands.smx] "dddddddddddddddd<184><[U:1:163892789]><>" renamed "ddddsmdrsmdsstdmuddtuddmsr <192><[U:1:103659976]><>" to "ddurrdmdurddddmud dddsudddd")
L 01/28/2016 - 20:15:14: [playercommands.smx] "dddddddddddddddd<184><[U:1:163892789]><>" renamed "]l]]]l]]]]]]<194><[U:1:55437863]><>" to "]]]]]]]]]]]]")
L 01/28/2016 - 20:15:15: [playercommands.smx] "dddddddddddddddd<184><[U:1:163892789]><>" renamed "ppsppspps<193><[U:1:101441553]><>" to "ppppssspp")
L 01/28/2016 - 20:15:15: [playercommands.smx] "dddddddddddddddd<184><[U:1:163892789]><>" renamed "dddddddddddddddd<184><[U:1:163892789]><>" to "dddddddddddddddd")
L 01/28/2016 - 20:15:15: [playercommands.smx] "dddddddddddddddd<184><[U:1:163892789]><>" renamed "ddurrdmdurddddmud dddsudddd<192><[U:1:103659976]><>" to "ddddruddd suumddrumddmsm dr")
L 01/28/2016 - 20:15:15: [playercommands.smx] "dddddddddddddddd<184><[U:1:163892789]><>" renamed "]]]]]]]]]]]]<194><[U:1:55437863]><>" to "]]]]]]]]]]]]")
L 01/28/2016 - 20:15:15: [playercommands.smx] "dddddddddddddddd<184><[U:1:163892789]><>" renamed "ppppssspp<193><[U:1:101441553]><>" to "pppsspssp")
L 01/28/2016 - 20:15:15: [playercommands.smx] "dddddddddddddddd<184><[U:1:163892789]><>" renamed "dddddddddddddddd<184><[U:1:163892789]><>" to "dddddddddddddddd")
L 01/28/2016 - 20:15:15: [playercommands.smx] "dddddddddddddddd<184><[U:1:163892789]><>" renamed "ddddruddd suumddrumddmsm dr<192><[U:1:103659976]><>" to "ddrmdmmsdd ddm dsud u  dddd")
L 01/28/2016 - 20:15:15: [playercommands.smx] "dddddddddddddddd<184><[U:1:163892789]><>" renamed "]]]]]]]]]]]]<194><[U:1:55437863]><>" to "]]]]]]]]]]]]")
L 01/28/2016 - 20:15:15: [playercommands.smx] "dddddddddddddddd<184><[U:1:163892789]><>" renamed "pppsspssp<193><[U:1:101441553]><>" to "sspspsspp")
L 01/28/2016 - 20:15:15: [playercommands.smx] "dddddddddddddddd<184><[U:1:163892789]><>" renamed "dddddddddddddddd<184><[U:1:163892789]><>" to "dddddddddddddddd")
L 01/28/2016 - 20:15:15: [playercommands.smx] "dddddddddddddddd<184><[U:1:163892789]><>" renamed "ddrmdmmsdd ddm dsud u  dddd<192><[U:1:103659976]><>" to "   dm  ddd dddm drmd   d  u")
L 01/28/2016 - 20:15:15: [playercommands.smx] "dddddddddddddddd<184><[U:1:163892789]><>" renamed "]]]]]]]]]]]]<194><[U:1:55437863]><>" to "]]]]]]]]]]]]")
L 01/28/2016 - 20:15:15: [playercommands.smx] "dddddddddddddddd<184><[U:1:163892789]><>" renamed "sspspsspp<193><[U:1:101441553]><>" to "pspppspss")
L 01/28/2016 - 20:15:15: [playercommands.smx] "dddddddddddddddd<184><[U:1:163892789]><>" renamed "dddddddddddddddd<184><[U:1:163892789]><>" to "dddddddddddddddd")
L 01/28/2016 - 20:15:15: [playercommands.smx] "dddddddddddddddd<184><[U:1:163892789]><>" renamed "   dm  ddd dddm drmd   d  u<192><[U:1:103659976]><>" to "rm d dmmrr  m m   md d  ud ")
L 01/28/2016 - 20:15:15: [playercommands.smx] "dddddddddddddddd<184><[U:1:163892789]><>" renamed "]]]]]]]]]]]]<194><[U:1:55437863]><>" to "]]]]]]]]]]]]")
L 01/28/2016 - 20:15:15: [playercommands.smx] "dddddddddddddddd<184><[U:1:163892789]><>" renamed "pspppspss<193><[U:1:101441553]><>" to "pppsssppp")
L 01/28/2016 - 20:15:15: [playercommands.smx] "dddddddddddddddd<184><[U:1:163892789]><>" renamed "dddddddddddddddd<184><[U:1:163892789]><>" to "dddddddddddddddd")
L 01/28/2016 - 20:15:15: [playercommands.smx] "dddddddddddddddd<184><[U:1:163892789]><>" renamed "rm d dmmrr  m m   md d  ud <192><[U:1:103659976]><>" to "   m  rmr  rd m r dmdud    ")
L 01/28/2016 - 20:15:15: [playercommands.smx] "dddddddddddddddd<184><[U:1:163892789]><>" renamed "]]]]]]]]]]]]<194><[U:1:55437863]><>" to "]]]]]]]]]]]]")
L 01/28/2016 - 20:15:15: [playercommands.smx] "dddddddddddddddd<184><[U:1:163892789]><>" renamed "pppsssppp<193><[U:1:101441553]><>" to "pppppsssp")
L 01/28/2016 - 20:15:15: [playercommands.smx] "dddddddddddddddd<184><[U:1:163892789]><>" renamed "dddddddddddddddd<184><[U:1:163892789]><>" to "dddddddddddddddd")
L 01/28/2016 - 20:15:15: [playercommands.smx] "dddddddddddddddd<184><[U:1:163892789]><>" renamed "   m  rmr  rd m r dmdud    <192><[U:1:103659976]><>" to "   rr  rm ru m  u mru drrr ")
L 01/28/2016 - 20:15:15: [playercommands.smx] "dddddddddddddddd<184><[U:1:163892789]><>" renamed "]]]]]]]]]]]]<194><[U:1:55437863]><>" to "]]]]]]]]]]]]")
L 01/28/2016 - 20:15:15: [playercommands.smx] "dddddddddddddddd<184><[U:1:163892789]><>" renamed "pppppsssp<193><[U:1:101441553]><>" to "sppspsppp")
L 01/28/2016 - 20:15:15: [playercommands.smx] "dddddddddddddddd<184><[U:1:163892789]><>" renamed "dddddddddddddddd<184><[U:1:163892789]><>" to "dddddddddddddddd")
L 01/28/2016 - 20:15:15: [playercommands.smx] "dddddddddddddddd<184><[U:1:163892789]><>" renamed "   rr  rm ru m  u mru drrr <192><[U:1:103659976]><>" to " rr rm  r rrd  u    m r  uu")
L 01/28/2016 - 20:15:15: [playercommands.smx] "dddddddddddddddd<184><[U:1:163892789]><>" renamed "]]]]]]]]]]]]<194><[U:1:55437863]><>" to "]]]]]]]]]]]]")
L 01/28/2016 - 20:15:15: [playercommands.smx] "dddddddddddddddd<184><[U:1:163892789]><>" renamed "sppspsppp<193><[U:1:101441553]><>" to "ppspssppp")
L 01/28/2016 - 20:15:15: [playercommands.smx] "dddddddddddddddd<184><[U:1:163892789]><>" renamed "dddddddddddddddd<184><[U:1:163892789]><>" to "dddddddddddddddd")
L 01/28/2016 - 20:15:15: [playercommands.smx] "dddddddddddddddd<184><[U:1:163892789]><>" renamed " rr rm  r rrd  u    m r  uu<192><[U:1:103659976]><>" to " ur  u  m  d rmm   u r     ")
L 01/28/2016 - 20:15:15: [playercommands.smx] "dddddddddddddddd<184><[U:1:163892789]><>" renamed "]]]]]]]]]]]]<194><[U:1:55437863]><>" to "]]]]]]]]]]]]")
L 01/28/2016 - 20:15:16: [playercommands.smx] "dddddddddddddddd<184><[U:1:163892789]><>" renamed "ppspssppp<193><[U:1:101441553]><>" to "ppspsppps")
L 01/28/2016 - 20:15:16: [playercommands.smx] "dddddddddddddddd<184><[U:1:163892789]><>" renamed "dddddddddddddddd<184><[U:1:163892789]><>" to "dddddddddddddddd")
L 01/28/2016 - 20:15:16: [playercommands.smx] "dddddddddddddddd<184><[U:1:163892789]><>" renamed " ur  u  m  d rmm   u r     <192><[U:1:103659976]><>" to "       u      u            ")
L 01/28/2016 - 20:15:16: [playercommands.smx] "dddddddddddddddd<184><[U:1:163892789]><>" renamed "]]]]]]]]]]]]<194><[U:1:55437863]><>" to "]]]]]]]]]]]]")
L 01/28/2016 - 20:15:16: [playercommands.smx] "dddddddddddddddd<184><[U:1:163892789]><>" renamed "ppspsppps<193><[U:1:101441553]><>" to "pppsspssp")
L 01/28/2016 - 20:15:16: [playercommands.smx] "dddddddddddddddd<184><[U:1:163892789]><>" renamed "dddddddddddddddd<184><[U:1:163892789]><>" to "dddddddddddddddd")
L 01/28/2016 - 20:15:16: [playercommands.smx] "dddddddddddddddd<184><[U:1:163892789]><>" renamed "       u      u            <192><[U:1:103659976]><>" to "     u                     ")
L 01/28/2016 - 20:15:16: [playercommands.smx] "dddddddddddddddd<184><[U:1:163892789]><>" renamed "]]]]]]]]]]]]<194><[U:1:55437863]><>" to "]]]]]]]]]]]]")
L 01/28/2016 - 20:15:16: [playercommands.smx] "dddddddddddddddd<184><[U:1:163892789]><>" renamed "pppsspssp<193><[U:1:101441553]><>" to "pppspppps")
L 01/28/2016 - 20:15:16: [playercommands.smx] "dddddddddddddddd<184><[U:1:163892789]><>" renamed "dddddddddddddddd<184><[U:1:163892789]><>" to "dddddddddddddddd")
L 01/28/2016 - 20:15:16: [playercommands.smx] "dddddddddddddddd<184><[U:1:163892789]><>" renamed "     u                     <192><[U:1:103659976]><>" to "                u          ")
L 01/28/2016 - 20:15:16: [playercommands.smx] "dddddddddddddddd<184><[U:1:163892789]><>" renamed "]]]]]]]]]]]]<194><[U:1:55437863]><>" to "]]]]]]]]]]]]")
L 01/28/2016 - 20:15:16: [playercommands.smx] "dddddddddddddddd<184><[U:1:163892789]><>" renamed "pppspppps<193><[U:1:101441553]><>" to "ppssppppp")
L 01/28/2016 - 20:15:16: [playercommands.smx] "dddddddddddddddd<184><[U:1:163892789]><>" renamed "dddddddddddddddd<184><[U:1:163892789]><>" to "dddddddddddddddd")
L 01/28/2016 - 20:15:16: [playercommands.smx] "dddddddddddddddd<184><[U:1:163892789]><>" renamed "                u          <192><[U:1:103659976]><>" to "     u  u  u       u       ")
L 01/28/2016 - 20:15:16: [playercommands.smx] "dddddddddddddddd<184><[U:1:163892789]><>" renamed "]]]]]]]]]]]]<194><[U:1:55437863]><>" to "]]]]]]]]]]]]")
L 01/28/2016 - 20:15:16: [playercommands.smx] "dddddddddddddddd<184><[U:1:163892789]><>" renamed "ppssppppp<193><[U:1:101441553]><>" to "pppspsppp")
L 01/28/2016 - 20:15:16: [playercommands.smx] "dddddddddddddddd<184><[U:1:163892789]><>" renamed "dddddddddddddddd<184><[U:1:163892789]><>" to "dddddddddddddddd")
L 01/28/2016 - 20:15:16: [playercommands.smx] "dddddddddddddddd<184><[U:1:163892789]><>" renamed "     u  u  u       u       <192><[U:1:103659976]><>" to " u     u u   u   u      u  ")
L 01/28/2016 - 20:15:16: [playercommands.smx] "dddddddddddddddd<184><[U:1:163892789]><>" renamed "]]]]]]]]]]]]<194><[U:1:55437863]><>" to "]]]]]]]]]]]]")
L 01/28/2016 - 20:15:16: [playercommands.smx] "dddddddddddddddd<184><[U:1:163892789]><>" renamed "pppspsppp<193><[U:1:101441553]><>" to "ppppppspp")
L 01/28/2016 - 20:15:16: [playercommands.smx] "dddddddddddddddd<184><[U:1:163892789]><>" renamed "dddddddddddddddd<184><[U:1:163892789]><>" to "dddddddddddddddd")
L 01/28/2016 - 20:15:16: [playercommands.smx] "dddddddddddddddd<184><[U:1:163892789]><>" renamed " u     u u   u   u      u  <192><[U:1:103659976]><>" to "           u    u u        ")
L 01/28/2016 - 20:15:16: [playercommands.smx] "dddddddddddddddd<184><[U:1:163892789]><>" renamed "]]]]]]]]]]]]<194><[U:1:55437863]><>" to "]]]]]]]]]]]]")
L 01/28/2016 - 20:15:16: [playercommands.smx] "dddddddddddddddd<184><[U:1:163892789]><>" renamed "ppppppspp<193><[U:1:101441553]><>" to "spppspppp")
L 01/28/2016 - 20:15:16: [playercommands.smx] "dddddddddddddddd<184><[U:1:163892789]><>" renamed "dddddddddddddddd<184><[U:1:163892789]><>" to "dddddddddddddddd")
L 01/28/2016 - 20:15:16: [playercommands.smx] "dddddddddddddddd<184><[U:1:163892789]><>" renamed "           u    u u        <192><[U:1:103659976]><>" to "      u    uu        u     ")
L 01/28/2016 - 20:15:16: [playercommands.smx] "dddddddddddddddd<184><[U:1:163892789]><>" renamed "]]]]]]]]]]]]<194><[U:1:55437863]><>" to "]]]]]]]]]]]]")
L 01/28/2016 - 20:15:16: [playercommands.smx] "dddddddddddddddd<184><[U:1:163892789]><>" renamed "spppspppp<193><[U:1:101441553]><>" to "ppppppppp")
L 01/28/2016 - 20:15:16: [playercommands.smx] "dddddddddddddddd<184><[U:1:163892789]><>" renamed "dddddddddddddddd<184><[U:1:163892789]><>" to "dddddddddddddddd")
L 01/28/2016 - 20:15:16: [playercommands.smx] "dddddddddddddddd<184><[U:1:163892789]><>" renamed "      u    uu        u     <192><[U:1:103659976]><>" to "    u      u   u     u     ")
L 01/28/2016 - 20:15:16: [playercommands.smx] "dddddddddddddddd<184><[U:1:163892789]><>" renamed "]]]]]]]]]]]]<194><[U:1:55437863]><>" to "]]]]]]]]]]]]")
L 01/28/2016 - 20:15:17: [playercommands.smx] "dddddddddddddddd<184><[U:1:163892789]><>" renamed "ppppppppp<193><[U:1:101441553]><>" to "ppppppppp")
L 01/28/2016 - 20:15:17: [playercommands.smx] "dddddddddddddddd<184><[U:1:163892789]><>" renamed "dddddddddddddddd<184><[U:1:163892789]><>" to "dddddddddddddddd")
L 01/28/2016 - 20:15:17: [playercommands.smx] "dddddddddddddddd<184><[U:1:163892789]><>" renamed "    u      u   u     u     <192><[U:1:103659976]><>" to "uu    u     uu             ")
L 01/28/2016 - 20:15:17: [playercommands.smx] "dddddddddddddddd<184><[U:1:163892789]><>" renamed "]]]]]]]]]]]]<194><[U:1:55437863]><>" to "]]]]]]]]]]]]")
L 01/28/2016 - 20:15:17: [playercommands.smx] "dddddddddddddddd<184><[U:1:163892789]><>" renamed "ppppppppp<193><[U:1:101441553]><>" to "ppppppppp")
L 01/28/2016 - 20:15:17: [playercommands.smx] "dddddddddddddddd<184><[U:1:163892789]><>" renamed "dddddddddddddddd<184><[U:1:163892789]><>" to "dddddddddddddddd")
L 01/28/2016 - 20:15:17: [playercommands.smx] "dddddddddddddddd<184><[U:1:163892789]><>" renamed "uu    u     uu             <192><[U:1:103659976]><>" to "u  u   u u    u     uu  u u")
L 01/28/2016 - 20:15:17: [playercommands.smx] "dddddddddddddddd<184><[U:1:163892789]><>" renamed "]]]]]]]]]]]]<194><[U:1:55437863]><>" to "]]]]]]]]]]]]")
L 01/28/2016 - 20:15:17: [playercommands.smx] "dddddddddddddddd<184><[U:1:163892789]><>" renamed "ppppppppp<193><[U:1:101441553]><>" to "ppppppppp")
L 01/28/2016 - 20:15:17: [playercommands.smx] "dddddddddddddddd<184><[U:1:163892789]><>" renamed "dddddddddddddddd<184><[U:1:163892789]><>" to "dddddddddddddddd")
L 01/28/2016 - 20:15:17: [playercommands.smx] "dddddddddddddddd<184><[U:1:163892789]><>" renamed "u  u   u u    u     uu  u u<192><[U:1:103659976]><>" to "u    u u         u   u     ")
L 01/28/2016 - 20:15:17: [playercommands.smx] "dddddddddddddddd<184><[U:1:163892789]><>" renamed "]]]]]]]]]]]]<194><[U:1:55437863]><>" to "]]]]]]]]]]]]")
L 01/28/2016 - 20:15:17: [playercommands.smx] "dddddddddddddddd<184><[U:1:163892789]><>" renamed "ppppppppp<193><[U:1:101441553]><>" to "ppppppppp")
L 01/28/2016 - 20:15:17: [playercommands.smx] "dddddddddddddddd<184><[U:1:163892789]><>" renamed "dddddddddddddddd<184><[U:1:163892789]><>" to "dddddddddddddddd")
L 01/28/2016 - 20:15:17: [playercommands.smx] "dddddddddddddddd<184><[U:1:163892789]><>" renamed "u    u u         u   u     <192><[U:1:103659976]><>" to "  uu        u      u   u u ")
L 01/28/2016 - 20:15:17: [playercommands.smx] "dddddddddddddddd<184><[U:1:163892789]><>" renamed "]]]]]]]]]]]]<194><[U:1:55437863]><>" to "]]]]]]]]]]]]")
L 01/28/2016 - 20:15:17: [playercommands.smx] "dddddddddddddddd<184><[U:1:163892789]><>" renamed "ppppppppp<193><[U:1:101441553]><>" to "ppppppppp")
L 01/28/2016 - 20:15:17: [playercommands.smx] "dddddddddddddddd<184><[U:1:163892789]><>" renamed "dddddddddddddddd<184><[U:1:163892789]><>" to "dddddddddddddddd")
L 01/28/2016 - 20:15:17: [playercommands.smx] "dddddddddddddddd<184><[U:1:163892789]><>" renamed "  uu        u      u   u u <192><[U:1:103659976]><>" to "    u          u u    u   u")
L 01/28/2016 - 20:15:17: [playercommands.smx] "dddddddddddddddd<184><[U:1:163892789]><>" renamed "]]]]]]]]]]]]<194><[U:1:55437863]><>" to "]]]]]]]]]]]]")
L 01/28/2016 - 20:15:17: [playercommands.smx] "dddddddddddddddd<184><[U:1:163892789]><>" renamed "ppppppppp<193><[U:1:101441553]><>" to "ppppppppp")
L 01/28/2016 - 20:15:17: [playercommands.smx] "dddddddddddddddd<184><[U:1:163892789]><>" renamed "dddddddddddddddd<184><[U:1:163892789]><>" to "dddddddddddddddd")
L 01/28/2016 - 20:15:17: [playercommands.smx] "dddddddddddddddd<184><[U:1:163892789]><>" renamed "    u          u u    u   u<192><[U:1:103659976]><>" to "u     uu    u  u    u   u  ")
L 01/28/2016 - 20:15:17: [playercommands.smx] "dddddddddddddddd<184><[U:1:163892789]><>" renamed "]]]]]]]]]]]]<194><[U:1:55437863]><>" to "]]]]]]]]]]]]")
L 01/28/2016 - 20:15:17: [playercommands.smx] "dddddddddddddddd<184><[U:1:163892789]><>" renamed "ppppppppp<193><[U:1:101441553]><>" to "ppppppppp")
L 01/28/2016 - 20:15:17: [playercommands.smx] "dddddddddddddddd<184><[U:1:163892789]><>" renamed "dddddddddddddddd<184><[U:1:163892789]><>" to "dddddddddddddddd")
L 01/28/2016 - 20:15:17: [playercommands.smx] "dddddddddddddddd<184><[U:1:163892789]><>" renamed "u     uu    u  u    u   u  <192><[U:1:103659976]><>" to "u  u u u uu   uu    u   uu ")
L 01/28/2016 - 20:15:17: [playercommands.smx] "dddddddddddddddd<184><[U:1:163892789]><>" renamed "]]]]]]]]]]]]<194><[U:1:55437863]><>" to "]]]]]]]]]]]]")
L 01/28/2016 - 20:15:17: [playercommands.smx] "dddddddddddddddd<184><[U:1:163892789]><>" renamed "ppppppppp<193><[U:1:101441553]><>" to "ppppppppp")
L 01/28/2016 - 20:15:17: [playercommands.smx] "dddddddddddddddd<184><[U:1:163892789]><>" renamed "dddddddddddddddd<184><[U:1:163892789]><>" to "dddddddddddddddd")
L 01/28/2016 - 20:15:17: [playercommands.smx] "dddddddddddddddd<184><[U:1:163892789]><>" renamed "u  u u u uu   uu    u   uu <192><[U:1:103659976]><>" to " u  u    u   u       uu  u ")
L 01/28/2016 - 20:15:17: [playercommands.smx] "dddddddddddddddd<184><[U:1:163892789]><>" renamed "]]]]]]]]]]]]<194><[U:1:55437863]><>" to "]]]]]]]]]]]]")
L 01/28/2016 - 20:15:18: [playercommands.smx] "dddddddddddddddd<184><[U:1:163892789]><>" renamed "ppppppppp<193><[U:1:101441553]><>" to "ppppppppp")
L 01/28/2016 - 20:15:18: [playercommands.smx] "dddddddddddddddd<184><[U:1:163892789]><>" renamed "dddddddddddddddd<184><[U:1:163892789]><>" to "dddddddddddddddd")
L 01/28/2016 - 20:15:18: [playercommands.smx] "dddddddddddddddd<184><[U:1:163892789]><>" renamed " u  u    u   u       uu  u <192><[U:1:103659976]><>" to "    u          u           ")
L 01/28/2016 - 20:15:18: [playercommands.smx] "dddddddddddddddd<184><[U:1:163892789]><>" renamed "]]]]]]]]]]]]<194><[U:1:55437863]><>" to "]]]]]]]]]]]]")
L 01/28/2016 - 20:15:18: [playercommands.smx] "dddddddddddddddd<184><[U:1:163892789]><>" renamed "ppppppppp<193><[U:1:101441553]><>" to "ppppppppp")
L 01/28/2016 - 20:15:18: [playercommands.smx] "dddddddddddddddd<184><[U:1:163892789]><>" renamed "dddddddddddddddd<184><[U:1:163892789]><>" to "dddddddddddddddd")
L 01/28/2016 - 20:15:18: [playercommands.smx] "dddddddddddddddd<184><[U:1:163892789]><>" renamed "    u          u           <192><[U:1:103659976]><>" to "  u                        ")
L 01/28/2016 - 20:15:18: [playercommands.smx] "dddddddddddddddd<184><[U:1:163892789]><>" renamed "]]]]]]]]]]]]<194><[U:1:55437863]><>" to "]]]]]]]]]]]]")
L 01/28/2016 - 20:15:18: [playercommands.smx] "dddddddddddddddd<184><[U:1:163892789]><>" renamed "ppppppppp<193><[U:1:101441553]><>" to "ppppppppp")
L 01/28/2016 - 20:15:18: [playercommands.smx] "dddddddddddddddd<184><[U:1:163892789]><>" renamed "dddddddddddddddd<184><[U:1:163892789]><>" to "dddddddddddddddd")
L 01/28/2016 - 20:15:18: [playercommands.smx] "dddddddddddddddd<184><[U:1:163892789]><>" renamed "  u                        <192><[U:1:103659976]><>" to "    u   u     u            ")
L 01/28/2016 - 20:15:18: [playercommands.smx] "dddddddddddddddd<184><[U:1:163892789]><>" renamed "]]]]]]]]]]]]<194><[U:1:55437863]><>" to "]]]]]]]]]]]]")
L 01/28/2016 - 20:15:18: [playercommands.smx] "dddddddddddddddd<184><[U:1:163892789]><>" renamed "ppppppppp<193><[U:1:101441553]><>" to "ppppppppp")
L 01/28/2016 - 20:15:18: [playercommands.smx] "dddddddddddddddd<184><[U:1:163892789]><>" renamed "dddddddddddddddd<184><[U:1:163892789]><>" to "dddddddddddddddd")
L 01/28/2016 - 20:15:18: [playercommands.smx] "dddddddddddddddd<184><[U:1:163892789]><>" renamed "    u   u     u            <192><[U:1:103659976]><>" to "   u   u                   ")
L 01/28/2016 - 20:15:18: [playercommands.smx] "dddddddddddddddd<184><[U:1:163892789]><>" renamed "]]]]]]]]]]]]<194><[U:1:55437863]><>" to "]]]]]]]]]]]]")
L 01/28/2016 - 20:15:18: [playercommands.smx] "dddddddddddddddd<184><[U:1:163892789]><>" renamed "ppppppppp<193><[U:1:101441553]><>" to "ppppppppp")
L 01/28/2016 - 20:15:18: [playercommands.smx] "dddddddddddddddd<184><[U:1:163892789]><>" renamed "dddddddddddddddd<184><[U:1:163892789]><>" to "dddddddddddddddd")
L 01/28/2016 - 20:15:18: [playercommands.smx] "dddddddddddddddd<184><[U:1:163892789]><>" renamed "   u   u                   <192><[U:1:103659976]><>" to "                           ")
L 01/28/2016 - 20:15:18: [playercommands.smx] "dddddddddddddddd<184><[U:1:163892789]><>" renamed "]]]]]]]]]]]]<194><[U:1:55437863]><>" to "]]]]]]]]]]]]")
L 01/28/2016 - 20:15:18: [playercommands.smx] "dddddddddddddddd<184><[U:1:163892789]><>" renamed "ppppppppp<193><[U:1:101441553]><>" to "ppppppppp")
L 01/28/2016 - 20:15:18: [playercommands.smx] "dddddddddddddddd<184><[U:1:163892789]><>" renamed "dddddddddddddddd<184><[U:1:163892789]><>" to "dddddddddddddddd")
L 01/28/2016 - 20:15:18: [playercommands.smx] "dddddddddddddddd<184><[U:1:163892789]><>" renamed "unnamed<192><[U:1:103659976]><>" to "ednnmdd")
L 01/28/2016 - 20:15:18: [playercommands.smx] "dddddddddddddddd<184><[U:1:163892789]><>" renamed "]]]]]]]]]]]]<194><[U:1:55437863]><>" to "]]]]]]]]]]]]")
L 01/28/2016 - 20:15:18: [playercommands.smx] "dddddddddddddddd<184><[U:1:163892789]><>" renamed "ppppppppp<193><[U:1:101441553]><>" to "ppppppppp")
L 01/28/2016 - 20:15:18: [playercommands.smx] "dddddddddddddddd<184><[U:1:163892789]><>" renamed "dddddddddddddddd<184><[U:1:163892789]><>" to "dddddddddddddddd")
L 01/28/2016 - 20:15:18: [playercommands.smx] "dddddddddddddddd<184><[U:1:163892789]><>" renamed "ednnmdd<192><[U:1:103659976]><>" to "meeende")
L 01/28/2016 - 20:15:18: [playercommands.smx] "dddddddddddddddd<184><[U:1:163892789]><>" renamed "]]]]]]]]]]]]<194><[U:1:55437863]><>" to "]]]]]]]]]]]]")
L 01/28/2016 - 20:15:18: [playercommands.smx] "dddddddddddddddd<184><[U:1:163892789]><>" renamed "ppppppppp<193><[U:1:101441553]><>" to "ppppppppp")
L 01/28/2016 - 20:15:18: [playercommands.smx] "dddddddddddddddd<184><[U:1:163892789]><>" renamed "dddddddddddddddd<184><[U:1:163892789]><>" to "dddddddddddddddd")
L 01/28/2016 - 20:15:18: [playercommands.smx] "dddddddddddddddd<184><[U:1:163892789]><>" renamed "meeende<192><[U:1:103659976]><>" to "eneemem")
L 01/28/2016 - 20:15:18: [playercommands.smx] "dddddddddddddddd<184><[U:1:163892789]><>" renamed "]]]]]]]]]]]]<194><[U:1:55437863]><>" to "]]]]]]]]]]]]")
L 01/28/2016 - 20:15:19: [playercommands.smx] "dddddddddddddddd<184><[U:1:163892789]><>" renamed "ppppppppp<193><[U:1:101441553]><>" to "ppppppppp")
L 01/28/2016 - 20:15:19: [playercommands.smx] "dddddddddddddddd<184><[U:1:163892789]><>" renamed "dddddddddddddddd<184><[U:1:163892789]><>" to "dddddddddddddddd")
L 01/28/2016 - 20:15:19: [playercommands.smx] "dddddddddddddddd<184><[U:1:163892789]><>" renamed "eneemem<192><[U:1:103659976]><>" to "emmeeme")
L 01/28/2016 - 20:15:19: [playercommands.smx] "dddddddddddddddd<184><[U:1:163892789]><>" renamed "]]]]]]]]]]]]<194><[U:1:55437863]><>" to "]]]]]]]]]]]]")
L 01/28/2016 - 20:15:19: [playercommands.smx] "dddddddddddddddd<184><[U:1:163892789]><>" renamed "ppppppppp<193><[U:1:101441553]><>" to "ppppppppp")
L 01/28/2016 - 20:15:19: [playercommands.smx] "dddddddddddddddd<184><[U:1:163892789]><>" renamed "dddddddddddddddd<184><[U:1:163892789]><>" to "dddddddddddddddd")
L 01/28/2016 - 20:15:19: [playercommands.smx] "dddddddddddddddd<184><[U:1:163892789]><>" renamed "emmeeme<192><[U:1:103659976]><>" to "emmemem")
L 01/28/2016 - 20:15:19: [playercommands.smx] "dddddddddddddddd<184><[U:1:163892789]><>" renamed "]]]]]]]]]]]]<194><[U:1:55437863]><>" to "]]]]]]]]]]]]")
L 01/28/2016 - 20:15:19: [playercommands.smx] "dddddddddddddddd<184><[U:1:163892789]><>" renamed "ppppppppp<193><[U:1:101441553]><>" to "ppppppppp")
L 01/28/2016 - 20:15:19: [playercommands.smx] "dddddddddddddddd<184><[U:1:163892789]><>" renamed "dddddddddddddddd<184><[U:1:163892789]><>" to "dddddddddddddddd")
L 01/28/2016 - 20:15:19: [playercommands.smx] "dddddddddddddddd<184><[U:1:163892789]><>" renamed "emmemem<192><[U:1:103659976]><>" to "meeemem")
L 01/28/2016 - 20:15:19: [playercommands.smx] "dddddddddddddddd<184><[U:1:163892789]><>" renamed "]]]]]]]]]]]]<194><[U:1:55437863]><>" to "]]]]]]]]]]]]")
L 01/28/2016 - 20:15:19: [playercommands.smx] "dddddddddddddddd<184><[U:1:163892789]><>" renamed "ppppppppp<193><[U:1:101441553]><>" to "ppppppppp")
L 01/28/2016 - 20:15:19: [playercommands.smx] "dddddddddddddddd<184><[U:1:163892789]><>" renamed "dddddddddddddddd<184><[U:1:163892789]><>" to "dddddddddddddddd")
L 01/28/2016 - 20:15:19: [playercommands.smx] "dddddddddddddddd<184><[U:1:163892789]><>" renamed "meeemem<192><[U:1:103659976]><>" to "emmeeem")
L 01/28/2016 - 20:15:19: [playercommands.smx] "dddddddddddddddd<184><[U:1:163892789]><>" renamed "]]]]]]]]]]]]<194><[U:1:55437863]><>" to "]]]]]]]]]]]]")
L 01/28/2016 - 20:15:19: [playercommands.smx] "dddddddddddddddd<184><[U:1:163892789]><>" renamed "ppppppppp<193><[U:1:101441553]><>" to "ppppppppp")
L 01/28/2016 - 20:15:19: [playercommands.smx] "dddddddddddddddd<184><[U:1:163892789]><>" renamed "dddddddddddddddd<184><[U:1:163892789]><>" to "dddddddddddddddd")
L 01/28/2016 - 20:15:19: [playercommands.smx] "dddddddddddddddd<184><[U:1:163892789]><>" renamed "emmeeem<192><[U:1:103659976]><>" to "eeeeemm")
L 01/28/2016 - 20:15:19: [playercommands.smx] "dddddddddddddddd<184><[U:1:163892789]><>" renamed "]]]]]]]]]]]]<194><[U:1:55437863]><>" to "]]]]]]]]]]]]")
L 01/28/2016 - 20:15:19: [playercommands.smx] "dddddddddddddddd<184><[U:1:163892789]><>" renamed "ppppppppp<193><[U:1:101441553]><>" to "ppppppppp")
L 01/28/2016 - 20:15:19: [playercommands.smx] "dddddddddddddddd<184><[U:1:163892789]><>" renamed "dddddddddddddddd<184><[U:1:163892789]><>" to "dddddddddddddddd")
L 01/28/2016 - 20:15:19: [playercommands.smx] "dddddddddddddddd<184><[U:1:163892789]><>" renamed "eeeeemm<192><[U:1:103659976]><>" to "eeeeeee")
L 01/28/2016 - 20:15:19: [playercommands.smx] "dddddddddddddddd<184><[U:1:163892789]><>" renamed "]]]]]]]]]]]]<194><[U:1:55437863]><>" to "]]]]]]]]]]]]")
L 01/28/2016 - 20:15:19: [playercommands.smx] "dddddddddddddddd<184><[U:1:163892789]><>" renamed "ppppppppp<193><[U:1:101441553]><>" to "ppppppppp")
L 01/28/2016 - 20:15:19: [playercommands.smx] "dddddddddddddddd<184><[U:1:163892789]><>" renamed "dddddddddddddddd<184><[U:1:163892789]><>" to "dddddddddddddddd")
L 01/28/2016 - 20:15:19: [playercommands.smx] "dddddddddddddddd<184><[U:1:163892789]><>" renamed "eeeeeee<192><[U:1:103659976]><>" to "eeeeeee")
L 01/28/2016 - 20:15:19: [playercommands.smx] "dddddddddddddddd<184><[U:1:163892789]><>" renamed "]]]]]]]]]]]]<194><[U:1:55437863]><>" to "]]]]]]]]]]]]")
L 01/28/2016 - 20:15:19: [playercommands.smx] "dddddddddddddddd<184><[U:1:163892789]><>" renamed "ppppppppp<193><[U:1:101441553]><>" to "ppppppppp")
L 01/28/2016 - 20:15:19: [playercommands.smx] "dddddddddddddddd<184><[U:1:163892789]><>" renamed "dddddddddddddddd<184><[U:1:163892789]><>" to "dddddddddddddddd")
L 01/28/2016 - 20:15:19: [playercommands.smx] "dddddddddddddddd<184><[U:1:163892789]><>" renamed "eeeeeee<192><[U:1:103659976]><>" to "eeeeeee")
L 01/28/2016 - 20:15:19: [playercommands.smx] "dddddddddddddddd<184><[U:1:163892789]><>" renamed "]]]]]]]]]]]]<194><[U:1:55437863]><>" to "]]]]]]]]]]]]")
L 01/28/2016 - 20:15:20: [playercommands.smx] "dddddddddddddddd<184><[U:1:163892789]><>" renamed "ppppppppp<193><[U:1:101441553]><>" to "ppppppppp")
L 01/28/2016 - 20:15:20: [playercommands.smx] "dddddddddddddddd<184><[U:1:163892789]><>" renamed "dddddddddddddddd<184><[U:1:163892789]><>" to "dddddddddddddddd")
L 01/28/2016 - 20:15:20: [playercommands.smx] "dddddddddddddddd<184><[U:1:163892789]><>" renamed "eeeeeee<192><[U:1:103659976]><>" to "eeeeeee")
L 01/28/2016 - 20:15:20: [playercommands.smx] "dddddddddddddddd<184><[U:1:163892789]><>" renamed "]]]]]]]]]]]]<194><[U:1:55437863]><>" to "]]]]]]]]]]]]")
L 01/28/2016 - 20:15:20: [playercommands.smx] "dddddddddddddddd<184><[U:1:163892789]><>" renamed "ppppppppp<193><[U:1:101441553]><>" to "ppppppppp")
L 01/28/2016 - 20:15:20: [playercommands.smx] "dddddddddddddddd<184><[U:1:163892789]><>" renamed "dddddddddddddddd<184><[U:1:163892789]><>" to "dddddddddddddddd")
L 01/28/2016 - 20:15:20: [playercommands.smx] "dddddddddddddddd<184><[U:1:163892789]><>" renamed "eeeeeee<192><[U:1:103659976]><>" to "eeeeeee")
L 01/28/2016 - 20:15:20: [playercommands.smx] "dddddddddddddddd<184><[U:1:163892789]><>" renamed "]]]]]]]]]]]]<194><[U:1:55437863]><>" to "]]]]]]]]]]]]")
L 01/28/2016 - 20:15:20: [playercommands.smx] "dddddddddddddddd<184><[U:1:163892789]><>" renamed "ppppppppp<193><[U:1:101441553]><>" to "ppppppppp")
L 01/28/2016 - 20:15:20: [playercommands.smx] "dddddddddddddddd<184><[U:1:163892789]><>" renamed "dddddddddddddddd<184><[U:1:163892789]><>" to "dddddddddddddddd")
L 01/28/2016 - 20:15:20: [playercommands.smx] "dddddddddddddddd<184><[U:1:163892789]><>" renamed "eeeeeee<192><[U:1:103659976]><>" to "eeeeeee")
L 01/28/2016 - 20:15:20: [playercommands.smx] "dddddddddddddddd<184><[U:1:163892789]><>" renamed "]]]]]]]]]]]]<194><[U:1:55437863]><>" to "]]]]]]]]]]]]")
L 01/28/2016 - 20:15:40: [funcommands.smx] "]]]]]]]]]]]]<194><[U:1:55437863]><>" toggled noclip on "]]]]]]]]]]]]<194><[U:1:55437863]><>"
L 01/28/2016 - 20:15:41: [funcommands.smx] "]]]]]]]]]]]]<194><[U:1:55437863]><>" toggled noclip on "]]]]]]]]]]]]<194><[U:1:55437863]><>"
L 01/28/2016 - 20:15:45: [playercommands.smx] "eeeeeee<192><[U:1:103659976]><>" renamed "eeeeeee<192><[U:1:103659976]><>" to "dick")
L 01/28/2016 - 20:15:47: [playercommands.smx] "dddddddddddddddd<184><[U:1:163892789]><>" renamed "ppppppppp<193><[U:1:101441553]><>" to "ppppppppp")
L 01/28/2016 - 20:15:47: [playercommands.smx] "dddddddddddddddd<184><[U:1:163892789]><>" renamed "dddddddddddddddd<184><[U:1:163892789]><>" to "dddddddddddddddd")
L 01/28/2016 - 20:15:47: [playercommands.smx] "dddddddddddddddd<184><[U:1:163892789]><>" renamed "dick<192><[U:1:103659976]><>" to "cick")
L 01/28/2016 - 20:15:47: [playercommands.smx] "dddddddddddddddd<184><[U:1:163892789]><>" renamed "]]]]]]]]]]]]<194><[U:1:55437863]><>" to "]]]]]]]]]]]]")
L 01/28/2016 - 20:15:47: [playercommands.smx] "dddddddddddddddd<184><[U:1:163892789]><>" renamed "ppppppppp<193><[U:1:101441553]><>" to "ppppppppp")
L 01/28/2016 - 20:15:47: [playercommands.smx] "dddddddddddddddd<184><[U:1:163892789]><>" renamed "dddddddddddddddd<184><[U:1:163892789]><>" to "dddddddddddddddd")
L 01/28/2016 - 20:15:47: [playercommands.smx] "dddddddddddddddd<184><[U:1:163892789]><>" renamed "cick<192><[U:1:103659976]><>" to "cick")
L 01/28/2016 - 20:15:47: [playercommands.smx] "dddddddddddddddd<184><[U:1:163892789]><>" renamed "]]]]]]]]]]]]<194><[U:1:55437863]><>" to "]]]]]]]]]]]]")
L 01/28/2016 - 20:15:47: [playercommands.smx] "dddddddddddddddd<184><[U:1:163892789]><>" renamed "ppppppppp<193><[U:1:101441553]><>" to "ppppppppp")
L 01/28/2016 - 20:15:47: [playercommands.smx] "dddddddddddddddd<184><[U:1:163892789]><>" renamed "dddddddddddddddd<184><[U:1:163892789]><>" to "dddddddddddddddd")
L 01/28/2016 - 20:15:47: [playercommands.smx] "dddddddddddddddd<184><[U:1:163892789]><>" renamed "cick<192><[U:1:103659976]><>" to "icic")
L 01/28/2016 - 20:15:47: [playercommands.smx] "dddddddddddddddd<184><[U:1:163892789]><>" renamed "]]]]]]]]]]]]<194><[U:1:55437863]><>" to "]]]]]]]]]]]]")
L 01/28/2016 - 20:15:47: [playercommands.smx] "dddddddddddddddd<184><[U:1:163892789]><>" renamed "ppppppppp<193><[U:1:101441553]><>" to "ppppppppp")
L 01/28/2016 - 20:15:47: [playercommands.smx] "dddddddddddddddd<184><[U:1:163892789]><>" renamed "dddddddddddddddd<184><[U:1:163892789]><>" to "dddddddddddddddd")
L 01/28/2016 - 20:15:47: [playercommands.smx] "dddddddddddddddd<184><[U:1:163892789]><>" renamed "icic<192><[U:1:103659976]><>" to "ccci")
L 01/28/2016 - 20:15:47: [playercommands.smx] "dddddddddddddddd<184><[U:1:163892789]><>" renamed "]]]]]]]]]]]]<194><[U:1:55437863]><>" to "]]]]]]]]]]]]")
L 01/28/2016 - 20:15:48: [playercommands.smx] "dddddddddddddddd<184><[U:1:163892789]><>" renamed "ppppppppp<193><[U:1:101441553]><>" to "ppppppppp")
L 01/28/2016 - 20:15:48: [playercommands.smx] "dddddddddddddddd<184><[U:1:163892789]><>" renamed "dddddddddddddddd<184><[U:1:163892789]><>" to "dddddddddddddddd")
L 01/28/2016 - 20:15:48: [playercommands.smx] "dddddddddddddddd<184><[U:1:163892789]><>" renamed "ccci<192><[U:1:103659976]><>" to "icci")
L 01/28/2016 - 20:15:48: [playercommands.smx] "dddddddddddddddd<184><[U:1:163892789]><>" renamed "]]]]]]]]]]]]<194><[U:1:55437863]><>" to "]]]]]]]]]]]]")
L 01/28/2016 - 20:15:48: [playercommands.smx] "dddddddddddddddd<184><[U:1:163892789]><>" renamed "ppppppppp<193><[U:1:101441553]><>" to "ppppppppp")
L 01/28/2016 - 20:15:48: [playercommands.smx] "dddddddddddddddd<184><[U:1:163892789]><>" renamed "dddddddddddddddd<184><[U:1:163892789]><>" to "dddddddddddddddd")
L 01/28/2016 - 20:15:48: [playercommands.smx] "dddddddddddddddd<184><[U:1:163892789]><>" renamed "icci<192><[U:1:103659976]><>" to "ccci")
L 01/28/2016 - 20:15:48: [playercommands.smx] "dddddddddddddddd<184><[U:1:163892789]><>" renamed "]]]]]]]]]]]]<194><[U:1:55437863]><>" to "]]]]]]]]]]]]")
L 01/28/2016 - 20:15:48: [playercommands.smx] "dddddddddddddddd<184><[U:1:163892789]><>" renamed "ppppppppp<193><[U:1:101441553]><>" to "ppppppppp")
L 01/28/2016 - 20:15:48: [playercommands.smx] "dddddddddddddddd<184><[U:1:163892789]><>" renamed "dddddddddddddddd<184><[U:1:163892789]><>" to "dddddddddddddddd")
L 01/28/2016 - 20:15:48: [playercommands.smx] "dddddddddddddddd<184><[U:1:163892789]><>" renamed "ccci<192><[U:1:103659976]><>" to "ccci")
L 01/28/2016 - 20:15:48: [playercommands.smx] "dddddddddddddddd<184><[U:1:163892789]><>" renamed "]]]]]]]]]]]]<194><[U:1:55437863]><>" to "]]]]]]]]]]]]")
L 01/28/2016 - 20:15:48: [playercommands.smx] "dddddddddddddddd<184><[U:1:163892789]><>" renamed "ppppppppp<193><[U:1:101441553]><>" to "ppppppppp")
L 01/28/2016 - 20:15:48: [playercommands.smx] "dddddddddddddddd<184><[U:1:163892789]><>" renamed "dddddddddddddddd<184><[U:1:163892789]><>" to "dddddddddddddddd")
L 01/28/2016 - 20:15:48: [playercommands.smx] "dddddddddddddddd<184><[U:1:163892789]><>" renamed "ccci<192><[U:1:103659976]><>" to "cccc")
L 01/28/2016 - 20:15:48: [playercommands.smx] "dddddddddddddddd<184><[U:1:163892789]><>" renamed "]]]]]]]]]]]]<194><[U:1:55437863]><>" to "]]]]]]]]]]]]")
L 01/28/2016 - 20:15:48: [playercommands.smx] "dddddddddddddddd<184><[U:1:163892789]><>" renamed "ppppppppp<193><[U:1:101441553]><>" to "ppppppppp")
L 01/28/2016 - 20:15:48: [playercommands.smx] "dddddddddddddddd<184><[U:1:163892789]><>" renamed "dddddddddddddddd<184><[U:1:163892789]><>" to "dddddddddddddddd")
L 01/28/2016 - 20:15:48: [playercommands.smx] "dddddddddddddddd<184><[U:1:163892789]><>" renamed "cccc<192><[U:1:103659976]><>" to "cccc")
L 01/28/2016 - 20:15:48: [playercommands.smx] "dddddddddddddddd<184><[U:1:163892789]><>" renamed "]]]]]]]]]]]]<194><[U:1:55437863]><>" to "]]]]]]]]]]]]")
L 01/28/2016 - 20:15:48: [playercommands.smx] "dddddddddddddddd<184><[U:1:163892789]><>" renamed "ppppppppp<193><[U:1:101441553]><>" to "ppppppppp")
L 01/28/2016 - 20:15:48: [playercommands.smx] "dddddddddddddddd<184><[U:1:163892789]><>" renamed "dddddddddddddddd<184><[U:1:163892789]><>" to "dddddddddddddddd")
L 01/28/2016 - 20:15:48: [playercommands.smx] "dddddddddddddddd<184><[U:1:163892789]><>" renamed "cccc<192><[U:1:103659976]><>" to "cccc")
L 01/28/2016 - 20:15:48: [playercommands.smx] "dddddddddddddddd<184><[U:1:163892789]><>" renamed "]]]]]]]]]]]]<194><[U:1:55437863]><>" to "]]]]]]]]]]]]")
L 01/28/2016 - 20:15:50: [funcommands.smx] "]]]]]]]]]]]]<194><[U:1:55437863]><>" toggled noclip on "ppppppppp<193><[U:1:101441553]><>"
L 01/28/2016 - 20:15:55: [funcommands.smx] "]]]]]]]]]]]]<194><[U:1:55437863]><>" toggled noclip on "ppppppppp<193><[U:1:101441553]><>"
L 01/28/2016 - 20:16:11: [playercommands.smx] "Cancer memes<184><[U:1:163892789]><>" renamed "ppppppppp<193><[U:1:101441553]><>" to "ppppppppp")
L 01/28/2016 - 20:16:11: [playercommands.smx] "Cancer memes<184><[U:1:163892789]><>" renamed "Cancer memes<184><[U:1:163892789]><>" to "mmeemrscseea")
L 01/28/2016 - 20:16:11: [playercommands.smx] "mmeemrscseea<184><[U:1:163892789]><>" renamed "cccc<192><[U:1:103659976]><>" to "cccc")
L 01/28/2016 - 20:16:11: [playercommands.smx] "mmeemrscseea<184><[U:1:163892789]><>" renamed "]]]]]]]]]]]]<194><[U:1:55437863]><>" to "]]]]]]]]]]]]")
L 01/28/2016 - 20:16:11: [playercommands.smx] "mmeemrscseea<184><[U:1:163892789]><>" renamed "ppppppppp<193><[U:1:101441553]><>" to "ppppppppp")
L 01/28/2016 - 20:16:11: [playercommands.smx] "mmeemrscseea<184><[U:1:163892789]><>" renamed "mmeemrscseea<184><[U:1:163892789]><>" to "ccceaeamrmme")
L 01/28/2016 - 20:16:11: [playercommands.smx] "ccceaeamrmme<184><[U:1:163892789]><>" renamed "cccc<192><[U:1:103659976]><>" to "cccc")
L 01/28/2016 - 20:16:11: [playercommands.smx] "ccceaeamrmme<184><[U:1:163892789]><>" renamed "]]]]]]]]]]]]<194><[U:1:55437863]><>" to "]]]]]]]]]]]]")
L 01/28/2016 - 20:16:11: [playercommands.smx] "ccceaeamrmme<184><[U:1:163892789]><>" renamed "ppppppppp<193><[U:1:101441553]><>" to "ppppppppp")
L 01/28/2016 - 20:16:11: [playercommands.smx] "ccceaeamrmme<184><[U:1:163892789]><>" renamed "ccceaeamrmme<184><[U:1:163892789]><>" to "mcecmcemamre")
L 01/28/2016 - 20:16:11: [playercommands.smx] "mcecmcemamre<184><[U:1:163892789]><>" renamed "cccc<192><[U:1:103659976]><>" to "cccc")
L 01/28/2016 - 20:16:11: [playercommands.smx] "mcecmcemamre<184><[U:1:163892789]><>" renamed "]]]]]]]]]]]]<194><[U:1:55437863]><>" to "]]]]]]]]]]]]")
L 01/28/2016 - 20:16:11: [playercommands.smx] "mcecmcemamre<184><[U:1:163892789]><>" renamed "ppppppppp<193><[U:1:101441553]><>" to "ppppppppp")
L 01/28/2016 - 20:16:11: [playercommands.smx] "mcecmcemamre<184><[U:1:163892789]><>" renamed "mcecmcemamre<184><[U:1:163892789]><>" to "eecmmeecmecc")
L 01/28/2016 - 20:16:11: [playercommands.smx] "eecmmeecmecc<184><[U:1:163892789]><>" renamed "cccc<192><[U:1:103659976]><>" to "cccc")
L 01/28/2016 - 20:16:11: [playercommands.smx] "eecmmeecmecc<184><[U:1:163892789]><>" renamed "]]]]]]]]]]]]<194><[U:1:55437863]><>" to "]]]]]]]]]]]]")
L 01/28/2016 - 20:16:11: [playercommands.smx] "eecmmeecmecc<184><[U:1:163892789]><>" renamed "ppppppppp<193><[U:1:101441553]><>" to "ppppppppp")
L 01/28/2016 - 20:16:11: [playercommands.smx] "eecmmeecmecc<184><[U:1:163892789]><>" renamed "eecmmeecmecc<184><[U:1:163892789]><>" to "cceeeeeeecem")
L 01/28/2016 - 20:16:11: [playercommands.smx] "cceeeeeeecem<184><[U:1:163892789]><>" renamed "cccc<192><[U:1:103659976]><>" to "cccc")
L 01/28/2016 - 20:16:11: [playercommands.smx] "cceeeeeeecem<184><[U:1:163892789]><>" renamed "]]]]]]]]]]]]<194><[U:1:55437863]><>" to "]]]]]]]]]]]]")
L 01/28/2016 - 20:16:11: [playercommands.smx] "cceeeeeeecem<184><[U:1:163892789]><>" renamed "ppppppppp<193><[U:1:101441553]><>" to "ppppppppp")
L 01/28/2016 - 20:16:11: [playercommands.smx] "cceeeeeeecem<184><[U:1:163892789]><>" renamed "cceeeeeeecem<184><[U:1:163892789]><>" to "eeeeeeecceee")
L 01/28/2016 - 20:16:11: [playercommands.smx] "eeeeeeecceee<184><[U:1:163892789]><>" renamed "cccc<192><[U:1:103659976]><>" to "cccc")
L 01/28/2016 - 20:16:11: [playercommands.smx] "eeeeeeecceee<184><[U:1:163892789]><>" renamed "]]]]]]]]]]]]<194><[U:1:55437863]><>" to "]]]]]]]]]]]]")
L 01/28/2016 - 20:16:12: [playercommands.smx] "eeeeeeecceee<184><[U:1:163892789]><>" renamed "ppppppppp<193><[U:1:101441553]><>" to "ppppppppp")
L 01/28/2016 - 20:16:12: [playercommands.smx] "eeeeeeecceee<184><[U:1:163892789]><>" renamed "eeeeeeecceee<184><[U:1:163892789]><>" to "eeceeceeeeee")
L 01/28/2016 - 20:16:12: [playercommands.smx] "eeceeceeeeee<184><[U:1:163892789]><>" renamed "cccc<192><[U:1:103659976]><>" to "cccc")
L 01/28/2016 - 20:16:12: [playercommands.smx] "eeceeceeeeee<184><[U:1:163892789]><>" renamed "]]]]]]]]]]]]<194><[U:1:55437863]><>" to "]]]]]]]]]]]]")
L 01/28/2016 - 20:16:12: [playercommands.smx] "eeceeceeeeee<184><[U:1:163892789]><>" renamed "ppppppppp<193><[U:1:101441553]><>" to "ppppppppp")
L 01/28/2016 - 20:16:12: [playercommands.smx] "eeceeceeeeee<184><[U:1:163892789]><>" renamed "eeceeceeeeee<184><[U:1:163892789]><>" to "cceeceeeeeee")
L 01/28/2016 - 20:16:12: [playercommands.smx] "cceeceeeeeee<184><[U:1:163892789]><>" renamed "cccc<192><[U:1:103659976]><>" to "cccc")
L 01/28/2016 - 20:16:12: [playercommands.smx] "cceeceeeeeee<184><[U:1:163892789]><>" renamed "]]]]]]]]]]]]<194><[U:1:55437863]><>" to "]]]]]]]]]]]]")
L 01/28/2016 - 20:16:12: [playercommands.smx] "cceeceeeeeee<184><[U:1:163892789]><>" renamed "ppppppppp<193><[U:1:101441553]><>" to "ppppppppp")
L 01/28/2016 - 20:16:12: [playercommands.smx] "cceeceeeeeee<184><[U:1:163892789]><>" renamed "cceeceeeeeee<184><[U:1:163892789]><>" to "eeeeeeeeeece")
L 01/28/2016 - 20:16:12: [playercommands.smx] "eeeeeeeeeece<184><[U:1:163892789]><>" renamed "cccc<192><[U:1:103659976]><>" to "cccc")
L 01/28/2016 - 20:16:12: [playercommands.smx] "eeeeeeeeeece<184><[U:1:163892789]><>" renamed "]]]]]]]]]]]]<194><[U:1:55437863]><>" to "]]]]]]]]]]]]")
L 01/28/2016 - 20:16:12: [playercommands.smx] "eeeeeeeeeece<184><[U:1:163892789]><>" renamed "ppppppppp<193><[U:1:101441553]><>" to "ppppppppp")
L 01/28/2016 - 20:16:12: [playercommands.smx] "eeeeeeeeeece<184><[U:1:163892789]><>" renamed "eeeeeeeeeece<184><[U:1:163892789]><>" to "eeeeceeeeeee")
L 01/28/2016 - 20:16:12: [playercommands.smx] "eeeeceeeeeee<184><[U:1:163892789]><>" renamed "cccc<192><[U:1:103659976]><>" to "cccc")
L 01/28/2016 - 20:16:12: [playercommands.smx] "eeeeceeeeeee<184><[U:1:163892789]><>" renamed "]]]]]]]]]]]]<194><[U:1:55437863]><>" to "]]]]]]]]]]]]")
L 01/28/2016 - 20:16:12: [playercommands.smx] "eeeeceeeeeee<184><[U:1:163892789]><>" renamed "ppppppppp<193><[U:1:101441553]><>" to "ppppppppp")
L 01/28/2016 - 20:16:12: [playercommands.smx] "eeeeceeeeeee<184><[U:1:163892789]><>" renamed "eeeeceeeeeee<184><[U:1:163892789]><>" to "eeeeeeeeeeee")
L 01/28/2016 - 20:16:12: [playercommands.smx] "eeeeeeeeeeee<184><[U:1:163892789]><>" renamed "cccc<192><[U:1:103659976]><>" to "cccc")
L 01/28/2016 - 20:16:12: [playercommands.smx] "eeeeeeeeeeee<184><[U:1:163892789]><>" renamed "]]]]]]]]]]]]<194><[U:1:55437863]><>" to "]]]]]]]]]]]]")
L 01/28/2016 - 20:16:12: [playercommands.smx] "eeeeeeeeeeee<184><[U:1:163892789]><>" renamed "ppppppppp<193><[U:1:101441553]><>" to "ppppppppp")
L 01/28/2016 - 20:16:12: [playercommands.smx] "eeeeeeeeeeee<184><[U:1:163892789]><>" renamed "eeeeeeeeeeee<184><[U:1:163892789]><>" to "eeeeeeeeeeee")
L 01/28/2016 - 20:16:12: [playercommands.smx] "eeeeeeeeeeee<184><[U:1:163892789]><>" renamed "cccc<192><[U:1:103659976]><>" to "cccc")
L 01/28/2016 - 20:16:12: [playercommands.smx] "eeeeeeeeeeee<184><[U:1:163892789]><>" renamed "]]]]]]]]]]]]<194><[U:1:55437863]><>" to "]]]]]]]]]]]]")
L 01/28/2016 - 20:16:12: [playercommands.smx] "eeeeeeeeeeee<184><[U:1:163892789]><>" renamed "ppppppppp<193><[U:1:101441553]><>" to "ppppppppp")
L 01/28/2016 - 20:16:12: [playercommands.smx] "eeeeeeeeeeee<184><[U:1:163892789]><>" renamed "eeeeeeeeeeee<184><[U:1:163892789]><>" to "eeeeeeeeeeee")
L 01/28/2016 - 20:16:12: [playercommands.smx] "eeeeeeeeeeee<184><[U:1:163892789]><>" renamed "cccc<192><[U:1:103659976]><>" to "cccc")
L 01/28/2016 - 20:16:12: [playercommands.smx] "eeeeeeeeeeee<184><[U:1:163892789]><>" renamed "]]]]]]]]]]]]<194><[U:1:55437863]><>" to "]]]]]]]]]]]]")
L 01/28/2016 - 20:16:13: [playercommands.smx] "eeeeeeeeeeee<184><[U:1:163892789]><>" renamed "ppppppppp<193><[U:1:101441553]><>" to "ppppppppp")
L 01/28/2016 - 20:16:13: [playercommands.smx] "eeeeeeeeeeee<184><[U:1:163892789]><>" renamed "eeeeeeeeeeee<184><[U:1:163892789]><>" to "eeeeeeeeeeee")
L 01/28/2016 - 20:16:13: [playercommands.smx] "eeeeeeeeeeee<184><[U:1:163892789]><>" renamed "cccc<192><[U:1:103659976]><>" to "cccc")
L 01/28/2016 - 20:16:13: [playercommands.smx] "eeeeeeeeeeee<184><[U:1:163892789]><>" renamed "]]]]]]]]]]]]<194><[U:1:55437863]><>" to "]]]]]]]]]]]]")
L 01/28/2016 - 20:16:13: [playercommands.smx] "eeeeeeeeeeee<184><[U:1:163892789]><>" renamed "ppppppppp<193><[U:1:101441553]><>" to "ppppppppp")
L 01/28/2016 - 20:16:13: [playercommands.smx] "eeeeeeeeeeee<184><[U:1:163892789]><>" renamed "eeeeeeeeeeee<184><[U:1:163892789]><>" to "eeeeeeeeeeee")
L 01/28/2016 - 20:16:13: [playercommands.smx] "eeeeeeeeeeee<184><[U:1:163892789]><>" renamed "cccc<192><[U:1:103659976]><>" to "cccc")
L 01/28/2016 - 20:16:13: [playercommands.smx] "eeeeeeeeeeee<184><[U:1:163892789]><>" renamed "]]]]]]]]]]]]<194><[U:1:55437863]><>" to "]]]]]]]]]]]]")
L 01/28/2016 - 20:16:22: [playercommands.smx] "eeeeeeeeeeee<184><[U:1:163892789]><>" slapped "cccc<192><[U:1:103659976]><>" (damage "99")
L 01/28/2016 - 20:16:42: [funvotes.smx] "eeeeeeeeeeee<184><[U:1:163892789]><>" initiated a burn vote against "]]]]]]]]]]]]<194><[U:1:55437863]><>"
L 01/28/2016 - 20:17:02: [funvotes.smx] Vote burn successful, igniting "]]]]]]]]]]]]<194><[U:1:55437863]><>"
L 01/28/2016 - 20:17:15: [advcommands.smx] "eeeeeeeeeeee<184><[U:1:163892789]><>" set health of player "eeeeeeeeeeee<184><[U:1:163892789]><>" to 1000000
L 01/28/2016 - 20:17:20: [AdvancedInfiniteAmmo.smx] "eeeeeeeeeeee<184><[U:1:163892789]><>" Enabled Advanced Infinite Ammo for  "eeeeeeeeeeee<184><[U:1:163892789]><>"
L 01/28/2016 - 20:17:20: [advcommands.smx] "]]]]]]]]]]]]<194><[U:1:55437863]><>" set health of player "]]]]]]]]]]]]<194><[U:1:55437863]><>" to 9999999
L 01/28/2016 - 20:18:45: [AdvancedInfiniteAmmo.smx] "cccc<192><[U:1:103659976]><>" Advanced Infinite Ammo enabled for "cccc<192><[U:1:103659976]><>" for 9999999.000000 Seconds
L 01/28/2016 - 20:19:13: [advcommands.smx] "cccc<192><[U:1:103659976]><>" set health of player "cccc<192><[U:1:103659976]><>" to 999999999
L 01/28/2016 - 20:19:17: [advcommands.smx] "]]]]]]]]]]]]<194><[U:1:55437863]><>" set health of player "]]]]]]]]]]]]<194><[U:1:55437863]><>" to 99999
L 01/28/2016 - 20:19:22: [AdvancedInfiniteAmmo.smx] "eeeeeeeeeeee<184><[U:1:163892789]><>" Enabled Advanced Infinite Ammo for  "cccc<192><[U:1:103659976]><>"
L 01/28/2016 - 20:20:48: [advcommands.smx] "cccc<192><[U:1:103659976]><>" set health of player "cccc<192><[U:1:103659976]><>" to 69696969
L 01/28/2016 - 20:21:22: [playercommands.smx] "eeeeeeeeeeee<184><[U:1:163892789]><>" slayed "]]]]]]]]]]]]<194><[U:1:55437863]><>"
L 01/28/2016 - 20:21:31: [advcommands.smx] "]]]]]]]]]]]]<194><[U:1:55437863]><>" set health of player "]]]]]]]]]]]]<194><[U:1:55437863]><>" to 999999
L 01/28/2016 - 20:22:03: [funcommands.smx] "cccc<192><[U:1:103659976]><>" set gravity on "cccc<192><[U:1:103659976]><>" to 0.100000.
L 01/28/2016 - 20:22:12: [funcommands.smx] "]]]]]]]]]]]]<194><[U:1:55437863]><>" set a beacon on "]]]]]]]]]]]]<194><[U:1:55437863]><>"
L 01/28/2016 - 20:22:31: [sm_evilbeam.smx] "]]]]]]]]]]]]<194><[U:1:55437863]><>" placed an evil beam on "]]]]]]]]]]]]<194><[U:1:55437863]><>"
L 01/28/2016 - 20:22:36: [sm_eviltrail.smx] "]]]]]]]]]]]]<194><[U:1:55437863]><>" added an evil trail to "]]]]]]]]]]]]<194><[U:1:55437863]><>"
L 01/28/2016 - 20:22:43: [sm_evilglow.smx] "]]]]]]]]]]]]<194><[U:1:55437863]><>" added an evil glow to "]]]]]]]]]]]]<194><[U:1:55437863]><>"
L 01/28/2016 - 20:24:39: [advcommands.smx] "Cancer memes<199><[U:1:163892789]><>" set health of player "Cancer memes<199><[U:1:163892789]><>" to 1000000
L 01/28/2016 - 20:24:40: [AdvancedInfiniteAmmo.smx] "Cancer memes<199><[U:1:163892789]><>" Enabled Advanced Infinite Ammo for  "Cancer memes<199><[U:1:163892789]><>"
L 01/28/2016 - 20:27:12: [advcommands.smx] "]]]]]]]]]]]]<194><[U:1:55437863]><>" set health of player "cccc<192><[U:1:103659976]><>" to 1
L 01/28/2016 - 20:27:23: [playercommands.smx] "]]]]]]]]]]]]<194><[U:1:55437863]><>" slayed "cccc<192><[U:1:103659976]><>"
L 01/28/2016 - 20:27:34: [funcommands.smx] "]]]]]]]]]]]]<194><[U:1:55437863]><>" set a TimeBomb on "cccc<192><[U:1:103659976]><>"
L 01/28/2016 - 20:27:50: [funcommands.smx] "]]]]]]]]]]]]<194><[U:1:55437863]><>" set a FreezeBomb on "cccc<192><[U:1:103659976]><>"
L 01/28/2016 - 20:29:02: [advcommands.smx] "Studmuffin (Sprained wrist)<200><[U:1:103659976]><>" set health of player "Studmuffin (Sprained wrist)<200><[U:1:103659976]><>" to -1
L 01/28/2016 - 20:29:11: [advcommands.smx] "Studmuffin (Sprained wrist)<200><[U:1:103659976]><>" set health of player "Studmuffin (Sprained wrist)<200><[U:1:103659976]><>" to -1
L 01/28/2016 - 20:29:25: [advcommands.smx] "Studmuffin (Sprained wrist)<200><[U:1:103659976]><>" set health of player "Studmuffin (Sprained wrist)<200><[U:1:103659976]><>" to 696969696
L 01/28/2016 - 20:29:40: [AdvancedInfiniteAmmo.smx] "Studmuffin (Sprained wrist)<200><[U:1:103659976]><>" Advanced Infinite Ammo enabled for "Studmuffin (Sprained wrist)<200><[U:1:103659976]><>" for 9999999.000000 Seconds
L 01/28/2016 - 20:30:55: [funcommands.smx] "]]]]]]]]]]]]<194><[U:1:55437863]><>" toggled noclip on "]]]]]]]]]]]]<194><[U:1:55437863]><>"
L 01/28/2016 - 20:31:31: [funcommands.smx] "]]]]]]]]]]]]<194><[U:1:55437863]><>" toggled noclip on "]]]]]]]]]]]]<194><[U:1:55437863]><>"
L 01/28/2016 - 20:31:53: [AdvancedInfiniteAmmo.smx] "Studmuffin (Sprained wrist)<200><[U:1:103659976]><>" Advanced Infinite Ammo enabled for "Studmuffin (Sprained wrist)<200><[U:1:103659976]><>" for 9999999.000000 Seconds
L 01/28/2016 - 20:33:12: [playercommands.smx] "Cancer memes<199><[U:1:163892789]><>" renamed "ppppppppp<193><[U:1:101441553]><>" to "ppppppppp")
L 01/28/2016 - 20:33:12: [playercommands.smx] "Cancer memes<199><[U:1:163892789]><>" renamed "Cancer memes<199><[U:1:163892789]><>" to " CCaC nsnr e")
L 01/28/2016 - 20:33:12: [playercommands.smx] " CCaC nsnr e<199><[U:1:163892789]><>" renamed "Studmuffin (Sprained wrist)<200><[U:1:103659976]><>" to "if(arnwdt errrwtt wi upSfii")
L 01/28/2016 - 20:33:12: [playercommands.smx] " CCaC nsnr e<199><[U:1:163892789]><>" renamed "]]]]]]]]]]]]<194><[U:1:55437863]><>" to "]]]]]]]]]]]]")
L 01/28/2016 - 20:33:23: [playercommands.smx] " CCaC nsnr e<199><[U:1:163892789]><>" renamed "ppppppppp<193><[U:1:101441553]><>" to "ppppppppp")
L 01/28/2016 - 20:33:23: [playercommands.smx] " CCaC nsnr e<199><[U:1:163892789]><>" renamed " CCaC nsnr e<199><[U:1:163892789]><>" to " r CC an sC ")
L 01/28/2016 - 20:33:23: [playercommands.smx] " r CC an sC <199><[U:1:163892789]><>" renamed "if(arnwdt errrwtt wi upSfii<200><[U:1:103659976]><>" to "tr(wteiwfSiwfwtnieSfrwtSufw")
L 01/28/2016 - 20:33:23: [playercommands.smx] " r CC an sC <199><[U:1:163892789]><>" renamed "]]]]]]]]]]]]<194><[U:1:55437863]><>" to "]]]]]]]]]]]]")
L 01/28/2016 - 20:36:01: [advcommands.smx] "tr(wteiwfSiwfwtnieSfrwtSufw<200><[U:1:103659976]><>" set health of player "tr(wteiwfSiwfwtnieSfrwtSufw<200><[U:1:103659976]><>" to 696969696
L 01/28/2016 - 20:36:21: [mapchooser.smx] Voting for next map has started.
L 01/28/2016 - 20:36:41: [mapchooser.smx] Voting for next map has finished. Nextmap: surf_tensile.
L 01/28/2016 - 20:37:08: [advcommands.smx] "tr(wteiwfSiwfwtnieSfrwtSufw<200><[U:1:103659976]><>" set health of player "tr(wteiwfSiwfwtnieSfrwtSufw<200><[U:1:103659976]><>" to 696969696
L 01/28/2016 - 21:14:35: [backpack-tf.smx] backpack.tf price list successfully downloaded!
L 01/28/2016 - 22:14:37: [backpack-tf.smx] backpack.tf price list successfully downloaded!
L 01/28/2016 - 23:14:39: [backpack-tf.smx] backpack.tf price list successfully downloaded!
